Start testing: Oct 13 19:52 +08
----------------------------------------------------------
1/3 Testing: copyright
1/3 Test: copyright
Command: "/usr/bin/python3.10" "-u" "/opt/ros/humble/share/ament_cmake_test/cmake/run_test.py" "/home/shengbin/camera_ws/build/image_common/test_results/image_common/copyright.xunit.xml" "--package-name" "image_common" "--output-file" "/home/shengbin/camera_ws/build/image_common/ament_copyright/copyright.txt" "--command" "/opt/ros/humble/bin/ament_copyright" "--xunit-file" "/home/shengbin/camera_ws/build/image_common/test_results/image_common/copyright.xunit.xml"
Directory: /home/shengbin/camera_ws/src/image_common/image_common
"copyright" start time: Oct 13 19:52 +08
Output:
----------------------------------------------------------
-- run_test.py: invoking following command in '/home/shengbin/camera_ws/src/image_common/image_common':
 - /opt/ros/humble/bin/ament_copyright --xunit-file /home/shengbin/camera_ws/build/image_common/test_results/image_common/copyright.xunit.xml
No repository roots and files found
No problems found, checked 0 files
-- run_test.py: return code 0
-- run_test.py: verify result file '/home/shengbin/camera_ws/build/image_common/test_results/image_common/copyright.xunit.xml'
<end of output>
Test time =   0.12 sec
----------------------------------------------------------
Test Passed.
"copyright" end time: Oct 13 19:52 +08
"copyright" time elapsed: 00:00:00
----------------------------------------------------------

2/3 Testing: lint_cmake
2/3 Test: lint_cmake
Command: "/usr/bin/python3.10" "-u" "/opt/ros/humble/share/ament_cmake_test/cmake/run_test.py" "/home/shengbin/camera_ws/build/image_common/test_results/image_common/lint_cmake.xunit.xml" "--package-name" "image_common" "--output-file" "/home/shengbin/camera_ws/build/image_common/ament_lint_cmake/lint_cmake.txt" "--command" "/opt/ros/humble/bin/ament_lint_cmake" "--xunit-file" "/home/shengbin/camera_ws/build/image_common/test_results/image_common/lint_cmake.xunit.xml"
Directory: /home/shengbin/camera_ws/src/image_common/image_common
"lint_cmake" start time: Oct 13 19:52 +08
Output:
----------------------------------------------------------
-- run_test.py: invoking following command in '/home/shengbin/camera_ws/src/image_common/image_common':
 - /opt/ros/humble/bin/ament_lint_cmake --xunit-file /home/shengbin/camera_ws/build/image_common/test_results/image_common/lint_cmake.xunit.xml

No problems found
-- run_test.py: return code 0
-- run_test.py: verify result file '/home/shengbin/camera_ws/build/image_common/test_results/image_common/lint_cmake.xunit.xml'
<end of output>
Test time =   0.10 sec
----------------------------------------------------------
Test Passed.
"lint_cmake" end time: Oct 13 19:52 +08
"lint_cmake" time elapsed: 00:00:00
----------------------------------------------------------

3/3 Testing: xmllint
3/3 Test: xmllint
Command: "/usr/bin/python3.10" "-u" "/opt/ros/humble/share/ament_cmake_test/cmake/run_test.py" "/home/shengbin/camera_ws/build/image_common/test_results/image_common/xmllint.xunit.xml" "--package-name" "image_common" "--output-file" "/home/shengbin/camera_ws/build/image_common/ament_xmllint/xmllint.txt" "--command" "/opt/ros/humble/bin/ament_xmllint" "--xunit-file" "/home/shengbin/camera_ws/build/image_common/test_results/image_common/xmllint.xunit.xml"
Directory: /home/shengbin/camera_ws/src/image_common/image_common
"xmllint" start time: Oct 13 19:52 +08
Output:
----------------------------------------------------------
-- run_test.py: invoking following command in '/home/shengbin/camera_ws/src/image_common/image_common':
 - /opt/ros/humble/bin/ament_xmllint --xunit-file /home/shengbin/camera_ws/build/image_common/test_results/image_common/xmllint.xunit.xml
File 'package.xml' is valid

No problems found
-- run_test.py: return code 0
-- run_test.py: verify result file '/home/shengbin/camera_ws/build/image_common/test_results/image_common/xmllint.xunit.xml'
<end of output>
Test time =   1.35 sec
----------------------------------------------------------
Test Passed.
"xmllint" end time: Oct 13 19:52 +08
"xmllint" time elapsed: 00:00:01
----------------------------------------------------------

End testing: Oct 13 19:52 +08

copyright =   0.12 sec*proc

lint_cmake =   0.10 sec*proc

linter =   1.57 sec*proc

xmllint =   1.35 sec*proc

