<?xml version="1.0" encoding="UTF-8"?>
<Site BuildName="(empty)"
	BuildStamp="20231013-1152-Experimental"
	Name="shengbin-Zenbook-UX3402VA-UX3402VA"
	Generator="ctest-3.22.1"
	CompilerName="/usr/bin/c++"
	CompilerVersion="11.4.0"
	OSName="Linux"
	Hostname="shengbin-Zenbook-UX3402VA-UX3402VA"
	OSRelease="6.2.0-34-generic"
	OSVersion="#34~22.04.1-Ubuntu SMP PREEMPT_DYNAMIC Thu Sep  7 13:12:03 UTC 2"
	OSPlatform="x86_64"
	Is64Bits="1"
	VendorString="GenuineIntel"
	VendorID="Intel Corporation"
	FamilyID="6"
	ModelID="186"
	ProcessorCacheSize="18432"
	NumberOfLogicalCPU="16"
	NumberOfPhysicalCPU="12"
	TotalVirtualMemory="2047"
	TotalPhysicalMemory="15603"
	LogicalProcessorsPerPhysical="1"
	ProcessorClockFrequency="3743.91"
	>
	<Testing>
		<StartDateTime>Oct 13 19:52 +08</StartDateTime>
		<StartTestTime>1697197971</StartTestTime>
		<TestList>
			<Test>./cppcheck</Test>
			<Test>./cpplint</Test>
			<Test>./lint_cmake</Test>
			<Test>./uncrustify</Test>
			<Test>./xmllint</Test>
		</TestList>
		<Test Status="passed">
			<Name>cppcheck</Name>
			<Path>.</Path>
			<FullName>./cppcheck</FullName>
			<FullCommandLine>/usr/bin/python3.10 "-u" "/opt/ros/humble/share/ament_cmake_test/cmake/run_test.py" "/home/shengbin/camera_ws/build/v4l2_camera/test_results/v4l2_camera/cppcheck.xunit.xml" "--package-name" "v4l2_camera" "--output-file" "/home/shengbin/camera_ws/build/v4l2_camera/ament_cppcheck/cppcheck.txt" "--command" "/opt/ros/humble/bin/ament_cppcheck" "--xunit-file" "/home/shengbin/camera_ws/build/v4l2_camera/test_results/v4l2_camera/cppcheck.xunit.xml" "--include_dirs" "/home/shengbin/camera_ws/src/ros2_v4l2_camera/include"</FullCommandLine>
			<Results>
				<NamedMeasurement type="numeric/double" name="Execution Time">
					<Value>0.107144</Value>
				</NamedMeasurement>
				<NamedMeasurement type="numeric/double" name="Processors">
					<Value>1</Value>
				</NamedMeasurement>
				<NamedMeasurement type="text/string" name="Completion Status">
					<Value>Completed</Value>
				</NamedMeasurement>
				<NamedMeasurement type="text/string" name="Command Line">
					<Value>/usr/bin/python3.10 "-u" "/opt/ros/humble/share/ament_cmake_test/cmake/run_test.py" "/home/shengbin/camera_ws/build/v4l2_camera/test_results/v4l2_camera/cppcheck.xunit.xml" "--package-name" "v4l2_camera" "--output-file" "/home/shengbin/camera_ws/build/v4l2_camera/ament_cppcheck/cppcheck.txt" "--command" "/opt/ros/humble/bin/ament_cppcheck" "--xunit-file" "/home/shengbin/camera_ws/build/v4l2_camera/test_results/v4l2_camera/cppcheck.xunit.xml" "--include_dirs" "/home/shengbin/camera_ws/src/ros2_v4l2_camera/include"</Value>
				</NamedMeasurement>
				<NamedMeasurement type="text/string" name="Environment">
					<Value>#CTEST_RESOURCE_GROUP_COUNT=</Value>
				</NamedMeasurement>
				<Measurement>
					<Value>-- run_test.py: invoking following command in '/home/shengbin/camera_ws/src/ros2_v4l2_camera':
 - /opt/ros/humble/bin/ament_cppcheck --xunit-file /home/shengbin/camera_ws/build/v4l2_camera/test_results/v4l2_camera/cppcheck.xunit.xml --include_dirs /home/shengbin/camera_ws/src/ros2_v4l2_camera/include
cppcheck 2.7 has known performance issues and therefore will not be used, set the AMENT_CPPCHECK_ALLOW_SLOW_VERSIONS environment variable to override this.
-- run_test.py: return code 0
-- run_test.py: verify result file '/home/shengbin/camera_ws/build/v4l2_camera/test_results/v4l2_camera/cppcheck.xunit.xml'
</Value>
				</Measurement>
			</Results>
			<Labels>
				<Label>cppcheck</Label>
				<Label>linter</Label>
			</Labels>
		</Test>
		<Test Status="passed">
			<Name>cpplint</Name>
			<Path>.</Path>
			<FullName>./cpplint</FullName>
			<FullCommandLine>/usr/bin/python3.10 "-u" "/opt/ros/humble/share/ament_cmake_test/cmake/run_test.py" "/home/shengbin/camera_ws/build/v4l2_camera/test_results/v4l2_camera/cpplint.xunit.xml" "--package-name" "v4l2_camera" "--output-file" "/home/shengbin/camera_ws/build/v4l2_camera/ament_cpplint/cpplint.txt" "--command" "/opt/ros/humble/bin/ament_cpplint" "--xunit-file" "/home/shengbin/camera_ws/build/v4l2_camera/test_results/v4l2_camera/cpplint.xunit.xml"</FullCommandLine>
			<Results>
				<NamedMeasurement type="numeric/double" name="Execution Time">
					<Value>0.334121</Value>
				</NamedMeasurement>
				<NamedMeasurement type="numeric/double" name="Processors">
					<Value>1</Value>
				</NamedMeasurement>
				<NamedMeasurement type="text/string" name="Completion Status">
					<Value>Completed</Value>
				</NamedMeasurement>
				<NamedMeasurement type="text/string" name="Command Line">
					<Value>/usr/bin/python3.10 "-u" "/opt/ros/humble/share/ament_cmake_test/cmake/run_test.py" "/home/shengbin/camera_ws/build/v4l2_camera/test_results/v4l2_camera/cpplint.xunit.xml" "--package-name" "v4l2_camera" "--output-file" "/home/shengbin/camera_ws/build/v4l2_camera/ament_cpplint/cpplint.txt" "--command" "/opt/ros/humble/bin/ament_cpplint" "--xunit-file" "/home/shengbin/camera_ws/build/v4l2_camera/test_results/v4l2_camera/cpplint.xunit.xml"</Value>
				</NamedMeasurement>
				<NamedMeasurement type="text/string" name="Environment">
					<Value>#CTEST_RESOURCE_GROUP_COUNT=</Value>
				</NamedMeasurement>
				<Measurement>
					<Value>-- run_test.py: invoking following command in '/home/shengbin/camera_ws/src/ros2_v4l2_camera':
 - /opt/ros/humble/bin/ament_cpplint --xunit-file /home/shengbin/camera_ws/build/v4l2_camera/test_results/v4l2_camera/cpplint.xunit.xml
Using '--root=/home/shengbin/camera_ws/src/ros2_v4l2_camera/include' argument

Done processing /home/shengbin/camera_ws/src/ros2_v4l2_camera/include/v4l2_camera/control.hpp

Done processing /home/shengbin/camera_ws/src/ros2_v4l2_camera/include/v4l2_camera/fourcc.hpp

Done processing /home/shengbin/camera_ws/src/ros2_v4l2_camera/include/v4l2_camera/image_format.hpp

Done processing /home/shengbin/camera_ws/src/ros2_v4l2_camera/include/v4l2_camera/parameters.hpp

Done processing /home/shengbin/camera_ws/src/ros2_v4l2_camera/include/v4l2_camera/pixel_format.hpp

Done processing /home/shengbin/camera_ws/src/ros2_v4l2_camera/include/v4l2_camera/v4l2_camera.hpp

Done processing /home/shengbin/camera_ws/src/ros2_v4l2_camera/include/v4l2_camera/v4l2_camera_device.hpp

Done processing /home/shengbin/camera_ws/src/ros2_v4l2_camera/include/v4l2_camera/visibility_control.h

Using '--root=/home/shengbin/camera_ws/src/ros2_v4l2_camera/src' argument

Done processing /home/shengbin/camera_ws/src/ros2_v4l2_camera/src/parameters.cpp

Done processing /home/shengbin/camera_ws/src/ros2_v4l2_camera/src/v4l2_camera.cpp

Done processing /home/shengbin/camera_ws/src/ros2_v4l2_camera/src/v4l2_camera_compose_test.cpp

Done processing /home/shengbin/camera_ws/src/ros2_v4l2_camera/src/v4l2_camera_device.cpp

Done processing /home/shengbin/camera_ws/src/ros2_v4l2_camera/src/v4l2_camera_node.cpp

No problems found
-- run_test.py: return code 0
-- run_test.py: verify result file '/home/shengbin/camera_ws/build/v4l2_camera/test_results/v4l2_camera/cpplint.xunit.xml'
</Value>
				</Measurement>
			</Results>
			<Labels>
				<Label>cpplint</Label>
				<Label>linter</Label>
			</Labels>
		</Test>
		<Test Status="passed">
			<Name>lint_cmake</Name>
			<Path>.</Path>
			<FullName>./lint_cmake</FullName>
			<FullCommandLine>/usr/bin/python3.10 "-u" "/opt/ros/humble/share/ament_cmake_test/cmake/run_test.py" "/home/shengbin/camera_ws/build/v4l2_camera/test_results/v4l2_camera/lint_cmake.xunit.xml" "--package-name" "v4l2_camera" "--output-file" "/home/shengbin/camera_ws/build/v4l2_camera/ament_lint_cmake/lint_cmake.txt" "--command" "/opt/ros/humble/bin/ament_lint_cmake" "--xunit-file" "/home/shengbin/camera_ws/build/v4l2_camera/test_results/v4l2_camera/lint_cmake.xunit.xml"</FullCommandLine>
			<Results>
				<NamedMeasurement type="numeric/double" name="Execution Time">
					<Value>0.100345</Value>
				</NamedMeasurement>
				<NamedMeasurement type="numeric/double" name="Processors">
					<Value>1</Value>
				</NamedMeasurement>
				<NamedMeasurement type="text/string" name="Completion Status">
					<Value>Completed</Value>
				</NamedMeasurement>
				<NamedMeasurement type="text/string" name="Command Line">
					<Value>/usr/bin/python3.10 "-u" "/opt/ros/humble/share/ament_cmake_test/cmake/run_test.py" "/home/shengbin/camera_ws/build/v4l2_camera/test_results/v4l2_camera/lint_cmake.xunit.xml" "--package-name" "v4l2_camera" "--output-file" "/home/shengbin/camera_ws/build/v4l2_camera/ament_lint_cmake/lint_cmake.txt" "--command" "/opt/ros/humble/bin/ament_lint_cmake" "--xunit-file" "/home/shengbin/camera_ws/build/v4l2_camera/test_results/v4l2_camera/lint_cmake.xunit.xml"</Value>
				</NamedMeasurement>
				<NamedMeasurement type="text/string" name="Environment">
					<Value>#CTEST_RESOURCE_GROUP_COUNT=</Value>
				</NamedMeasurement>
				<Measurement>
					<Value>-- run_test.py: invoking following command in '/home/shengbin/camera_ws/src/ros2_v4l2_camera':
 - /opt/ros/humble/bin/ament_lint_cmake --xunit-file /home/shengbin/camera_ws/build/v4l2_camera/test_results/v4l2_camera/lint_cmake.xunit.xml

No problems found
-- run_test.py: return code 0
-- run_test.py: verify result file '/home/shengbin/camera_ws/build/v4l2_camera/test_results/v4l2_camera/lint_cmake.xunit.xml'
</Value>
				</Measurement>
			</Results>
			<Labels>
				<Label>lint_cmake</Label>
				<Label>linter</Label>
			</Labels>
		</Test>
		<Test Status="passed">
			<Name>uncrustify</Name>
			<Path>.</Path>
			<FullName>./uncrustify</FullName>
			<FullCommandLine>/usr/bin/python3.10 "-u" "/opt/ros/humble/share/ament_cmake_test/cmake/run_test.py" "/home/shengbin/camera_ws/build/v4l2_camera/test_results/v4l2_camera/uncrustify.xunit.xml" "--package-name" "v4l2_camera" "--output-file" "/home/shengbin/camera_ws/build/v4l2_camera/ament_uncrustify/uncrustify.txt" "--command" "/opt/ros/humble/bin/ament_uncrustify" "--xunit-file" "/home/shengbin/camera_ws/build/v4l2_camera/test_results/v4l2_camera/uncrustify.xunit.xml"</FullCommandLine>
			<Results>
				<NamedMeasurement type="numeric/double" name="Execution Time">
					<Value>0.131068</Value>
				</NamedMeasurement>
				<NamedMeasurement type="numeric/double" name="Processors">
					<Value>1</Value>
				</NamedMeasurement>
				<NamedMeasurement type="text/string" name="Completion Status">
					<Value>Completed</Value>
				</NamedMeasurement>
				<NamedMeasurement type="text/string" name="Command Line">
					<Value>/usr/bin/python3.10 "-u" "/opt/ros/humble/share/ament_cmake_test/cmake/run_test.py" "/home/shengbin/camera_ws/build/v4l2_camera/test_results/v4l2_camera/uncrustify.xunit.xml" "--package-name" "v4l2_camera" "--output-file" "/home/shengbin/camera_ws/build/v4l2_camera/ament_uncrustify/uncrustify.txt" "--command" "/opt/ros/humble/bin/ament_uncrustify" "--xunit-file" "/home/shengbin/camera_ws/build/v4l2_camera/test_results/v4l2_camera/uncrustify.xunit.xml"</Value>
				</NamedMeasurement>
				<NamedMeasurement type="text/string" name="Environment">
					<Value>#CTEST_RESOURCE_GROUP_COUNT=</Value>
				</NamedMeasurement>
				<Measurement>
					<Value>-- run_test.py: invoking following command in '/home/shengbin/camera_ws/src/ros2_v4l2_camera':
 - /opt/ros/humble/bin/ament_uncrustify --xunit-file /home/shengbin/camera_ws/build/v4l2_camera/test_results/v4l2_camera/uncrustify.xunit.xml
No code style divergence in file 'include/v4l2_camera/control.hpp'

No code style divergence in file 'include/v4l2_camera/fourcc.hpp'

No code style divergence in file 'include/v4l2_camera/image_format.hpp'

No code style divergence in file 'include/v4l2_camera/parameters.hpp'

No code style divergence in file 'include/v4l2_camera/pixel_format.hpp'

No code style divergence in file 'include/v4l2_camera/v4l2_camera.hpp'

No code style divergence in file 'include/v4l2_camera/v4l2_camera_device.hpp'

No code style divergence in file 'include/v4l2_camera/visibility_control.h'

No code style divergence in file 'src/parameters.cpp'

No code style divergence in file 'src/v4l2_camera.cpp'

No code style divergence in file 'src/v4l2_camera_compose_test.cpp'

No code style divergence in file 'src/v4l2_camera_device.cpp'

No code style divergence in file 'src/v4l2_camera_node.cpp'

No problems found
-- run_test.py: return code 0
-- run_test.py: verify result file '/home/shengbin/camera_ws/build/v4l2_camera/test_results/v4l2_camera/uncrustify.xunit.xml'
</Value>
				</Measurement>
			</Results>
			<Labels>
				<Label>linter</Label>
				<Label>uncrustify</Label>
			</Labels>
		</Test>
		<Test Status="passed">
			<Name>xmllint</Name>
			<Path>.</Path>
			<FullName>./xmllint</FullName>
			<FullCommandLine>/usr/bin/python3.10 "-u" "/opt/ros/humble/share/ament_cmake_test/cmake/run_test.py" "/home/shengbin/camera_ws/build/v4l2_camera/test_results/v4l2_camera/xmllint.xunit.xml" "--package-name" "v4l2_camera" "--output-file" "/home/shengbin/camera_ws/build/v4l2_camera/ament_xmllint/xmllint.txt" "--command" "/opt/ros/humble/bin/ament_xmllint" "--xunit-file" "/home/shengbin/camera_ws/build/v4l2_camera/test_results/v4l2_camera/xmllint.xunit.xml"</FullCommandLine>
			<Results>
				<NamedMeasurement type="numeric/double" name="Execution Time">
					<Value>0.509143</Value>
				</NamedMeasurement>
				<NamedMeasurement type="numeric/double" name="Processors">
					<Value>1</Value>
				</NamedMeasurement>
				<NamedMeasurement type="text/string" name="Completion Status">
					<Value>Completed</Value>
				</NamedMeasurement>
				<NamedMeasurement type="text/string" name="Command Line">
					<Value>/usr/bin/python3.10 "-u" "/opt/ros/humble/share/ament_cmake_test/cmake/run_test.py" "/home/shengbin/camera_ws/build/v4l2_camera/test_results/v4l2_camera/xmllint.xunit.xml" "--package-name" "v4l2_camera" "--output-file" "/home/shengbin/camera_ws/build/v4l2_camera/ament_xmllint/xmllint.txt" "--command" "/opt/ros/humble/bin/ament_xmllint" "--xunit-file" "/home/shengbin/camera_ws/build/v4l2_camera/test_results/v4l2_camera/xmllint.xunit.xml"</Value>
				</NamedMeasurement>
				<NamedMeasurement type="text/string" name="Environment">
					<Value>#CTEST_RESOURCE_GROUP_COUNT=</Value>
				</NamedMeasurement>
				<Measurement>
					<Value>-- run_test.py: invoking following command in '/home/shengbin/camera_ws/src/ros2_v4l2_camera':
 - /opt/ros/humble/bin/ament_xmllint --xunit-file /home/shengbin/camera_ws/build/v4l2_camera/test_results/v4l2_camera/xmllint.xunit.xml
File 'package.xml' is valid

No problems found
-- run_test.py: return code 0
-- run_test.py: verify result file '/home/shengbin/camera_ws/build/v4l2_camera/test_results/v4l2_camera/xmllint.xunit.xml'
</Value>
				</Measurement>
			</Results>
			<Labels>
				<Label>linter</Label>
				<Label>xmllint</Label>
			</Labels>
		</Test>
		<EndDateTime>Oct 13 19:52 +08</EndDateTime>
		<EndTestTime>1697197972</EndTestTime>
		<ElapsedMinutes>0</ElapsedMinutes>
	</Testing>
</Site>
