<?xml version="1.0" encoding="UTF-8"?>
<testsuites tests="5" failures="0" disabled="0" errors="0" time="0.001" timestamp="2023-10-13T19:52:42" name="AllTests">
  <testsuite name="ParseYml" tests="5" failures="0" disabled="0" errors="0" time="0.001" timestamp="2023-10-13T19:52:42">
    <testcase name="parse_valid_yml_calib5" status="run" result="completed" time="0" timestamp="2023-10-13T19:52:42" classname="camera_calibration_parsers.ParseYml" />
    <testcase name="parse_valid_yml_calib8" status="run" result="completed" time="0" timestamp="2023-10-13T19:52:42" classname="camera_calibration_parsers.ParseYml" />
    <testcase name="parse_invalid_yml_calib5" status="run" result="completed" time="0.001" timestamp="2023-10-13T19:52:42" classname="camera_calibration_parsers.ParseYml" />
    <testcase name="roundtrip_calib5" status="run" result="completed" time="0" timestamp="2023-10-13T19:52:42" classname="camera_calibration_parsers.ParseYml" />
    <testcase name="roundtrip_calib8" status="run" result="completed" time="0" timestamp="2023-10-13T19:52:42" classname="camera_calibration_parsers.ParseYml" />
  </testsuite>
</testsuites>
