[35m[1mConsolidate compiler generated dependencies of target gtest[0m
[35m[1mConsolidate compiler generated dependencies of target cv_bridge[0m
[35m[1mConsolidate compiler generated dependencies of target gtest_main[0m
failed to create symbolic link '/home/shengbin/camera_ws/build/cv_bridge/ament_cmake_python/cv_bridge/cv_bridge' because existing path cannot be removed: Is a directory
[ 12%] Built target gtest_main
gmake[2]: *** [CMakeFiles/ament_cmake_python_symlink_cv_bridge.dir/build.make:70: CMakeFiles/ament_cmake_python_symlink_cv_bridge] Error 1
gmake[1]: *** [CMakeFiles/Makefile2:193: CMakeFiles/ament_cmake_python_symlink_cv_bridge.dir/all] Error 2
gmake[1]: *** Waiting for unfinished jobs....
[ 43%] Built target cv_bridge
[ 43%] Built target gtest
gmake: *** [Makefile:146: all] Error 2
