Start testing: Oct 13 19:52 +08
----------------------------------------------------------
1/12 Testing: cppcheck
1/12 Test: cppcheck
Command: "/usr/bin/python3.10" "-u" "/opt/ros/humble/share/ament_cmake_test/cmake/run_test.py" "/home/shengbin/camera_ws/build/image_transport/test_results/image_transport/cppcheck.xunit.xml" "--package-name" "image_transport" "--output-file" "/home/shengbin/camera_ws/build/image_transport/ament_cppcheck/cppcheck.txt" "--command" "/opt/ros/humble/bin/ament_cppcheck" "--xunit-file" "/home/shengbin/camera_ws/build/image_transport/test_results/image_transport/cppcheck.xunit.xml" "--language" "c++"
Directory: /home/shengbin/camera_ws/src/image_common/image_transport
"cppcheck" start time: Oct 13 19:52 +08
Output:
----------------------------------------------------------
-- run_test.py: invoking following command in '/home/shengbin/camera_ws/src/image_common/image_transport':
 - /opt/ros/humble/bin/ament_cppcheck --xunit-file /home/shengbin/camera_ws/build/image_transport/test_results/image_transport/cppcheck.xunit.xml --language c++
cppcheck 2.7 has known performance issues and therefore will not be used, set the AMENT_CPPCHECK_ALLOW_SLOW_VERSIONS environment variable to override this.
-- run_test.py: return code 0
-- run_test.py: verify result file '/home/shengbin/camera_ws/build/image_transport/test_results/image_transport/cppcheck.xunit.xml'
<end of output>
Test time =   0.18 sec
----------------------------------------------------------
Test Passed.
"cppcheck" end time: Oct 13 19:52 +08
"cppcheck" time elapsed: 00:00:00
----------------------------------------------------------

2/12 Testing: image_transport-camera_common
2/12 Test: image_transport-camera_common
Command: "/usr/bin/python3.10" "-u" "/opt/ros/humble/share/ament_cmake_test/cmake/run_test.py" "/home/shengbin/camera_ws/build/image_transport/test_results/image_transport/image_transport-camera_common.gtest.xml" "--package-name" "image_transport" "--output-file" "/home/shengbin/camera_ws/build/image_transport/ament_cmake_gtest/image_transport-camera_common.txt" "--command" "/home/shengbin/camera_ws/build/image_transport/image_transport-camera_common" "--gtest_output=xml:/home/shengbin/camera_ws/build/image_transport/test_results/image_transport/image_transport-camera_common.gtest.xml"
Directory: /home/shengbin/camera_ws/build/image_transport
"image_transport-camera_common" start time: Oct 13 19:52 +08
Output:
----------------------------------------------------------
-- run_test.py: invoking following command in '/home/shengbin/camera_ws/build/image_transport':
 - /home/shengbin/camera_ws/build/image_transport/image_transport-camera_common --gtest_output=xml:/home/shengbin/camera_ws/build/image_transport/test_results/image_transport/image_transport-camera_common.gtest.xml
Running main() from /opt/ros/humble/src/gtest_vendor/src/gtest_main.cc
[==========] Running 5 tests from 1 test suite.
[----------] Global test environment set-up.
[----------] 5 tests from CameraCommon
[ RUN      ] CameraCommon.getCameraInfoTopic_namespaced_topic
[       OK ] CameraCommon.getCameraInfoTopic_namespaced_topic (0 ms)
[ RUN      ] CameraCommon.getCameraInfoTopic_topic
[       OK ] CameraCommon.getCameraInfoTopic_topic (0 ms)
[ RUN      ] CameraCommon.getCameraInfoTopic2_slash
[       OK ] CameraCommon.getCameraInfoTopic2_slash (0 ms)
[ RUN      ] CameraCommon.getCameraInfoTopic2_empty
[       OK ] CameraCommon.getCameraInfoTopic2_empty (0 ms)
[ RUN      ] CameraCommon.erase_last_copy
[       OK ] CameraCommon.erase_last_copy (0 ms)
[----------] 5 tests from CameraCommon (0 ms total)

[----------] Global test environment tear-down
[==========] 5 tests from 1 test suite ran. (0 ms total)
[  PASSED  ] 5 tests.
-- run_test.py: return code 0
-- run_test.py: inject classname prefix into gtest result file '/home/shengbin/camera_ws/build/image_transport/test_results/image_transport/image_transport-camera_common.gtest.xml'
-- run_test.py: verify result file '/home/shengbin/camera_ws/build/image_transport/test_results/image_transport/image_transport-camera_common.gtest.xml'
<end of output>
Test time =   0.11 sec
----------------------------------------------------------
Test Passed.
"image_transport-camera_common" end time: Oct 13 19:52 +08
"image_transport-camera_common" time elapsed: 00:00:00
----------------------------------------------------------

3/12 Testing: image_transport-publisher
3/12 Test: image_transport-publisher
Command: "/usr/bin/python3.10" "-u" "/opt/ros/humble/share/ament_cmake_test/cmake/run_test.py" "/home/shengbin/camera_ws/build/image_transport/test_results/image_transport/image_transport-publisher.gtest.xml" "--package-name" "image_transport" "--output-file" "/home/shengbin/camera_ws/build/image_transport/ament_cmake_gtest/image_transport-publisher.txt" "--command" "/home/shengbin/camera_ws/build/image_transport/image_transport-publisher" "--gtest_output=xml:/home/shengbin/camera_ws/build/image_transport/test_results/image_transport/image_transport-publisher.gtest.xml"
Directory: /home/shengbin/camera_ws/build/image_transport
"image_transport-publisher" start time: Oct 13 19:52 +08
Output:
----------------------------------------------------------
-- run_test.py: invoking following command in '/home/shengbin/camera_ws/build/image_transport':
 - /home/shengbin/camera_ws/build/image_transport/image_transport-publisher --gtest_output=xml:/home/shengbin/camera_ws/build/image_transport/test_results/image_transport/image_transport-publisher.gtest.xml
[==========] Running 4 tests from 1 test suite.
[----------] Global test environment set-up.
[----------] 4 tests from TestPublisher
[ RUN      ] TestPublisher.Publisher
1697197962.408223 [232] image_tran: selected interface "lo" is not multicast-capable: disabling multicast
[FATAL] [1697197962.501028825] [image_transport]: Call to publish() on an invalid image_transport::Publisher
[FATAL] [1697197962.501088021] [image_transport]: Call to publish() on an invalid image_transport::Publisher
[       OK ] TestPublisher.Publisher (411 ms)
[ RUN      ] TestPublisher.ImageTransportPublisher
1697197962.817548 [232] image_tran: selected interface "lo" is not multicast-capable: disabling multicast
[       OK ] TestPublisher.ImageTransportPublisher (308 ms)
[ RUN      ] TestPublisher.CameraPublisher
1697197963.125412 [232] image_tran: selected interface "lo" is not multicast-capable: disabling multicast
[FATAL] [1697197963.133115707] [image_transport]: Call to publish() on an invalid image_transport::CameraPublisher
[FATAL] [1697197963.133146111] [image_transport]: Call to publish() on an invalid image_transport::CameraPublisher
[       OK ] TestPublisher.CameraPublisher (207 ms)
[ RUN      ] TestPublisher.ImageTransportCameraPublisher
1697197963.333140 [232] image_tran: selected interface "lo" is not multicast-capable: disabling multicast
[       OK ] TestPublisher.ImageTransportCameraPublisher (312 ms)
[----------] 4 tests from TestPublisher (1238 ms total)

[----------] Global test environment tear-down
[==========] 4 tests from 1 test suite ran. (1238 ms total)
[  PASSED  ] 4 tests.
-- run_test.py: return code 0
-- run_test.py: inject classname prefix into gtest result file '/home/shengbin/camera_ws/build/image_transport/test_results/image_transport/image_transport-publisher.gtest.xml'
-- run_test.py: verify result file '/home/shengbin/camera_ws/build/image_transport/test_results/image_transport/image_transport-publisher.gtest.xml'
<end of output>
Test time =   1.34 sec
----------------------------------------------------------
Test Passed.
"image_transport-publisher" end time: Oct 13 19:52 +08
"image_transport-publisher" time elapsed: 00:00:01
----------------------------------------------------------

4/12 Testing: image_transport-subscriber
4/12 Test: image_transport-subscriber
Command: "/usr/bin/python3.10" "-u" "/opt/ros/humble/share/ament_cmake_test/cmake/run_test.py" "/home/shengbin/camera_ws/build/image_transport/test_results/image_transport/image_transport-subscriber.gtest.xml" "--package-name" "image_transport" "--output-file" "/home/shengbin/camera_ws/build/image_transport/ament_cmake_gtest/image_transport-subscriber.txt" "--command" "/home/shengbin/camera_ws/build/image_transport/image_transport-subscriber" "--gtest_output=xml:/home/shengbin/camera_ws/build/image_transport/test_results/image_transport/image_transport-subscriber.gtest.xml"
Directory: /home/shengbin/camera_ws/build/image_transport
"image_transport-subscriber" start time: Oct 13 19:52 +08
Output:
----------------------------------------------------------
-- run_test.py: invoking following command in '/home/shengbin/camera_ws/build/image_transport':
 - /home/shengbin/camera_ws/build/image_transport/image_transport-subscriber --gtest_output=xml:/home/shengbin/camera_ws/build/image_transport/test_results/image_transport/image_transport-subscriber.gtest.xml
[==========] Running 4 tests from 1 test suite.
[----------] Global test environment set-up.
[----------] 4 tests from TestSubscriber
[ RUN      ] TestSubscriber.construction_and_destruction
1697197963.709996 [232] image_tran: selected interface "lo" is not multicast-capable: disabling multicast
[       OK ] TestSubscriber.construction_and_destruction (310 ms)
[ RUN      ] TestSubscriber.shutdown
1697197964.019944 [232] image_tran: selected interface "lo" is not multicast-capable: disabling multicast
[       OK ] TestSubscriber.shutdown (208 ms)
[ RUN      ] TestSubscriber.camera_sub_shutdown
1697197964.227263 [232] image_tran: selected interface "lo" is not multicast-capable: disabling multicast
[       OK ] TestSubscriber.camera_sub_shutdown (208 ms)
[ RUN      ] TestSubscriber.callback_groups
1697197964.435243 [232] image_tran: selected interface "lo" is not multicast-capable: disabling multicast
[       OK ] TestSubscriber.callback_groups (1348 ms)
[----------] 4 tests from TestSubscriber (2074 ms total)

[----------] Global test environment tear-down
[==========] 4 tests from 1 test suite ran. (2074 ms total)
[  PASSED  ] 4 tests.
-- run_test.py: return code 0
-- run_test.py: inject classname prefix into gtest result file '/home/shengbin/camera_ws/build/image_transport/test_results/image_transport/image_transport-subscriber.gtest.xml'
-- run_test.py: verify result file '/home/shengbin/camera_ws/build/image_transport/test_results/image_transport/image_transport-subscriber.gtest.xml'
<end of output>
Test time =   2.14 sec
----------------------------------------------------------
Test Passed.
"image_transport-subscriber" end time: Oct 13 19:52 +08
"image_transport-subscriber" time elapsed: 00:00:02
----------------------------------------------------------

5/12 Testing: image_transport-message_passing
5/12 Test: image_transport-message_passing
Command: "/usr/bin/python3.10" "-u" "/opt/ros/humble/share/ament_cmake_test/cmake/run_test.py" "/home/shengbin/camera_ws/build/image_transport/test_results/image_transport/image_transport-message_passing.gtest.xml" "--package-name" "image_transport" "--output-file" "/home/shengbin/camera_ws/build/image_transport/ament_cmake_gtest/image_transport-message_passing.txt" "--command" "/home/shengbin/camera_ws/build/image_transport/image_transport-message_passing" "--gtest_output=xml:/home/shengbin/camera_ws/build/image_transport/test_results/image_transport/image_transport-message_passing.gtest.xml"
Directory: /home/shengbin/camera_ws/build/image_transport
"image_transport-message_passing" start time: Oct 13 19:52 +08
Output:
----------------------------------------------------------
-- run_test.py: invoking following command in '/home/shengbin/camera_ws/build/image_transport':
 - /home/shengbin/camera_ws/build/image_transport/image_transport-message_passing --gtest_output=xml:/home/shengbin/camera_ws/build/image_transport/test_results/image_transport/image_transport-message_passing.gtest.xml
[==========] Running 2 tests from 1 test suite.
[----------] Global test environment set-up.
[----------] 2 tests from MessagePassingTesting
[ RUN      ] MessagePassingTesting.one_message_passing
1697197965.851649 [232] image_tran: selected interface "lo" is not multicast-capable: disabling multicast
Waited 0 microseconds for the subscriber to connect to topic '/camera/image'
[       OK ] MessagePassingTesting.one_message_passing (410 ms)
[ RUN      ] MessagePassingTesting.one_camera_message_passing
1697197966.260506 [232] image_tran: selected interface "lo" is not multicast-capable: disabling multicast
Waited 0 microseconds for the subscriber to connect to topic '/camera/image'
[       OK ] MessagePassingTesting.one_camera_message_passing (210 ms)
[----------] 2 tests from MessagePassingTesting (620 ms total)

[----------] Global test environment tear-down
[==========] 2 tests from 1 test suite ran. (620 ms total)
[  PASSED  ] 2 tests.
-- run_test.py: return code 0
-- run_test.py: inject classname prefix into gtest result file '/home/shengbin/camera_ws/build/image_transport/test_results/image_transport/image_transport-message_passing.gtest.xml'
-- run_test.py: verify result file '/home/shengbin/camera_ws/build/image_transport/test_results/image_transport/image_transport-message_passing.gtest.xml'
<end of output>
Test time =   0.68 sec
----------------------------------------------------------
Test Passed.
"image_transport-message_passing" end time: Oct 13 19:52 +08
"image_transport-message_passing" time elapsed: 00:00:00
----------------------------------------------------------

6/12 Testing: image_transport-remapping
6/12 Test: image_transport-remapping
Command: "/usr/bin/python3.10" "-u" "/opt/ros/humble/share/ament_cmake_test/cmake/run_test.py" "/home/shengbin/camera_ws/build/image_transport/test_results/image_transport/image_transport-remapping.gtest.xml" "--package-name" "image_transport" "--output-file" "/home/shengbin/camera_ws/build/image_transport/ament_cmake_gtest/image_transport-remapping.txt" "--command" "/home/shengbin/camera_ws/build/image_transport/image_transport-remapping" "--gtest_output=xml:/home/shengbin/camera_ws/build/image_transport/test_results/image_transport/image_transport-remapping.gtest.xml"
Directory: /home/shengbin/camera_ws/build/image_transport
"image_transport-remapping" start time: Oct 13 19:52 +08
Output:
----------------------------------------------------------
-- run_test.py: invoking following command in '/home/shengbin/camera_ws/build/image_transport':
 - /home/shengbin/camera_ws/build/image_transport/image_transport-remapping --gtest_output=xml:/home/shengbin/camera_ws/build/image_transport/test_results/image_transport/image_transport-remapping.gtest.xml
[==========] Running 1 test from 1 test suite.
[----------] Global test environment set-up.
[----------] 1 test from TestPublisher
[ RUN      ] TestPublisher.RemappedPublisher
1697197966.532281 [232] image_tran: selected interface "lo" is not multicast-capable: disabling multicast
Waited 0 microseconds for the subscriber to connect to topic '/namespace/new_topic'
[       OK ] TestPublisher.RemappedPublisher (407 ms)
[----------] 1 test from TestPublisher (407 ms total)

[----------] Global test environment tear-down
[==========] 1 test from 1 test suite ran. (407 ms total)
[  PASSED  ] 1 test.
-- run_test.py: return code 0
-- run_test.py: inject classname prefix into gtest result file '/home/shengbin/camera_ws/build/image_transport/test_results/image_transport/image_transport-remapping.gtest.xml'
-- run_test.py: verify result file '/home/shengbin/camera_ws/build/image_transport/test_results/image_transport/image_transport-remapping.gtest.xml'
<end of output>
Test time =   0.47 sec
----------------------------------------------------------
Test Passed.
"image_transport-remapping" end time: Oct 13 19:52 +08
"image_transport-remapping" time elapsed: 00:00:00
----------------------------------------------------------

7/12 Testing: image_transport-single_subscriber_publisher
7/12 Test: image_transport-single_subscriber_publisher
Command: "/usr/bin/python3.10" "-u" "/opt/ros/humble/share/ament_cmake_test/cmake/run_test.py" "/home/shengbin/camera_ws/build/image_transport/test_results/image_transport/image_transport-single_subscriber_publisher.gtest.xml" "--package-name" "image_transport" "--output-file" "/home/shengbin/camera_ws/build/image_transport/ament_cmake_gtest/image_transport-single_subscriber_publisher.txt" "--command" "/home/shengbin/camera_ws/build/image_transport/image_transport-single_subscriber_publisher" "--gtest_output=xml:/home/shengbin/camera_ws/build/image_transport/test_results/image_transport/image_transport-single_subscriber_publisher.gtest.xml"
Directory: /home/shengbin/camera_ws/build/image_transport
"image_transport-single_subscriber_publisher" start time: Oct 13 19:52 +08
Output:
----------------------------------------------------------
-- run_test.py: invoking following command in '/home/shengbin/camera_ws/build/image_transport':
 - /home/shengbin/camera_ws/build/image_transport/image_transport-single_subscriber_publisher --gtest_output=xml:/home/shengbin/camera_ws/build/image_transport/test_results/image_transport/image_transport-single_subscriber_publisher.gtest.xml
Running main() from /opt/ros/humble/src/gtest_vendor/src/gtest_main.cc
[==========] Running 2 tests from 1 test suite.
[----------] Global test environment set-up.
[----------] 2 tests from TestPublisher
[ RUN      ] TestPublisher.construction_and_destruction
1697197967.002497 [232] image_tran: selected interface "lo" is not multicast-capable: disabling multicast
[       OK ] TestPublisher.construction_and_destruction (310 ms)
[ RUN      ] TestPublisher.getNumSubscribers
1697197967.312173 [232] image_tran: selected interface "lo" is not multicast-capable: disabling multicast
[       OK ] TestPublisher.getNumSubscribers (211 ms)
[----------] 2 tests from TestPublisher (521 ms total)

[----------] Global test environment tear-down
[==========] 2 tests from 1 test suite ran. (521 ms total)
[  PASSED  ] 2 tests.
-- run_test.py: return code 0
-- run_test.py: inject classname prefix into gtest result file '/home/shengbin/camera_ws/build/image_transport/test_results/image_transport/image_transport-single_subscriber_publisher.gtest.xml'
-- run_test.py: verify result file '/home/shengbin/camera_ws/build/image_transport/test_results/image_transport/image_transport-single_subscriber_publisher.gtest.xml'
<end of output>
Test time =   0.58 sec
----------------------------------------------------------
Test Passed.
"image_transport-single_subscriber_publisher" end time: Oct 13 19:52 +08
"image_transport-single_subscriber_publisher" time elapsed: 00:00:00
----------------------------------------------------------

8/12 Testing: copyright
8/12 Test: copyright
Command: "/usr/bin/python3.10" "-u" "/opt/ros/humble/share/ament_cmake_test/cmake/run_test.py" "/home/shengbin/camera_ws/build/image_transport/test_results/image_transport/copyright.xunit.xml" "--package-name" "image_transport" "--output-file" "/home/shengbin/camera_ws/build/image_transport/ament_copyright/copyright.txt" "--command" "/opt/ros/humble/bin/ament_copyright" "--xunit-file" "/home/shengbin/camera_ws/build/image_transport/test_results/image_transport/copyright.xunit.xml"
Directory: /home/shengbin/camera_ws/src/image_common/image_transport
"copyright" start time: Oct 13 19:52 +08
Output:
----------------------------------------------------------
-- run_test.py: invoking following command in '/home/shengbin/camera_ws/src/image_common/image_transport':
 - /opt/ros/humble/bin/ament_copyright --xunit-file /home/shengbin/camera_ws/build/image_transport/test_results/image_transport/copyright.xunit.xml
No problems found, checked 52 files
-- run_test.py: return code 0
-- run_test.py: verify result file '/home/shengbin/camera_ws/build/image_transport/test_results/image_transport/copyright.xunit.xml'
<end of output>
Test time =   1.05 sec
----------------------------------------------------------
Test Passed.
"copyright" end time: Oct 13 19:52 +08
"copyright" time elapsed: 00:00:01
----------------------------------------------------------

9/12 Testing: cpplint
9/12 Test: cpplint
Command: "/usr/bin/python3.10" "-u" "/opt/ros/humble/share/ament_cmake_test/cmake/run_test.py" "/home/shengbin/camera_ws/build/image_transport/test_results/image_transport/cpplint.xunit.xml" "--package-name" "image_transport" "--output-file" "/home/shengbin/camera_ws/build/image_transport/ament_cpplint/cpplint.txt" "--command" "/opt/ros/humble/bin/ament_cpplint" "--xunit-file" "/home/shengbin/camera_ws/build/image_transport/test_results/image_transport/cpplint.xunit.xml"
Directory: /home/shengbin/camera_ws/src/image_common/image_transport
"cpplint" start time: Oct 13 19:52 +08
Output:
----------------------------------------------------------
-- run_test.py: invoking following command in '/home/shengbin/camera_ws/src/image_common/image_transport':
 - /opt/ros/humble/bin/ament_cpplint --xunit-file /home/shengbin/camera_ws/build/image_transport/test_results/image_transport/cpplint.xunit.xml
Using '--root=/home/shengbin/camera_ws/src/image_common/image_transport/include' argument

Done processing /home/shengbin/camera_ws/src/image_common/image_transport/include/image_transport/camera_common.h

Done processing /home/shengbin/camera_ws/src/image_common/image_transport/include/image_transport/camera_common.hpp

Done processing /home/shengbin/camera_ws/src/image_common/image_transport/include/image_transport/camera_publisher.h

Done processing /home/shengbin/camera_ws/src/image_common/image_transport/include/image_transport/camera_publisher.hpp

Done processing /home/shengbin/camera_ws/src/image_common/image_transport/include/image_transport/camera_subscriber.h

Done processing /home/shengbin/camera_ws/src/image_common/image_transport/include/image_transport/camera_subscriber.hpp

Done processing /home/shengbin/camera_ws/src/image_common/image_transport/include/image_transport/exception.h

Done processing /home/shengbin/camera_ws/src/image_common/image_transport/include/image_transport/exception.hpp

Done processing /home/shengbin/camera_ws/src/image_common/image_transport/include/image_transport/image_transport.h

Done processing /home/shengbin/camera_ws/src/image_common/image_transport/include/image_transport/image_transport.hpp

Done processing /home/shengbin/camera_ws/src/image_common/image_transport/include/image_transport/loader_fwds.h

Done processing /home/shengbin/camera_ws/src/image_common/image_transport/include/image_transport/loader_fwds.hpp

Done processing /home/shengbin/camera_ws/src/image_common/image_transport/include/image_transport/publisher.h

Done processing /home/shengbin/camera_ws/src/image_common/image_transport/include/image_transport/publisher.hpp

Done processing /home/shengbin/camera_ws/src/image_common/image_transport/include/image_transport/publisher_plugin.h

Done processing /home/shengbin/camera_ws/src/image_common/image_transport/include/image_transport/publisher_plugin.hpp

Done processing /home/shengbin/camera_ws/src/image_common/image_transport/include/image_transport/raw_publisher.h

Done processing /home/shengbin/camera_ws/src/image_common/image_transport/include/image_transport/raw_publisher.hpp

Done processing /home/shengbin/camera_ws/src/image_common/image_transport/include/image_transport/raw_subscriber.h

Done processing /home/shengbin/camera_ws/src/image_common/image_transport/include/image_transport/raw_subscriber.hpp

Done processing /home/shengbin/camera_ws/src/image_common/image_transport/include/image_transport/simple_publisher_plugin.h

Done processing /home/shengbin/camera_ws/src/image_common/image_transport/include/image_transport/simple_publisher_plugin.hpp

Done processing /home/shengbin/camera_ws/src/image_common/image_transport/include/image_transport/simple_subscriber_plugin.h

Done processing /home/shengbin/camera_ws/src/image_common/image_transport/include/image_transport/simple_subscriber_plugin.hpp

Done processing /home/shengbin/camera_ws/src/image_common/image_transport/include/image_transport/single_subscriber_publisher.h

Done processing /home/shengbin/camera_ws/src/image_common/image_transport/include/image_transport/single_subscriber_publisher.hpp

Done processing /home/shengbin/camera_ws/src/image_common/image_transport/include/image_transport/subscriber.h

Done processing /home/shengbin/camera_ws/src/image_common/image_transport/include/image_transport/subscriber.hpp

Done processing /home/shengbin/camera_ws/src/image_common/image_transport/include/image_transport/subscriber_filter.h

Done processing /home/shengbin/camera_ws/src/image_common/image_transport/include/image_transport/subscriber_filter.hpp

Done processing /home/shengbin/camera_ws/src/image_common/image_transport/include/image_transport/subscriber_plugin.h

Done processing /home/shengbin/camera_ws/src/image_common/image_transport/include/image_transport/subscriber_plugin.hpp

Done processing /home/shengbin/camera_ws/src/image_common/image_transport/include/image_transport/transport_hints.h

Done processing /home/shengbin/camera_ws/src/image_common/image_transport/include/image_transport/transport_hints.hpp

Done processing /home/shengbin/camera_ws/src/image_common/image_transport/include/image_transport/visibility_control.hpp

Using '--root=/home/shengbin/camera_ws/src/image_common/image_transport/src' argument

Done processing /home/shengbin/camera_ws/src/image_common/image_transport/src/camera_common.cpp

Done processing /home/shengbin/camera_ws/src/image_common/image_transport/src/camera_publisher.cpp

Done processing /home/shengbin/camera_ws/src/image_common/image_transport/src/camera_subscriber.cpp

Done processing /home/shengbin/camera_ws/src/image_common/image_transport/src/image_transport.cpp

Done processing /home/shengbin/camera_ws/src/image_common/image_transport/src/list_transports.cpp

Done processing /home/shengbin/camera_ws/src/image_common/image_transport/src/manifest.cpp

Done processing /home/shengbin/camera_ws/src/image_common/image_transport/src/publisher.cpp

Done processing /home/shengbin/camera_ws/src/image_common/image_transport/src/republish.cpp

Done processing /home/shengbin/camera_ws/src/image_common/image_transport/src/single_subscriber_publisher.cpp

Done processing /home/shengbin/camera_ws/src/image_common/image_transport/src/subscriber.cpp

Using '--root=/home/shengbin/camera_ws/src/image_common/image_transport/test' argument

Done processing /home/shengbin/camera_ws/src/image_common/image_transport/test/test_camera_common.cpp

Done processing /home/shengbin/camera_ws/src/image_common/image_transport/test/test_message_passing.cpp

Done processing /home/shengbin/camera_ws/src/image_common/image_transport/test/test_publisher.cpp

Done processing /home/shengbin/camera_ws/src/image_common/image_transport/test/test_remapping.cpp

Done processing /home/shengbin/camera_ws/src/image_common/image_transport/test/test_single_subscriber_publisher.cpp

Done processing /home/shengbin/camera_ws/src/image_common/image_transport/test/test_subscriber.cpp

Done processing /home/shengbin/camera_ws/src/image_common/image_transport/test/utils.hpp

No problems found
-- run_test.py: return code 0
-- run_test.py: verify result file '/home/shengbin/camera_ws/build/image_transport/test_results/image_transport/cpplint.xunit.xml'
<end of output>
Test time =   0.71 sec
----------------------------------------------------------
Test Passed.
"cpplint" end time: Oct 13 19:52 +08
"cpplint" time elapsed: 00:00:00
----------------------------------------------------------

10/12 Testing: lint_cmake
10/12 Test: lint_cmake
Command: "/usr/bin/python3.10" "-u" "/opt/ros/humble/share/ament_cmake_test/cmake/run_test.py" "/home/shengbin/camera_ws/build/image_transport/test_results/image_transport/lint_cmake.xunit.xml" "--package-name" "image_transport" "--output-file" "/home/shengbin/camera_ws/build/image_transport/ament_lint_cmake/lint_cmake.txt" "--command" "/opt/ros/humble/bin/ament_lint_cmake" "--xunit-file" "/home/shengbin/camera_ws/build/image_transport/test_results/image_transport/lint_cmake.xunit.xml"
Directory: /home/shengbin/camera_ws/src/image_common/image_transport
"lint_cmake" start time: Oct 13 19:52 +08
Output:
----------------------------------------------------------
-- run_test.py: invoking following command in '/home/shengbin/camera_ws/src/image_common/image_transport':
 - /opt/ros/humble/bin/ament_lint_cmake --xunit-file /home/shengbin/camera_ws/build/image_transport/test_results/image_transport/lint_cmake.xunit.xml

No problems found
-- run_test.py: return code 0
-- run_test.py: verify result file '/home/shengbin/camera_ws/build/image_transport/test_results/image_transport/lint_cmake.xunit.xml'
<end of output>
Test time =   0.10 sec
----------------------------------------------------------
Test Passed.
"lint_cmake" end time: Oct 13 19:52 +08
"lint_cmake" time elapsed: 00:00:00
----------------------------------------------------------

11/12 Testing: uncrustify
11/12 Test: uncrustify
Command: "/usr/bin/python3.10" "-u" "/opt/ros/humble/share/ament_cmake_test/cmake/run_test.py" "/home/shengbin/camera_ws/build/image_transport/test_results/image_transport/uncrustify.xunit.xml" "--package-name" "image_transport" "--output-file" "/home/shengbin/camera_ws/build/image_transport/ament_uncrustify/uncrustify.txt" "--command" "/opt/ros/humble/bin/ament_uncrustify" "--xunit-file" "/home/shengbin/camera_ws/build/image_transport/test_results/image_transport/uncrustify.xunit.xml"
Directory: /home/shengbin/camera_ws/src/image_common/image_transport
"uncrustify" start time: Oct 13 19:52 +08
Output:
----------------------------------------------------------
-- run_test.py: invoking following command in '/home/shengbin/camera_ws/src/image_common/image_transport':
 - /opt/ros/humble/bin/ament_uncrustify --xunit-file /home/shengbin/camera_ws/build/image_transport/test_results/image_transport/uncrustify.xunit.xml
No code style divergence in file 'include/image_transport/camera_common.h'

No code style divergence in file 'include/image_transport/camera_common.hpp'

No code style divergence in file 'include/image_transport/camera_publisher.h'

No code style divergence in file 'include/image_transport/camera_publisher.hpp'

No code style divergence in file 'include/image_transport/camera_subscriber.h'

No code style divergence in file 'include/image_transport/camera_subscriber.hpp'

No code style divergence in file 'include/image_transport/exception.h'

No code style divergence in file 'include/image_transport/exception.hpp'

No code style divergence in file 'include/image_transport/image_transport.h'

No code style divergence in file 'include/image_transport/image_transport.hpp'

No code style divergence in file 'include/image_transport/loader_fwds.h'

No code style divergence in file 'include/image_transport/loader_fwds.hpp'

No code style divergence in file 'include/image_transport/publisher.h'

No code style divergence in file 'include/image_transport/publisher.hpp'

No code style divergence in file 'include/image_transport/publisher_plugin.h'

No code style divergence in file 'include/image_transport/publisher_plugin.hpp'

No code style divergence in file 'include/image_transport/raw_publisher.h'

No code style divergence in file 'include/image_transport/raw_publisher.hpp'

No code style divergence in file 'include/image_transport/raw_subscriber.h'

No code style divergence in file 'include/image_transport/raw_subscriber.hpp'

No code style divergence in file 'include/image_transport/simple_publisher_plugin.h'

No code style divergence in file 'include/image_transport/simple_publisher_plugin.hpp'

No code style divergence in file 'include/image_transport/simple_subscriber_plugin.h'

No code style divergence in file 'include/image_transport/simple_subscriber_plugin.hpp'

No code style divergence in file 'include/image_transport/single_subscriber_publisher.h'

No code style divergence in file 'include/image_transport/single_subscriber_publisher.hpp'

No code style divergence in file 'include/image_transport/subscriber.h'

No code style divergence in file 'include/image_transport/subscriber.hpp'

No code style divergence in file 'include/image_transport/subscriber_filter.h'

No code style divergence in file 'include/image_transport/subscriber_filter.hpp'

No code style divergence in file 'include/image_transport/subscriber_plugin.h'

No code style divergence in file 'include/image_transport/subscriber_plugin.hpp'

No code style divergence in file 'include/image_transport/transport_hints.h'

No code style divergence in file 'include/image_transport/transport_hints.hpp'

No code style divergence in file 'include/image_transport/visibility_control.hpp'

No code style divergence in file 'src/camera_common.cpp'

No code style divergence in file 'src/camera_publisher.cpp'

No code style divergence in file 'src/camera_subscriber.cpp'

No code style divergence in file 'src/image_transport.cpp'

No code style divergence in file 'src/list_transports.cpp'

No code style divergence in file 'src/manifest.cpp'

No code style divergence in file 'src/publisher.cpp'

No code style divergence in file 'src/republish.cpp'

No code style divergence in file 'src/single_subscriber_publisher.cpp'

No code style divergence in file 'src/subscriber.cpp'

No code style divergence in file 'test/test_camera_common.cpp'

No code style divergence in file 'test/test_message_passing.cpp'

No code style divergence in file 'test/test_publisher.cpp'

No code style divergence in file 'test/test_remapping.cpp'

No code style divergence in file 'test/test_single_subscriber_publisher.cpp'

No code style divergence in file 'test/test_subscriber.cpp'

No code style divergence in file 'test/utils.hpp'

No problems found
-- run_test.py: return code 0
-- run_test.py: verify result file '/home/shengbin/camera_ws/build/image_transport/test_results/image_transport/uncrustify.xunit.xml'
<end of output>
Test time =   0.16 sec
----------------------------------------------------------
Test Passed.
"uncrustify" end time: Oct 13 19:52 +08
"uncrustify" time elapsed: 00:00:00
----------------------------------------------------------

12/12 Testing: xmllint
12/12 Test: xmllint
Command: "/usr/bin/python3.10" "-u" "/opt/ros/humble/share/ament_cmake_test/cmake/run_test.py" "/home/shengbin/camera_ws/build/image_transport/test_results/image_transport/xmllint.xunit.xml" "--package-name" "image_transport" "--output-file" "/home/shengbin/camera_ws/build/image_transport/ament_xmllint/xmllint.txt" "--command" "/opt/ros/humble/bin/ament_xmllint" "--xunit-file" "/home/shengbin/camera_ws/build/image_transport/test_results/image_transport/xmllint.xunit.xml"
Directory: /home/shengbin/camera_ws/src/image_common/image_transport
"xmllint" start time: Oct 13 19:52 +08
Output:
----------------------------------------------------------
-- run_test.py: invoking following command in '/home/shengbin/camera_ws/src/image_common/image_transport':
 - /opt/ros/humble/bin/ament_xmllint --xunit-file /home/shengbin/camera_ws/build/image_transport/test_results/image_transport/xmllint.xunit.xml
File 'default_plugins.xml' is valid

File 'package.xml' is valid

No problems found
-- run_test.py: return code 0
-- run_test.py: verify result file '/home/shengbin/camera_ws/build/image_transport/test_results/image_transport/xmllint.xunit.xml'
<end of output>
Test time =   0.11 sec
----------------------------------------------------------
Test Passed.
"xmllint" end time: Oct 13 19:52 +08
"xmllint" time elapsed: 00:00:00
----------------------------------------------------------

End testing: Oct 13 19:52 +08

copyright =   1.05 sec*proc

cppcheck =   0.18 sec*proc

cpplint =   0.71 sec*proc

gtest =   5.32 sec*proc

lint_cmake =   0.10 sec*proc

linter =   2.29 sec*proc

uncrustify =   0.16 sec*proc

xmllint =   0.11 sec*proc

