<?xml version="1.0" encoding="UTF-8"?>
<testsuites tests="12" failures="0" disabled="0" errors="0" time="2.323" timestamp="2023-10-13T19:52:42" name="AllTests">
  <testsuite name="PinholeTest" tests="12" failures="0" disabled="0" errors="0" time="2.323" timestamp="2023-10-13T19:52:42">
    <testcase name="accessorsCorrect" status="run" result="completed" time="0" timestamp="2023-10-13T19:52:42" classname="image_geometry.PinholeTest" />
    <testcase name="projectPoint" status="run" result="completed" time="0" timestamp="2023-10-13T19:52:42" classname="image_geometry.PinholeTest" />
    <testcase name="rectifyPoint" status="run" result="completed" time="0.031" timestamp="2023-10-13T19:52:42" classname="image_geometry.PinholeTest" />
    <testcase name="getDeltas" status="run" result="completed" time="0" timestamp="2023-10-13T19:52:42" classname="image_geometry.PinholeTest" />
    <testcase name="initialization" status="run" result="completed" time="0" timestamp="2023-10-13T19:52:42" classname="image_geometry.PinholeTest" />
    <testcase name="rectifyIfCalibrated" status="run" result="completed" time="0.013" timestamp="2023-10-13T19:52:42" classname="image_geometry.PinholeTest" />
    <testcase name="unrectifyImage" status="run" result="completed" time="1.232" timestamp="2023-10-13T19:52:42" classname="image_geometry.PinholeTest" />
    <testcase name="unrectifyImageWithBinning" status="run" result="completed" time="0.331" timestamp="2023-10-13T19:52:43" classname="image_geometry.PinholeTest" />
    <testcase name="unrectifyImageWithRoi" status="run" result="completed" time="0.574" timestamp="2023-10-13T19:52:43" classname="image_geometry.PinholeTest" />
    <testcase name="unrectifyImageWithBinningAndRoi" status="run" result="completed" time="0.142" timestamp="2023-10-13T19:52:44" classname="image_geometry.PinholeTest" />
    <testcase name="rectifiedRoiSize" status="run" result="completed" time="0" timestamp="2023-10-13T19:52:44" classname="image_geometry.PinholeTest" />
    <testcase name="rectifiedRoiCaching" status="run" result="completed" time="0" timestamp="2023-10-13T19:52:44" classname="image_geometry.PinholeTest" />
  </testsuite>
</testsuites>
