[0.066s] Invoking command in '/home/shengbin/camera_ws/build/theora_image_transport': AMENT_PREFIX_PATH=/home/shengbin/camera_ws/install/image_transport:/home/shengbin/camera_ws/install/cv_bridge:${AMENT_PREFIX_PATH} CMAKE_PREFIX_PATH=/home/shengbin/camera_ws/install/image_transport:/home/shengbin/camera_ws/install/cv_bridge:/opt/ros/humble LD_LIBRARY_PATH=/home/shengbin/camera_ws/install/image_transport/lib:/home/shengbin/camera_ws/install/cv_bridge/lib:${LD_LIBRARY_PATH} PYTHONPATH=/home/shengbin/camera_ws/install/cv_bridge/local/lib/python3.10/dist-packages:${PYTHONPATH} /usr/bin/cmake /home/shengbin/camera_ws/src/image_transport_plugins/theora_image_transport -DCMAKE_INSTALL_PREFIX=/home/shengbin/camera_ws/install/theora_image_transport
[0.098s] -- The C compiler identification is GNU 11.4.0
[0.138s] -- The CXX compiler identification is GNU 11.4.0
[0.144s] -- Detecting C compiler ABI info
[0.185s] -- Detecting C compiler ABI info - done
[0.190s] -- Check for working C compiler: /usr/bin/cc - skipped
[0.190s] -- Detecting C compile features
[0.190s] -- Detecting C compile features - done
[0.192s] -- Detecting CXX compiler ABI info
[0.246s] -- Detecting CXX compiler ABI info - done
[0.252s] -- Check for working CXX compiler: /usr/bin/c++ - skipped
[0.252s] -- Detecting CXX compile features
[0.252s] -- Detecting CXX compile features - done
[0.253s] -- Found ament_cmake: 1.3.5 (/opt/ros/humble/share/ament_cmake/cmake)
[0.371s] -- Found Python3: /usr/bin/python3.10 (found version "3.10.12") found components: Interpreter 
[0.432s] -- Found image_transport: 4.5.1 (/home/shengbin/camera_ws/install/image_transport/share/image_transport/cmake)
[0.465s] -- Found rosidl_generator_c: 3.1.5 (/opt/ros/humble/share/rosidl_generator_c/cmake)
[0.468s] -- Found rosidl_adapter: 3.1.5 (/opt/ros/humble/share/rosidl_adapter/cmake)
[0.474s] -- Found rosidl_generator_cpp: 3.1.5 (/opt/ros/humble/share/rosidl_generator_cpp/cmake)
[0.483s] -- Using all available rosidl_typesupport_c: rosidl_typesupport_fastrtps_c;rosidl_typesupport_introspection_c
[0.496s] -- Using all available rosidl_typesupport_cpp: rosidl_typesupport_fastrtps_cpp;rosidl_typesupport_introspection_cpp
[0.546s] -- Found rmw_implementation_cmake: 6.1.1 (/opt/ros/humble/share/rmw_implementation_cmake/cmake)
[0.548s] -- Found rmw_cyclonedds_cpp: 1.3.4 (/opt/ros/humble/share/rmw_cyclonedds_cpp/cmake)
[0.571s] -- Using RMW implementation 'rmw_cyclonedds_cpp' as default
[0.578s] -- Looking for pthread.h
[0.628s] -- Looking for pthread.h - found
[0.629s] -- Performing Test CMAKE_HAVE_LIBC_PTHREAD
[0.682s] -- Performing Test CMAKE_HAVE_LIBC_PTHREAD - Success
[0.682s] -- Found Threads: TRUE  
[0.935s] -- Found cv_bridge: 3.2.1 (/home/shengbin/camera_ws/install/cv_bridge/share/cv_bridge/cmake)
[0.949s] -- Found rosidl_default_generators: 1.2.0 (/opt/ros/humble/share/rosidl_default_generators/cmake)
[0.958s] -- Found OpenCV: /usr (found version "4.5.4") found components: imgproc 
[0.962s] -- Found PkgConfig: /usr/bin/pkg-config (found version "0.29.2") 
[0.963s] -- Checking for module 'ogg'
[0.974s] --   Found ogg, version 1.3.5
[0.996s] -- Checking for module 'theora'
[1.006s] --   Found theora, version 1.1.1
[1.032s] -- Checking for module 'theoraenc'
[1.044s] --   Found theoraenc, version 1.1.1
[1.066s] -- Checking for module 'theoradec'
[1.080s] --   Found theoradec, version 1.1.1
[1.410s] -- Found ament_cmake_cppcheck: 0.12.8 (/opt/ros/humble/share/ament_cmake_cppcheck/cmake)
[1.413s] -- Found ament_cmake_cpplint: 0.12.8 (/opt/ros/humble/share/ament_cmake_cpplint/cmake)
[1.416s] -- Found ament_cmake_uncrustify: 0.12.8 (/opt/ros/humble/share/ament_cmake_uncrustify/cmake)
[1.420s] -- Found ament_cmake_ros: 0.10.0 (/opt/ros/humble/share/ament_cmake_ros/cmake)
[1.971s] -- Using all available rosidl_typesupport_c: rosidl_typesupport_fastrtps_c;rosidl_typesupport_introspection_c
[2.216s] -- Using all available rosidl_typesupport_cpp: rosidl_typesupport_fastrtps_cpp;rosidl_typesupport_introspection_cpp
[2.256s] -- Found PythonInterp: /usr/bin/python3 (found suitable version "3.10.12", minimum required is "3.6") 
[2.259s] -- Found python_cmake_module: 0.10.0 (/opt/ros/humble/share/python_cmake_module/cmake)
[2.305s] -- Found PythonLibs: /usr/lib/x86_64-linux-gnu/libpython3.10.so (found suitable version "3.10.12", minimum required is "3.5") 
[2.305s] -- Using PYTHON_EXECUTABLE: /usr/bin/python3
[2.305s] -- Using PYTHON_INCLUDE_DIRS: /usr/include/python3.10
[2.305s] -- Using PYTHON_LIBRARIES: /usr/lib/x86_64-linux-gnu/libpython3.10.so
[2.340s] -- Found PythonExtra: .so  
[2.420s] -- Found ament_cmake_flake8: 0.12.8 (/opt/ros/humble/share/ament_cmake_flake8/cmake)
[2.424s] -- Found ament_cmake_pep257: 0.12.8 (/opt/ros/humble/share/ament_cmake_pep257/cmake)
[2.437s] -- Configuring done
[2.500s] -- Generating done
[2.505s] -- Build files have been written to: /home/shengbin/camera_ws/build/theora_image_transport
[2.530s] Invoked command in '/home/shengbin/camera_ws/build/theora_image_transport' returned '0': AMENT_PREFIX_PATH=/home/shengbin/camera_ws/install/image_transport:/home/shengbin/camera_ws/install/cv_bridge:${AMENT_PREFIX_PATH} CMAKE_PREFIX_PATH=/home/shengbin/camera_ws/install/image_transport:/home/shengbin/camera_ws/install/cv_bridge:/opt/ros/humble LD_LIBRARY_PATH=/home/shengbin/camera_ws/install/image_transport/lib:/home/shengbin/camera_ws/install/cv_bridge/lib:${LD_LIBRARY_PATH} PYTHONPATH=/home/shengbin/camera_ws/install/cv_bridge/local/lib/python3.10/dist-packages:${PYTHONPATH} /usr/bin/cmake /home/shengbin/camera_ws/src/image_transport_plugins/theora_image_transport -DCMAKE_INSTALL_PREFIX=/home/shengbin/camera_ws/install/theora_image_transport
[2.532s] Invoking command in '/home/shengbin/camera_ws/build/theora_image_transport': AMENT_PREFIX_PATH=/home/shengbin/camera_ws/install/image_transport:/home/shengbin/camera_ws/install/cv_bridge:${AMENT_PREFIX_PATH} CMAKE_PREFIX_PATH=/home/shengbin/camera_ws/install/image_transport:/home/shengbin/camera_ws/install/cv_bridge:/opt/ros/humble LD_LIBRARY_PATH=/home/shengbin/camera_ws/install/image_transport/lib:/home/shengbin/camera_ws/install/cv_bridge/lib:${LD_LIBRARY_PATH} PYTHONPATH=/home/shengbin/camera_ws/install/cv_bridge/local/lib/python3.10/dist-packages:${PYTHONPATH} /usr/bin/cmake --build /home/shengbin/camera_ws/build/theora_image_transport -- -j16 -l16
[2.594s] [  2%] [34m[1mGenerating C code for ROS interfaces[0m
[2.608s] [  5%] [34m[1mGenerating C++ code for ROS interfaces[0m
[2.618s] [  5%] Built target ament_cmake_python_copy_theora_image_transport
[3.063s] running egg_info
[3.064s] creating theora_image_transport.egg-info
[3.064s] writing theora_image_transport.egg-info/PKG-INFO
[3.065s] writing dependency_links to theora_image_transport.egg-info/dependency_links.txt
[3.065s] writing top-level names to theora_image_transport.egg-info/top_level.txt
[3.066s] writing manifest file 'theora_image_transport.egg-info/SOURCES.txt'
[3.070s] reading manifest file 'theora_image_transport.egg-info/SOURCES.txt'
[3.071s] writing manifest file 'theora_image_transport.egg-info/SOURCES.txt'
[3.115s] [  8%] [32mBuilding C object CMakeFiles/theora_image_transport__rosidl_generator_c.dir/rosidl_generator_c/theora_image_transport/msg/detail/packet__functions.c.o[0m
[3.132s] [  8%] Built target ament_cmake_python_build_theora_image_transport_egg
[3.159s] [  8%] Built target theora_image_transport__cpp
[3.174s] [ 10%] [34m[1mGenerating C++ introspection for ROS interfaces[0m
[3.174s] [ 16%] [34m[1mGenerating C++ type support for eProsima Fast-RTPS[0m
[3.174s] [ 16%] [34m[1mGenerating C++ type support dispatch for ROS interfaces[0m
[3.196s] [ 18%] [32m[1mLinking C shared library libtheora_image_transport__rosidl_generator_c.so[0m
[3.249s] [ 18%] Built target theora_image_transport__rosidl_generator_c
[3.265s] [ 21%] [34m[1mGenerating C introspection for ROS interfaces[0m
[3.266s] [ 24%] [34m[1mGenerating C type support dispatch for ROS interfaces[0m
[3.285s] [ 27%] [34m[1mGenerating C type support for eProsima Fast-RTPS[0m
[3.650s] [ 29%] [32mBuilding CXX object CMakeFiles/theora_image_transport__rosidl_typesupport_cpp.dir/rosidl_typesupport_cpp/theora_image_transport/msg/packet__type_support.cpp.o[0m
[3.750s] [ 32%] [32mBuilding CXX object CMakeFiles/theora_image_transport__rosidl_typesupport_introspection_cpp.dir/rosidl_typesupport_introspection_cpp/theora_image_transport/msg/detail/packet__type_support.cpp.o[0m
[3.759s] [ 35%] [32mBuilding C object CMakeFiles/theora_image_transport__rosidl_typesupport_introspection_c.dir/rosidl_typesupport_introspection_c/theora_image_transport/msg/detail/packet__type_support.c.o[0m
[3.772s] [ 37%] [32mBuilding CXX object CMakeFiles/theora_image_transport__rosidl_typesupport_c.dir/rosidl_typesupport_c/theora_image_transport/msg/packet__type_support.cpp.o[0m
[3.793s] [ 40%] [32mBuilding CXX object CMakeFiles/theora_image_transport__rosidl_typesupport_fastrtps_cpp.dir/rosidl_typesupport_fastrtps_cpp/theora_image_transport/msg/detail/dds_fastrtps/packet__type_support.cpp.o[0m
[3.793s] [ 43%] [32mBuilding CXX object CMakeFiles/theora_image_transport__rosidl_typesupport_fastrtps_c.dir/rosidl_typesupport_fastrtps_c/theora_image_transport/msg/detail/packet__type_support_c.cpp.o[0m
[3.816s] [ 45%] [32m[1mLinking C shared library libtheora_image_transport__rosidl_typesupport_introspection_c.so[0m
[3.827s] [ 48%] [32m[1mLinking CXX shared library libtheora_image_transport__rosidl_typesupport_c.so[0m
[3.861s] [ 48%] Built target theora_image_transport__rosidl_typesupport_introspection_c
[3.889s] [ 48%] Built target theora_image_transport__rosidl_typesupport_c
[4.036s] [ 51%] [32m[1mLinking CXX shared library libtheora_image_transport__rosidl_typesupport_cpp.so[0m
[4.095s] [ 51%] Built target theora_image_transport__rosidl_typesupport_cpp
[4.124s] [ 54%] [32mBuilding CXX object CMakeFiles/theora_image_transport_component.dir/src/theora_publisher.cpp.o[0m
[4.124s] [ 56%] [32mBuilding CXX object CMakeFiles/theora_image_transport_component.dir/src/theora_subscriber.cpp.o[0m
[4.124s] [ 59%] [32mBuilding CXX object CMakeFiles/theora_image_transport_component.dir/src/manifest.cpp.o[0m
[4.125s] [ 62%] [32mBuilding CXX object CMakeFiles/ogg_saver.dir/src/ogg_saver.cpp.o[0m
[4.192s] [ 64%] [32m[1mLinking CXX shared library libtheora_image_transport__rosidl_typesupport_introspection_cpp.so[0m
[4.310s] [ 64%] Built target theora_image_transport__rosidl_typesupport_introspection_cpp
[4.333s] [ 67%] [32m[1mLinking CXX shared library libtheora_image_transport__rosidl_typesupport_fastrtps_cpp.so[0m
[4.451s] [ 67%] Built target theora_image_transport__rosidl_typesupport_fastrtps_cpp
[4.458s] [ 70%] [32m[1mLinking CXX shared library libtheora_image_transport__rosidl_typesupport_fastrtps_c.so[0m
[4.538s] [ 70%] Built target theora_image_transport__rosidl_typesupport_fastrtps_c
[4.571s] [ 70%] Built target theora_image_transport
[4.615s] [ 72%] [34m[1mGenerating Python code for ROS interfaces[0m
[5.353s] [ 72%] Built target theora_image_transport__py
[5.384s] [ 75%] [32mBuilding C object CMakeFiles/theora_image_transport__rosidl_generator_py.dir/rosidl_generator_py/theora_image_transport/msg/_packet_s.c.o[0m
[5.555s] [ 78%] [32m[1mLinking C shared library rosidl_generator_py/theora_image_transport/libtheora_image_transport__rosidl_generator_py.so[0m
[5.619s] [ 78%] Built target theora_image_transport__rosidl_generator_py
[5.646s] [ 81%] [32mBuilding C object CMakeFiles/theora_image_transport__rosidl_typesupport_fastrtps_c__pyext.dir/rosidl_generator_py/theora_image_transport/_theora_image_transport_s.ep.rosidl_typesupport_fastrtps_c.c.o[0m
[5.648s] [ 83%] [32mBuilding C object CMakeFiles/theora_image_transport__rosidl_typesupport_introspection_c__pyext.dir/rosidl_generator_py/theora_image_transport/_theora_image_transport_s.ep.rosidl_typesupport_introspection_c.c.o[0m
[5.660s] [ 86%] [32mBuilding C object CMakeFiles/theora_image_transport__rosidl_typesupport_c__pyext.dir/rosidl_generator_py/theora_image_transport/_theora_image_transport_s.ep.rosidl_typesupport_c.c.o[0m
[5.791s] [ 89%] [32m[1mLinking C shared library rosidl_generator_py/theora_image_transport/theora_image_transport_s__rosidl_typesupport_fastrtps_c.cpython-310-x86_64-linux-gnu.so[0m
[5.795s] [ 91%] [32m[1mLinking C shared library rosidl_generator_py/theora_image_transport/theora_image_transport_s__rosidl_typesupport_introspection_c.cpython-310-x86_64-linux-gnu.so[0m
[5.813s] [ 94%] [32m[1mLinking C shared library rosidl_generator_py/theora_image_transport/theora_image_transport_s__rosidl_typesupport_c.cpython-310-x86_64-linux-gnu.so[0m
[5.846s] [ 94%] Built target theora_image_transport__rosidl_typesupport_fastrtps_c__pyext
[5.852s] [ 94%] Built target theora_image_transport__rosidl_typesupport_introspection_c__pyext
[5.876s] [ 94%] Built target theora_image_transport__rosidl_typesupport_c__pyext
[5.954s] [01m[K/home/shengbin/camera_ws/src/image_transport_plugins/theora_image_transport/src/theora_publisher.cpp:[m[K In member function â€˜[01m[Kvirtual void theora_image_transport::TheoraPublisher::advertiseImpl(rclcpp::Node*, const string&, uint32_t, rmw_qos_profile_t)[m[Kâ€™:
[5.954s] [01m[K/home/shengbin/camera_ws/src/image_transport_plugins/theora_image_transport/src/theora_publisher.cpp:90:22:[m[K [01;31m[Kerror: [m[Kno matching function for call to â€˜[01m[Ktheora_image_transport::TheoraPublisher::advertiseImpl(rclcpp::Node*&, const string&, rmw_qos_profile_t&)[m[Kâ€™
[5.954s]    90 |   [01;31m[KBase::advertiseImpl(node, base_topic, custom_qos)[m[K;
[5.954s]       |   [01;31m[K~~~~~~~~~~~~~~~~~~~^~~~~~~~~~~~~~~~~~~~~~~~~~~~~~[m[K
[5.954s] In file included from [01m[K/home/shengbin/camera_ws/src/image_transport_plugins/theora_image_transport/include/theora_image_transport/theora_publisher.h:38[m[K,
[5.954s]                  from [01m[K/home/shengbin/camera_ws/src/image_transport_plugins/theora_image_transport/src/theora_publisher.cpp:35[m[K:
[5.954s] [01m[K/home/shengbin/camera_ws/install/image_transport/include/image_transport/image_transport/simple_publisher_plugin.hpp:101:8:[m[K [01;36m[Knote: [m[Kcandidate: â€˜[01m[Kvoid image_transport::SimplePublisherPlugin<M>::advertiseImpl(rclcpp::Node*, const string&, rmw_qos_profile_t, rclcpp::PublisherOptions) [with M = theora_image_transport::msg::Packet_<std::allocator<void> >; std::string = std::__cxx11::basic_string<char>; rmw_qos_profile_t = rmw_qos_profile_s; rclcpp::PublisherOptions = rclcpp::PublisherOptionsWithAllocator<std::allocator<void> >][m[Kâ€™
[5.955s]   101 |   void [01;36m[KadvertiseImpl[m[K(
[5.955s]       |        [01;36m[K^~~~~~~~~~~~~[m[K
[5.955s] [01m[K/home/shengbin/camera_ws/install/image_transport/include/image_transport/image_transport/simple_publisher_plugin.hpp:101:8:[m[K [01;36m[Knote: [m[K  candidate expects 4 arguments, 3 provided
[5.980s] [01m[K/home/shengbin/camera_ws/src/image_transport_plugins/theora_image_transport/src/theora_subscriber.cpp:[m[K In member function â€˜[01m[Kvirtual void theora_image_transport::TheoraSubscriber::subscribeImpl(rclcpp::Node*, const string&, const Callback&, uint32_t, rmw_qos_profile_t)[m[Kâ€™:
[5.981s] [01m[K/home/shengbin/camera_ws/src/image_transport_plugins/theora_image_transport/src/theora_subscriber.cpp:85:22:[m[K [01;31m[Kerror: [m[Kno matching function for call to â€˜[01m[Ktheora_image_transport::TheoraSubscriber::subscribeImpl(rclcpp::Node*&, const string&, const Callback&, rmw_qos_profile_t&)[m[Kâ€™
[5.981s]    85 |   [01;31m[KBase::subscribeImpl(node, base_topic, callback, custom_qos)[m[K;
[5.981s]       |   [01;31m[K~~~~~~~~~~~~~~~~~~~^~~~~~~~~~~~~~~~~~~~~~~~~~~~~~~~~~~~~~~~[m[K
[5.981s] In file included from [01m[K/home/shengbin/camera_ws/src/image_transport_plugins/theora_image_transport/include/theora_image_transport/theora_subscriber.h:35[m[K,
[5.981s]                  from [01m[K/home/shengbin/camera_ws/src/image_transport_plugins/theora_image_transport/src/theora_subscriber.cpp:35[m[K:
[5.981s] [01m[K/home/shengbin/camera_ws/install/image_transport/include/image_transport/image_transport/simple_subscriber_plugin.hpp:111:8:[m[K [01;36m[Knote: [m[Kcandidate: â€˜[01m[Kvoid image_transport::SimpleSubscriberPlugin<M>::subscribeImpl(rclcpp::Node*, const string&, const Callback&, rmw_qos_profile_t, rclcpp::SubscriptionOptions) [with M = theora_image_transport::msg::Packet_<std::allocator<void> >; std::string = std::__cxx11::basic_string<char>; image_transport::SubscriberPlugin::Callback = std::function<void(const std::shared_ptr<const sensor_msgs::msg::Image_<std::allocator<void> > >&)>; rmw_qos_profile_t = rmw_qos_profile_s; rclcpp::SubscriptionOptions = rclcpp::SubscriptionOptionsWithAllocator<std::allocator<void> >][m[Kâ€™
[5.981s]   111 |   void [01;36m[KsubscribeImpl[m[K(
[5.981s]       |        [01;36m[K^~~~~~~~~~~~~[m[K
[5.981s] [01m[K/home/shengbin/camera_ws/install/image_transport/include/image_transport/image_transport/simple_subscriber_plugin.hpp:111:8:[m[K [01;36m[Knote: [m[K  candidate expects 5 arguments, 4 provided
[6.791s] gmake[2]: *** [CMakeFiles/theora_image_transport_component.dir/build.make:76: CMakeFiles/theora_image_transport_component.dir/src/theora_publisher.cpp.o] Error 1
[6.791s] gmake[2]: *** Waiting for unfinished jobs....
[7.984s] gmake[2]: *** [CMakeFiles/theora_image_transport_component.dir/build.make:90: CMakeFiles/theora_image_transport_component.dir/src/theora_subscriber.cpp.o] Error 1
[7.984s] gmake[1]: *** [CMakeFiles/Makefile2:595: CMakeFiles/theora_image_transport_component.dir/all] Error 2
[7.984s] gmake[1]: *** Waiting for unfinished jobs....
[10.538s] [ 97%] [32m[1mLinking CXX executable ogg_saver[0m
[10.786s] [ 97%] Built target ogg_saver
[10.787s] gmake: *** [Makefile:146: all] Error 2
