Start testing: Oct 13 19:52 +08
----------------------------------------------------------
1/3 Testing: cpplint
1/3 Test: cpplint
Command: "/usr/bin/python3.10" "-u" "/opt/ros/humble/share/ament_cmake_test/cmake/run_test.py" "/home/shengbin/camera_ws/build/camera_info_manager/test_results/camera_info_manager/cpplint.xunit.xml" "--package-name" "camera_info_manager" "--output-file" "/home/shengbin/camera_ws/build/camera_info_manager/ament_cpplint/cpplint.txt" "--command" "/opt/ros/humble/bin/ament_cpplint" "--xunit-file" "/home/shengbin/camera_ws/build/camera_info_manager/test_results/camera_info_manager/cpplint.xunit.xml"
Directory: /home/shengbin/camera_ws/src/image_common/camera_info_manager
"cpplint" start time: Oct 13 19:52 +08
Output:
----------------------------------------------------------
-- run_test.py: invoking following command in '/home/shengbin/camera_ws/src/image_common/camera_info_manager':
 - /opt/ros/humble/bin/ament_cpplint --xunit-file /home/shengbin/camera_ws/build/camera_info_manager/test_results/camera_info_manager/cpplint.xunit.xml
Using '--root=..' argument

Done processing /home/shengbin/camera_ws/src/image_common/camera_info_manager/tests/unit_test.cpp

Using '--root=/home/shengbin/camera_ws/src/image_common/camera_info_manager/include' argument

Done processing /home/shengbin/camera_ws/src/image_common/camera_info_manager/include/camera_info_manager/camera_info_manager.h

Done processing /home/shengbin/camera_ws/src/image_common/camera_info_manager/include/camera_info_manager/camera_info_manager.hpp

Done processing /home/shengbin/camera_ws/src/image_common/camera_info_manager/include/camera_info_manager/visibility_control.h

Using '--root=/home/shengbin/camera_ws/src/image_common/camera_info_manager/src' argument

Done processing /home/shengbin/camera_ws/src/image_common/camera_info_manager/src/camera_info_manager.cpp

Done processing /home/shengbin/camera_ws/src/image_common/camera_info_manager/src/split.hpp

No problems found
-- run_test.py: return code 0
-- run_test.py: verify result file '/home/shengbin/camera_ws/build/camera_info_manager/test_results/camera_info_manager/cpplint.xunit.xml'
<end of output>
Test time =   0.35 sec
----------------------------------------------------------
Test Passed.
"cpplint" end time: Oct 13 19:52 +08
"cpplint" time elapsed: 00:00:00
----------------------------------------------------------

2/3 Testing: lint_cmake
2/3 Test: lint_cmake
Command: "/usr/bin/python3.10" "-u" "/opt/ros/humble/share/ament_cmake_test/cmake/run_test.py" "/home/shengbin/camera_ws/build/camera_info_manager/test_results/camera_info_manager/lint_cmake.xunit.xml" "--package-name" "camera_info_manager" "--output-file" "/home/shengbin/camera_ws/build/camera_info_manager/ament_lint_cmake/lint_cmake.txt" "--command" "/opt/ros/humble/bin/ament_lint_cmake" "--xunit-file" "/home/shengbin/camera_ws/build/camera_info_manager/test_results/camera_info_manager/lint_cmake.xunit.xml"
Directory: /home/shengbin/camera_ws/src/image_common/camera_info_manager
"lint_cmake" start time: Oct 13 19:52 +08
Output:
----------------------------------------------------------
-- run_test.py: invoking following command in '/home/shengbin/camera_ws/src/image_common/camera_info_manager':
 - /opt/ros/humble/bin/ament_lint_cmake --xunit-file /home/shengbin/camera_ws/build/camera_info_manager/test_results/camera_info_manager/lint_cmake.xunit.xml

No problems found
-- run_test.py: return code 0
-- run_test.py: verify result file '/home/shengbin/camera_ws/build/camera_info_manager/test_results/camera_info_manager/lint_cmake.xunit.xml'
<end of output>
Test time =   0.11 sec
----------------------------------------------------------
Test Passed.
"lint_cmake" end time: Oct 13 19:52 +08
"lint_cmake" time elapsed: 00:00:00
----------------------------------------------------------

3/3 Testing: uncrustify
3/3 Test: uncrustify
Command: "/usr/bin/python3.10" "-u" "/opt/ros/humble/share/ament_cmake_test/cmake/run_test.py" "/home/shengbin/camera_ws/build/camera_info_manager/test_results/camera_info_manager/uncrustify.xunit.xml" "--package-name" "camera_info_manager" "--output-file" "/home/shengbin/camera_ws/build/camera_info_manager/ament_uncrustify/uncrustify.txt" "--command" "/opt/ros/humble/bin/ament_uncrustify" "--xunit-file" "/home/shengbin/camera_ws/build/camera_info_manager/test_results/camera_info_manager/uncrustify.xunit.xml"
Directory: /home/shengbin/camera_ws/src/image_common/camera_info_manager
"uncrustify" start time: Oct 13 19:52 +08
Output:
----------------------------------------------------------
-- run_test.py: invoking following command in '/home/shengbin/camera_ws/src/image_common/camera_info_manager':
 - /opt/ros/humble/bin/ament_uncrustify --xunit-file /home/shengbin/camera_ws/build/camera_info_manager/test_results/camera_info_manager/uncrustify.xunit.xml
No code style divergence in file 'include/camera_info_manager/camera_info_manager.h'

No code style divergence in file 'include/camera_info_manager/camera_info_manager.hpp'

No code style divergence in file 'include/camera_info_manager/visibility_control.h'

No code style divergence in file 'src/camera_info_manager.cpp'

No code style divergence in file 'src/split.hpp'

No code style divergence in file 'tests/unit_test.cpp'

No problems found
-- run_test.py: return code 0
-- run_test.py: verify result file '/home/shengbin/camera_ws/build/camera_info_manager/test_results/camera_info_manager/uncrustify.xunit.xml'
<end of output>
Test time =   0.15 sec
----------------------------------------------------------
Test Passed.
"uncrustify" end time: Oct 13 19:52 +08
"uncrustify" time elapsed: 00:00:00
----------------------------------------------------------

End testing: Oct 13 19:52 +08

cpplint =   0.35 sec*proc

lint_cmake =   0.11 sec*proc

linter =   0.61 sec*proc

uncrustify =   0.15 sec*proc

