<?xml version="1.0" encoding="utf-8"?><testsuites><testsuite name="pytest" errors="0" failures="0" skipped="0" tests="4" time="7.000" timestamp="2023-10-13T19:52:43.480492" hostname="shengbin-Zenbook-UX3402VA-UX3402VA"><testcase classname="cv_bridge.cv_bridge.test.conversions.TestConversions" name="test_encode_decode_cv2" time="2.944" /><testcase classname="cv_bridge.cv_bridge.test.conversions.TestConversions" name="test_encode_decode_cv2_compressed" time="3.728" /><testcase classname="cv_bridge.cv_bridge.test.conversions.TestConversions" name="test_endianness" time="0.004" /><testcase classname="cv_bridge.cv_bridge.test.conversions.TestConversions" name="test_mono16_cv2" time="0.006" /></testsuite></testsuites>