<?xml version="1.0" encoding="UTF-8"?>
<testsuites tests="9" failures="0" disabled="0" errors="0" time="0.344" timestamp="2023-10-13T19:52:42" name="AllTests">
  <testsuite name="CvBridgeTest" tests="7" failures="0" disabled="0" errors="0" time="0.009" timestamp="2023-10-13T19:52:42">
    <testcase name="endianness" status="run" result="completed" time="0.001" timestamp="2023-10-13T19:52:42" classname="cv_bridge.CvBridgeTest" />
    <testcase name="compression" status="run" result="completed" time="0.002" timestamp="2023-10-13T19:52:42" classname="cv_bridge.CvBridgeTest" />
    <testcase name="NonContinuous" status="run" result="completed" time="0" timestamp="2023-10-13T19:52:42" classname="cv_bridge.CvBridgeTest" />
    <testcase name="ChannelOrder" status="run" result="completed" time="0.001" timestamp="2023-10-13T19:52:42" classname="cv_bridge.CvBridgeTest" />
    <testcase name="initialization" status="run" result="completed" time="0.003" timestamp="2023-10-13T19:52:42" classname="cv_bridge.CvBridgeTest" />
    <testcase name="imageMessageStep" status="run" result="completed" time="0" timestamp="2023-10-13T19:52:42" classname="cv_bridge.CvBridgeTest" />
    <testcase name="imageMessageConversion" status="run" result="completed" time="0.002" timestamp="2023-10-13T19:52:42" classname="cv_bridge.CvBridgeTest" />
  </testsuite>
  <testsuite name="OpencvTests" tests="1" failures="0" disabled="0" errors="0" time="0.335" timestamp="2023-10-13T19:52:42">
    <testcase name="testCase_encode_decode" status="run" result="completed" time="0.335" timestamp="2023-10-13T19:52:42" classname="cv_bridge.OpencvTests" />
  </testsuite>
  <testsuite name="RGBColors" tests="1" failures="0" disabled="0" errors="0" time="0" timestamp="2023-10-13T19:52:42">
    <testcase name="testGetRGBColor" status="run" result="completed" time="0" timestamp="2023-10-13T19:52:42" classname="cv_bridge.RGBColors" />
  </testsuite>
</testsuites>
