<?xml version="1.0" encoding="UTF-8"?>
<Site BuildName="(empty)"
	BuildStamp="20231013-1152-Experimental"
	Name="shengbin-Zenbook-UX3402VA-UX3402VA"
	Generator="ctest-3.22.1"
	CompilerName="/usr/bin/c++"
	CompilerVersion="11.4.0"
	OSName="Linux"
	Hostname="shengbin-Zenbook-UX3402VA-UX3402VA"
	OSRelease="6.2.0-34-generic"
	OSVersion="#34~22.04.1-Ubuntu SMP PREEMPT_DYNAMIC Thu Sep  7 13:12:03 UTC 2"
	OSPlatform="x86_64"
	Is64Bits="1"
	VendorString="GenuineIntel"
	VendorID="Intel Corporation"
	FamilyID="6"
	ModelID="186"
	ProcessorCacheSize="18432"
	NumberOfLogicalCPU="16"
	NumberOfPhysicalCPU="12"
	TotalVirtualMemory="2047"
	TotalPhysicalMemory="15603"
	LogicalProcessorsPerPhysical="1"
	ProcessorClockFrequency="2868.49"
	>
	<Testing>
		<StartDateTime>Oct 13 19:52 +08</StartDateTime>
		<StartTestTime>1697197971</StartTestTime>
		<TestList>
			<Test>./cppcheck_rosidl_generated_c</Test>
			<Test>./cpplint_rosidl_generated_c</Test>
			<Test>./uncrustify_rosidl_generated_c</Test>
			<Test>./cppcheck_rosidl_typesupport_fastrtps_c</Test>
			<Test>./cpplint_rosidl_typesupport_fastrtps_c</Test>
			<Test>./uncrustify_rosidl_typesupport_fastrtps_c</Test>
			<Test>./cppcheck_rosidl_generated_cpp</Test>
			<Test>./cpplint_rosidl_generated_cpp</Test>
			<Test>./uncrustify_rosidl_generated_cpp</Test>
			<Test>./cppcheck_rosidl_typesupport_fastrtps_cpp</Test>
			<Test>./cpplint_rosidl_typesupport_fastrtps_cpp</Test>
			<Test>./uncrustify_rosidl_typesupport_fastrtps_cpp</Test>
			<Test>./cppcheck_rosidl_typesupport_introspection_c</Test>
			<Test>./cpplint_rosidl_typesupport_introspection_c</Test>
			<Test>./uncrustify_rosidl_typesupport_introspection_c</Test>
			<Test>./cppcheck_rosidl_typesupport_c</Test>
			<Test>./cpplint_rosidl_typesupport_c</Test>
			<Test>./uncrustify_rosidl_typesupport_c</Test>
			<Test>./cppcheck_rosidl_typesupport_introspection_cpp</Test>
			<Test>./cpplint_rosidl_typesupport_introspection_cpp</Test>
			<Test>./uncrustify_rosidl_typesupport_introspection_cpp</Test>
			<Test>./cppcheck_rosidl_typesupport_cpp</Test>
			<Test>./cpplint_rosidl_typesupport_cpp</Test>
			<Test>./uncrustify_rosidl_typesupport_cpp</Test>
			<Test>./cppcheck_rosidl_generated_py</Test>
			<Test>./cpplint_rosidl_generated_py</Test>
			<Test>./flake8_rosidl_generated_py</Test>
			<Test>./pep257_rosidl_generated_py</Test>
			<Test>./uncrustify_rosidl_generated_py</Test>
		</TestList>
		<Test Status="passed">
			<Name>cppcheck_rosidl_generated_c</Name>
			<Path>.</Path>
			<FullName>./cppcheck_rosidl_generated_c</FullName>
			<FullCommandLine>/usr/bin/python3.10 "-u" "/opt/ros/humble/share/ament_cmake_test/cmake/run_test.py" "/home/shengbin/camera_ws/build/theora_image_transport/test_results/theora_image_transport/cppcheck_rosidl_generated_c.xunit.xml" "--package-name" "theora_image_transport" "--output-file" "/home/shengbin/camera_ws/build/theora_image_transport/ament_cppcheck/cppcheck_rosidl_generated_c.txt" "--command" "/opt/ros/humble/bin/ament_cppcheck" "--xunit-file" "/home/shengbin/camera_ws/build/theora_image_transport/test_results/theora_image_transport/cppcheck_rosidl_generated_c.xunit.xml" "/home/shengbin/camera_ws/build/theora_image_transport/rosidl_generator_c/theora_image_transport"</FullCommandLine>
			<Results>
				<NamedMeasurement type="numeric/double" name="Execution Time">
					<Value>0.107926</Value>
				</NamedMeasurement>
				<NamedMeasurement type="numeric/double" name="Processors">
					<Value>1</Value>
				</NamedMeasurement>
				<NamedMeasurement type="text/string" name="Completion Status">
					<Value>Completed</Value>
				</NamedMeasurement>
				<NamedMeasurement type="text/string" name="Command Line">
					<Value>/usr/bin/python3.10 "-u" "/opt/ros/humble/share/ament_cmake_test/cmake/run_test.py" "/home/shengbin/camera_ws/build/theora_image_transport/test_results/theora_image_transport/cppcheck_rosidl_generated_c.xunit.xml" "--package-name" "theora_image_transport" "--output-file" "/home/shengbin/camera_ws/build/theora_image_transport/ament_cppcheck/cppcheck_rosidl_generated_c.txt" "--command" "/opt/ros/humble/bin/ament_cppcheck" "--xunit-file" "/home/shengbin/camera_ws/build/theora_image_transport/test_results/theora_image_transport/cppcheck_rosidl_generated_c.xunit.xml" "/home/shengbin/camera_ws/build/theora_image_transport/rosidl_generator_c/theora_image_transport"</Value>
				</NamedMeasurement>
				<NamedMeasurement type="text/string" name="Environment">
					<Value>#CTEST_RESOURCE_GROUP_COUNT=</Value>
				</NamedMeasurement>
				<Measurement>
					<Value>-- run_test.py: invoking following command in '/home/shengbin/camera_ws/src/image_transport_plugins/theora_image_transport':
 - /opt/ros/humble/bin/ament_cppcheck --xunit-file /home/shengbin/camera_ws/build/theora_image_transport/test_results/theora_image_transport/cppcheck_rosidl_generated_c.xunit.xml /home/shengbin/camera_ws/build/theora_image_transport/rosidl_generator_c/theora_image_transport
cppcheck 2.7 has known performance issues and therefore will not be used, set the AMENT_CPPCHECK_ALLOW_SLOW_VERSIONS environment variable to override this.
-- run_test.py: return code 0
-- run_test.py: verify result file '/home/shengbin/camera_ws/build/theora_image_transport/test_results/theora_image_transport/cppcheck_rosidl_generated_c.xunit.xml'
</Value>
				</Measurement>
			</Results>
			<Labels>
				<Label>cppcheck</Label>
				<Label>linter</Label>
			</Labels>
		</Test>
		<Test Status="passed">
			<Name>cpplint_rosidl_generated_c</Name>
			<Path>.</Path>
			<FullName>./cpplint_rosidl_generated_c</FullName>
			<FullCommandLine>/usr/bin/python3.10 "-u" "/opt/ros/humble/share/ament_cmake_test/cmake/run_test.py" "/home/shengbin/camera_ws/build/theora_image_transport/test_results/theora_image_transport/cpplint_rosidl_generated_c.xunit.xml" "--package-name" "theora_image_transport" "--output-file" "/home/shengbin/camera_ws/build/theora_image_transport/ament_cpplint/cpplint_rosidl_generated_c.txt" "--command" "/opt/ros/humble/bin/ament_cpplint" "--xunit-file" "/home/shengbin/camera_ws/build/theora_image_transport/test_results/theora_image_transport/cpplint_rosidl_generated_c.xunit.xml" "--linelength" "999" "--root" "/home/shengbin/camera_ws/build/theora_image_transport/rosidl_generator_c" "/home/shengbin/camera_ws/build/theora_image_transport/rosidl_generator_c/theora_image_transport"</FullCommandLine>
			<Results>
				<NamedMeasurement type="numeric/double" name="Execution Time">
					<Value>0.201707</Value>
				</NamedMeasurement>
				<NamedMeasurement type="numeric/double" name="Processors">
					<Value>1</Value>
				</NamedMeasurement>
				<NamedMeasurement type="text/string" name="Completion Status">
					<Value>Completed</Value>
				</NamedMeasurement>
				<NamedMeasurement type="text/string" name="Command Line">
					<Value>/usr/bin/python3.10 "-u" "/opt/ros/humble/share/ament_cmake_test/cmake/run_test.py" "/home/shengbin/camera_ws/build/theora_image_transport/test_results/theora_image_transport/cpplint_rosidl_generated_c.xunit.xml" "--package-name" "theora_image_transport" "--output-file" "/home/shengbin/camera_ws/build/theora_image_transport/ament_cpplint/cpplint_rosidl_generated_c.txt" "--command" "/opt/ros/humble/bin/ament_cpplint" "--xunit-file" "/home/shengbin/camera_ws/build/theora_image_transport/test_results/theora_image_transport/cpplint_rosidl_generated_c.xunit.xml" "--linelength" "999" "--root" "/home/shengbin/camera_ws/build/theora_image_transport/rosidl_generator_c" "/home/shengbin/camera_ws/build/theora_image_transport/rosidl_generator_c/theora_image_transport"</Value>
				</NamedMeasurement>
				<NamedMeasurement type="text/string" name="Environment">
					<Value>#CTEST_RESOURCE_GROUP_COUNT=</Value>
				</NamedMeasurement>
				<Measurement>
					<Value>-- run_test.py: invoking following command in '/home/shengbin/camera_ws/src/image_transport_plugins/theora_image_transport':
 - /opt/ros/humble/bin/ament_cpplint --xunit-file /home/shengbin/camera_ws/build/theora_image_transport/test_results/theora_image_transport/cpplint_rosidl_generated_c.xunit.xml --linelength 999 --root /home/shengbin/camera_ws/build/theora_image_transport/rosidl_generator_c /home/shengbin/camera_ws/build/theora_image_transport/rosidl_generator_c/theora_image_transport
Using '--root=/home/shengbin/camera_ws/build/theora_image_transport/rosidl_generator_c' argument

Done processing /home/shengbin/camera_ws/build/theora_image_transport/rosidl_generator_c/theora_image_transport/msg/detail/packet__functions.c

Done processing /home/shengbin/camera_ws/build/theora_image_transport/rosidl_generator_c/theora_image_transport/msg/detail/packet__functions.h

Done processing /home/shengbin/camera_ws/build/theora_image_transport/rosidl_generator_c/theora_image_transport/msg/detail/packet__struct.h

Done processing /home/shengbin/camera_ws/build/theora_image_transport/rosidl_generator_c/theora_image_transport/msg/detail/packet__type_support.h

Done processing /home/shengbin/camera_ws/build/theora_image_transport/rosidl_generator_c/theora_image_transport/msg/packet.h

Done processing /home/shengbin/camera_ws/build/theora_image_transport/rosidl_generator_c/theora_image_transport/msg/rosidl_generator_c__visibility_control.h

No problems found
-- run_test.py: return code 0
-- run_test.py: verify result file '/home/shengbin/camera_ws/build/theora_image_transport/test_results/theora_image_transport/cpplint_rosidl_generated_c.xunit.xml'
</Value>
				</Measurement>
			</Results>
			<Labels>
				<Label>cpplint</Label>
				<Label>linter</Label>
			</Labels>
		</Test>
		<Test Status="passed">
			<Name>uncrustify_rosidl_generated_c</Name>
			<Path>.</Path>
			<FullName>./uncrustify_rosidl_generated_c</FullName>
			<FullCommandLine>/usr/bin/python3.10 "-u" "/opt/ros/humble/share/ament_cmake_test/cmake/run_test.py" "/home/shengbin/camera_ws/build/theora_image_transport/test_results/theora_image_transport/uncrustify_rosidl_generated_c.xunit.xml" "--package-name" "theora_image_transport" "--output-file" "/home/shengbin/camera_ws/build/theora_image_transport/ament_uncrustify/uncrustify_rosidl_generated_c.txt" "--command" "/opt/ros/humble/bin/ament_uncrustify" "--xunit-file" "/home/shengbin/camera_ws/build/theora_image_transport/test_results/theora_image_transport/uncrustify_rosidl_generated_c.xunit.xml" "--linelength" "0" "/home/shengbin/camera_ws/build/theora_image_transport/rosidl_generator_c/theora_image_transport"</FullCommandLine>
			<Results>
				<NamedMeasurement type="numeric/double" name="Execution Time">
					<Value>0.114372</Value>
				</NamedMeasurement>
				<NamedMeasurement type="numeric/double" name="Processors">
					<Value>1</Value>
				</NamedMeasurement>
				<NamedMeasurement type="text/string" name="Completion Status">
					<Value>Completed</Value>
				</NamedMeasurement>
				<NamedMeasurement type="text/string" name="Command Line">
					<Value>/usr/bin/python3.10 "-u" "/opt/ros/humble/share/ament_cmake_test/cmake/run_test.py" "/home/shengbin/camera_ws/build/theora_image_transport/test_results/theora_image_transport/uncrustify_rosidl_generated_c.xunit.xml" "--package-name" "theora_image_transport" "--output-file" "/home/shengbin/camera_ws/build/theora_image_transport/ament_uncrustify/uncrustify_rosidl_generated_c.txt" "--command" "/opt/ros/humble/bin/ament_uncrustify" "--xunit-file" "/home/shengbin/camera_ws/build/theora_image_transport/test_results/theora_image_transport/uncrustify_rosidl_generated_c.xunit.xml" "--linelength" "0" "/home/shengbin/camera_ws/build/theora_image_transport/rosidl_generator_c/theora_image_transport"</Value>
				</NamedMeasurement>
				<NamedMeasurement type="text/string" name="Environment">
					<Value>#CTEST_RESOURCE_GROUP_COUNT=</Value>
				</NamedMeasurement>
				<Measurement>
					<Value>-- run_test.py: invoking following command in '/home/shengbin/camera_ws/src/image_transport_plugins/theora_image_transport':
 - /opt/ros/humble/bin/ament_uncrustify --xunit-file /home/shengbin/camera_ws/build/theora_image_transport/test_results/theora_image_transport/uncrustify_rosidl_generated_c.xunit.xml --linelength 0 /home/shengbin/camera_ws/build/theora_image_transport/rosidl_generator_c/theora_image_transport
No code style divergence in file '/home/shengbin/camera_ws/build/theora_image_transport/rosidl_generator_c/theora_image_transport/msg/detail/packet__functions.c'

No code style divergence in file '/home/shengbin/camera_ws/build/theora_image_transport/rosidl_generator_c/theora_image_transport/msg/detail/packet__functions.h'

No code style divergence in file '/home/shengbin/camera_ws/build/theora_image_transport/rosidl_generator_c/theora_image_transport/msg/detail/packet__struct.h'

No code style divergence in file '/home/shengbin/camera_ws/build/theora_image_transport/rosidl_generator_c/theora_image_transport/msg/detail/packet__type_support.h'

No code style divergence in file '/home/shengbin/camera_ws/build/theora_image_transport/rosidl_generator_c/theora_image_transport/msg/packet.h'

No code style divergence in file '/home/shengbin/camera_ws/build/theora_image_transport/rosidl_generator_c/theora_image_transport/msg/rosidl_generator_c__visibility_control.h'

No problems found
-- run_test.py: return code 0
-- run_test.py: verify result file '/home/shengbin/camera_ws/build/theora_image_transport/test_results/theora_image_transport/uncrustify_rosidl_generated_c.xunit.xml'
</Value>
				</Measurement>
			</Results>
			<Labels>
				<Label>linter</Label>
				<Label>uncrustify</Label>
			</Labels>
		</Test>
		<Test Status="passed">
			<Name>cppcheck_rosidl_typesupport_fastrtps_c</Name>
			<Path>.</Path>
			<FullName>./cppcheck_rosidl_typesupport_fastrtps_c</FullName>
			<FullCommandLine>/usr/bin/python3.10 "-u" "/opt/ros/humble/share/ament_cmake_test/cmake/run_test.py" "/home/shengbin/camera_ws/build/theora_image_transport/test_results/theora_image_transport/cppcheck_rosidl_typesupport_fastrtps_c.xunit.xml" "--package-name" "theora_image_transport" "--output-file" "/home/shengbin/camera_ws/build/theora_image_transport/ament_cppcheck/cppcheck_rosidl_typesupport_fastrtps_c.txt" "--command" "/opt/ros/humble/bin/ament_cppcheck" "--xunit-file" "/home/shengbin/camera_ws/build/theora_image_transport/test_results/theora_image_transport/cppcheck_rosidl_typesupport_fastrtps_c.xunit.xml" "/home/shengbin/camera_ws/build/theora_image_transport/rosidl_typesupport_fastrtps_c/theora_image_transport/msg/detail/packet__rosidl_typesupport_fastrtps_c.h" "/home/shengbin/camera_ws/build/theora_image_transport/rosidl_typesupport_fastrtps_c/theora_image_transport/msg/detail/packet__type_support_c.cpp"</FullCommandLine>
			<Results>
				<NamedMeasurement type="numeric/double" name="Execution Time">
					<Value>0.107306</Value>
				</NamedMeasurement>
				<NamedMeasurement type="numeric/double" name="Processors">
					<Value>1</Value>
				</NamedMeasurement>
				<NamedMeasurement type="text/string" name="Completion Status">
					<Value>Completed</Value>
				</NamedMeasurement>
				<NamedMeasurement type="text/string" name="Command Line">
					<Value>/usr/bin/python3.10 "-u" "/opt/ros/humble/share/ament_cmake_test/cmake/run_test.py" "/home/shengbin/camera_ws/build/theora_image_transport/test_results/theora_image_transport/cppcheck_rosidl_typesupport_fastrtps_c.xunit.xml" "--package-name" "theora_image_transport" "--output-file" "/home/shengbin/camera_ws/build/theora_image_transport/ament_cppcheck/cppcheck_rosidl_typesupport_fastrtps_c.txt" "--command" "/opt/ros/humble/bin/ament_cppcheck" "--xunit-file" "/home/shengbin/camera_ws/build/theora_image_transport/test_results/theora_image_transport/cppcheck_rosidl_typesupport_fastrtps_c.xunit.xml" "/home/shengbin/camera_ws/build/theora_image_transport/rosidl_typesupport_fastrtps_c/theora_image_transport/msg/detail/packet__rosidl_typesupport_fastrtps_c.h" "/home/shengbin/camera_ws/build/theora_image_transport/rosidl_typesupport_fastrtps_c/theora_image_transport/msg/detail/packet__type_support_c.cpp"</Value>
				</NamedMeasurement>
				<NamedMeasurement type="text/string" name="Environment">
					<Value>#CTEST_RESOURCE_GROUP_COUNT=</Value>
				</NamedMeasurement>
				<Measurement>
					<Value>-- run_test.py: invoking following command in '/home/shengbin/camera_ws/src/image_transport_plugins/theora_image_transport':
 - /opt/ros/humble/bin/ament_cppcheck --xunit-file /home/shengbin/camera_ws/build/theora_image_transport/test_results/theora_image_transport/cppcheck_rosidl_typesupport_fastrtps_c.xunit.xml /home/shengbin/camera_ws/build/theora_image_transport/rosidl_typesupport_fastrtps_c/theora_image_transport/msg/detail/packet__rosidl_typesupport_fastrtps_c.h /home/shengbin/camera_ws/build/theora_image_transport/rosidl_typesupport_fastrtps_c/theora_image_transport/msg/detail/packet__type_support_c.cpp
cppcheck 2.7 has known performance issues and therefore will not be used, set the AMENT_CPPCHECK_ALLOW_SLOW_VERSIONS environment variable to override this.
-- run_test.py: return code 0
-- run_test.py: verify result file '/home/shengbin/camera_ws/build/theora_image_transport/test_results/theora_image_transport/cppcheck_rosidl_typesupport_fastrtps_c.xunit.xml'
</Value>
				</Measurement>
			</Results>
			<Labels>
				<Label>cppcheck</Label>
				<Label>linter</Label>
			</Labels>
		</Test>
		<Test Status="passed">
			<Name>cpplint_rosidl_typesupport_fastrtps_c</Name>
			<Path>.</Path>
			<FullName>./cpplint_rosidl_typesupport_fastrtps_c</FullName>
			<FullCommandLine>/usr/bin/python3.10 "-u" "/opt/ros/humble/share/ament_cmake_test/cmake/run_test.py" "/home/shengbin/camera_ws/build/theora_image_transport/test_results/theora_image_transport/cpplint_rosidl_typesupport_fastrtps_c.xunit.xml" "--package-name" "theora_image_transport" "--output-file" "/home/shengbin/camera_ws/build/theora_image_transport/ament_cpplint/cpplint_rosidl_typesupport_fastrtps_c.txt" "--command" "/opt/ros/humble/bin/ament_cpplint" "--xunit-file" "/home/shengbin/camera_ws/build/theora_image_transport/test_results/theora_image_transport/cpplint_rosidl_typesupport_fastrtps_c.xunit.xml" "--linelength" "999" "--root" "/home/shengbin/camera_ws/build/theora_image_transport/rosidl_typesupport_fastrtps_c" "/home/shengbin/camera_ws/build/theora_image_transport/rosidl_typesupport_fastrtps_c/theora_image_transport/msg/detail/packet__rosidl_typesupport_fastrtps_c.h" "/home/shengbin/camera_ws/build/theora_image_transport/rosidl_typesupport_fastrtps_c/theora_image_transport/msg/detail/packet__type_support_c.cpp"</FullCommandLine>
			<Results>
				<NamedMeasurement type="numeric/double" name="Execution Time">
					<Value>0.160875</Value>
				</NamedMeasurement>
				<NamedMeasurement type="numeric/double" name="Processors">
					<Value>1</Value>
				</NamedMeasurement>
				<NamedMeasurement type="text/string" name="Completion Status">
					<Value>Completed</Value>
				</NamedMeasurement>
				<NamedMeasurement type="text/string" name="Command Line">
					<Value>/usr/bin/python3.10 "-u" "/opt/ros/humble/share/ament_cmake_test/cmake/run_test.py" "/home/shengbin/camera_ws/build/theora_image_transport/test_results/theora_image_transport/cpplint_rosidl_typesupport_fastrtps_c.xunit.xml" "--package-name" "theora_image_transport" "--output-file" "/home/shengbin/camera_ws/build/theora_image_transport/ament_cpplint/cpplint_rosidl_typesupport_fastrtps_c.txt" "--command" "/opt/ros/humble/bin/ament_cpplint" "--xunit-file" "/home/shengbin/camera_ws/build/theora_image_transport/test_results/theora_image_transport/cpplint_rosidl_typesupport_fastrtps_c.xunit.xml" "--linelength" "999" "--root" "/home/shengbin/camera_ws/build/theora_image_transport/rosidl_typesupport_fastrtps_c" "/home/shengbin/camera_ws/build/theora_image_transport/rosidl_typesupport_fastrtps_c/theora_image_transport/msg/detail/packet__rosidl_typesupport_fastrtps_c.h" "/home/shengbin/camera_ws/build/theora_image_transport/rosidl_typesupport_fastrtps_c/theora_image_transport/msg/detail/packet__type_support_c.cpp"</Value>
				</NamedMeasurement>
				<NamedMeasurement type="text/string" name="Environment">
					<Value>#CTEST_RESOURCE_GROUP_COUNT=</Value>
				</NamedMeasurement>
				<Measurement>
					<Value>-- run_test.py: invoking following command in '/home/shengbin/camera_ws/src/image_transport_plugins/theora_image_transport':
 - /opt/ros/humble/bin/ament_cpplint --xunit-file /home/shengbin/camera_ws/build/theora_image_transport/test_results/theora_image_transport/cpplint_rosidl_typesupport_fastrtps_c.xunit.xml --linelength 999 --root /home/shengbin/camera_ws/build/theora_image_transport/rosidl_typesupport_fastrtps_c /home/shengbin/camera_ws/build/theora_image_transport/rosidl_typesupport_fastrtps_c/theora_image_transport/msg/detail/packet__rosidl_typesupport_fastrtps_c.h /home/shengbin/camera_ws/build/theora_image_transport/rosidl_typesupport_fastrtps_c/theora_image_transport/msg/detail/packet__type_support_c.cpp
Using '--root=/home/shengbin/camera_ws/build/theora_image_transport/rosidl_typesupport_fastrtps_c' argument

Done processing /home/shengbin/camera_ws/build/theora_image_transport/rosidl_typesupport_fastrtps_c/theora_image_transport/msg/detail/packet__rosidl_typesupport_fastrtps_c.h

Done processing /home/shengbin/camera_ws/build/theora_image_transport/rosidl_typesupport_fastrtps_c/theora_image_transport/msg/detail/packet__type_support_c.cpp

No problems found
-- run_test.py: return code 0
-- run_test.py: verify result file '/home/shengbin/camera_ws/build/theora_image_transport/test_results/theora_image_transport/cpplint_rosidl_typesupport_fastrtps_c.xunit.xml'
</Value>
				</Measurement>
			</Results>
			<Labels>
				<Label>cpplint</Label>
				<Label>linter</Label>
			</Labels>
		</Test>
		<Test Status="passed">
			<Name>uncrustify_rosidl_typesupport_fastrtps_c</Name>
			<Path>.</Path>
			<FullName>./uncrustify_rosidl_typesupport_fastrtps_c</FullName>
			<FullCommandLine>/usr/bin/python3.10 "-u" "/opt/ros/humble/share/ament_cmake_test/cmake/run_test.py" "/home/shengbin/camera_ws/build/theora_image_transport/test_results/theora_image_transport/uncrustify_rosidl_typesupport_fastrtps_c.xunit.xml" "--package-name" "theora_image_transport" "--output-file" "/home/shengbin/camera_ws/build/theora_image_transport/ament_uncrustify/uncrustify_rosidl_typesupport_fastrtps_c.txt" "--command" "/opt/ros/humble/bin/ament_uncrustify" "--xunit-file" "/home/shengbin/camera_ws/build/theora_image_transport/test_results/theora_image_transport/uncrustify_rosidl_typesupport_fastrtps_c.xunit.xml" "--linelength" "0" "/home/shengbin/camera_ws/build/theora_image_transport/rosidl_typesupport_fastrtps_c/theora_image_transport/msg/detail/packet__rosidl_typesupport_fastrtps_c.h" "/home/shengbin/camera_ws/build/theora_image_transport/rosidl_typesupport_fastrtps_c/theora_image_transport/msg/detail/packet__type_support_c.cpp"</FullCommandLine>
			<Results>
				<NamedMeasurement type="numeric/double" name="Execution Time">
					<Value>0.113139</Value>
				</NamedMeasurement>
				<NamedMeasurement type="numeric/double" name="Processors">
					<Value>1</Value>
				</NamedMeasurement>
				<NamedMeasurement type="text/string" name="Completion Status">
					<Value>Completed</Value>
				</NamedMeasurement>
				<NamedMeasurement type="text/string" name="Command Line">
					<Value>/usr/bin/python3.10 "-u" "/opt/ros/humble/share/ament_cmake_test/cmake/run_test.py" "/home/shengbin/camera_ws/build/theora_image_transport/test_results/theora_image_transport/uncrustify_rosidl_typesupport_fastrtps_c.xunit.xml" "--package-name" "theora_image_transport" "--output-file" "/home/shengbin/camera_ws/build/theora_image_transport/ament_uncrustify/uncrustify_rosidl_typesupport_fastrtps_c.txt" "--command" "/opt/ros/humble/bin/ament_uncrustify" "--xunit-file" "/home/shengbin/camera_ws/build/theora_image_transport/test_results/theora_image_transport/uncrustify_rosidl_typesupport_fastrtps_c.xunit.xml" "--linelength" "0" "/home/shengbin/camera_ws/build/theora_image_transport/rosidl_typesupport_fastrtps_c/theora_image_transport/msg/detail/packet__rosidl_typesupport_fastrtps_c.h" "/home/shengbin/camera_ws/build/theora_image_transport/rosidl_typesupport_fastrtps_c/theora_image_transport/msg/detail/packet__type_support_c.cpp"</Value>
				</NamedMeasurement>
				<NamedMeasurement type="text/string" name="Environment">
					<Value>#CTEST_RESOURCE_GROUP_COUNT=</Value>
				</NamedMeasurement>
				<Measurement>
					<Value>-- run_test.py: invoking following command in '/home/shengbin/camera_ws/src/image_transport_plugins/theora_image_transport':
 - /opt/ros/humble/bin/ament_uncrustify --xunit-file /home/shengbin/camera_ws/build/theora_image_transport/test_results/theora_image_transport/uncrustify_rosidl_typesupport_fastrtps_c.xunit.xml --linelength 0 /home/shengbin/camera_ws/build/theora_image_transport/rosidl_typesupport_fastrtps_c/theora_image_transport/msg/detail/packet__rosidl_typesupport_fastrtps_c.h /home/shengbin/camera_ws/build/theora_image_transport/rosidl_typesupport_fastrtps_c/theora_image_transport/msg/detail/packet__type_support_c.cpp
No code style divergence in file '/home/shengbin/camera_ws/build/theora_image_transport/rosidl_typesupport_fastrtps_c/theora_image_transport/msg/detail/packet__rosidl_typesupport_fastrtps_c.h'

No code style divergence in file '/home/shengbin/camera_ws/build/theora_image_transport/rosidl_typesupport_fastrtps_c/theora_image_transport/msg/detail/packet__type_support_c.cpp'

No problems found
-- run_test.py: return code 0
-- run_test.py: verify result file '/home/shengbin/camera_ws/build/theora_image_transport/test_results/theora_image_transport/uncrustify_rosidl_typesupport_fastrtps_c.xunit.xml'
</Value>
				</Measurement>
			</Results>
			<Labels>
				<Label>linter</Label>
				<Label>uncrustify</Label>
			</Labels>
		</Test>
		<Test Status="passed">
			<Name>cppcheck_rosidl_generated_cpp</Name>
			<Path>.</Path>
			<FullName>./cppcheck_rosidl_generated_cpp</FullName>
			<FullCommandLine>/usr/bin/python3.10 "-u" "/opt/ros/humble/share/ament_cmake_test/cmake/run_test.py" "/home/shengbin/camera_ws/build/theora_image_transport/test_results/theora_image_transport/cppcheck_rosidl_generated_cpp.xunit.xml" "--package-name" "theora_image_transport" "--output-file" "/home/shengbin/camera_ws/build/theora_image_transport/ament_cppcheck/cppcheck_rosidl_generated_cpp.txt" "--command" "/opt/ros/humble/bin/ament_cppcheck" "--xunit-file" "/home/shengbin/camera_ws/build/theora_image_transport/test_results/theora_image_transport/cppcheck_rosidl_generated_cpp.xunit.xml" "/home/shengbin/camera_ws/build/theora_image_transport/rosidl_generator_cpp/theora_image_transport"</FullCommandLine>
			<Results>
				<NamedMeasurement type="numeric/double" name="Execution Time">
					<Value>0.102693</Value>
				</NamedMeasurement>
				<NamedMeasurement type="numeric/double" name="Processors">
					<Value>1</Value>
				</NamedMeasurement>
				<NamedMeasurement type="text/string" name="Completion Status">
					<Value>Completed</Value>
				</NamedMeasurement>
				<NamedMeasurement type="text/string" name="Command Line">
					<Value>/usr/bin/python3.10 "-u" "/opt/ros/humble/share/ament_cmake_test/cmake/run_test.py" "/home/shengbin/camera_ws/build/theora_image_transport/test_results/theora_image_transport/cppcheck_rosidl_generated_cpp.xunit.xml" "--package-name" "theora_image_transport" "--output-file" "/home/shengbin/camera_ws/build/theora_image_transport/ament_cppcheck/cppcheck_rosidl_generated_cpp.txt" "--command" "/opt/ros/humble/bin/ament_cppcheck" "--xunit-file" "/home/shengbin/camera_ws/build/theora_image_transport/test_results/theora_image_transport/cppcheck_rosidl_generated_cpp.xunit.xml" "/home/shengbin/camera_ws/build/theora_image_transport/rosidl_generator_cpp/theora_image_transport"</Value>
				</NamedMeasurement>
				<NamedMeasurement type="text/string" name="Environment">
					<Value>#CTEST_RESOURCE_GROUP_COUNT=</Value>
				</NamedMeasurement>
				<Measurement>
					<Value>-- run_test.py: invoking following command in '/home/shengbin/camera_ws/src/image_transport_plugins/theora_image_transport':
 - /opt/ros/humble/bin/ament_cppcheck --xunit-file /home/shengbin/camera_ws/build/theora_image_transport/test_results/theora_image_transport/cppcheck_rosidl_generated_cpp.xunit.xml /home/shengbin/camera_ws/build/theora_image_transport/rosidl_generator_cpp/theora_image_transport
cppcheck 2.7 has known performance issues and therefore will not be used, set the AMENT_CPPCHECK_ALLOW_SLOW_VERSIONS environment variable to override this.
-- run_test.py: return code 0
-- run_test.py: verify result file '/home/shengbin/camera_ws/build/theora_image_transport/test_results/theora_image_transport/cppcheck_rosidl_generated_cpp.xunit.xml'
</Value>
				</Measurement>
			</Results>
			<Labels>
				<Label>cppcheck</Label>
				<Label>linter</Label>
			</Labels>
		</Test>
		<Test Status="passed">
			<Name>cpplint_rosidl_generated_cpp</Name>
			<Path>.</Path>
			<FullName>./cpplint_rosidl_generated_cpp</FullName>
			<FullCommandLine>/usr/bin/python3.10 "-u" "/opt/ros/humble/share/ament_cmake_test/cmake/run_test.py" "/home/shengbin/camera_ws/build/theora_image_transport/test_results/theora_image_transport/cpplint_rosidl_generated_cpp.xunit.xml" "--package-name" "theora_image_transport" "--output-file" "/home/shengbin/camera_ws/build/theora_image_transport/ament_cpplint/cpplint_rosidl_generated_cpp.txt" "--command" "/opt/ros/humble/bin/ament_cpplint" "--xunit-file" "/home/shengbin/camera_ws/build/theora_image_transport/test_results/theora_image_transport/cpplint_rosidl_generated_cpp.xunit.xml" "--linelength" "999" "--root" "/home/shengbin/camera_ws/build/theora_image_transport/rosidl_generator_cpp" "/home/shengbin/camera_ws/build/theora_image_transport/rosidl_generator_cpp/theora_image_transport"</FullCommandLine>
			<Results>
				<NamedMeasurement type="numeric/double" name="Execution Time">
					<Value>0.219342</Value>
				</NamedMeasurement>
				<NamedMeasurement type="numeric/double" name="Processors">
					<Value>1</Value>
				</NamedMeasurement>
				<NamedMeasurement type="text/string" name="Completion Status">
					<Value>Completed</Value>
				</NamedMeasurement>
				<NamedMeasurement type="text/string" name="Command Line">
					<Value>/usr/bin/python3.10 "-u" "/opt/ros/humble/share/ament_cmake_test/cmake/run_test.py" "/home/shengbin/camera_ws/build/theora_image_transport/test_results/theora_image_transport/cpplint_rosidl_generated_cpp.xunit.xml" "--package-name" "theora_image_transport" "--output-file" "/home/shengbin/camera_ws/build/theora_image_transport/ament_cpplint/cpplint_rosidl_generated_cpp.txt" "--command" "/opt/ros/humble/bin/ament_cpplint" "--xunit-file" "/home/shengbin/camera_ws/build/theora_image_transport/test_results/theora_image_transport/cpplint_rosidl_generated_cpp.xunit.xml" "--linelength" "999" "--root" "/home/shengbin/camera_ws/build/theora_image_transport/rosidl_generator_cpp" "/home/shengbin/camera_ws/build/theora_image_transport/rosidl_generator_cpp/theora_image_transport"</Value>
				</NamedMeasurement>
				<NamedMeasurement type="text/string" name="Environment">
					<Value>#CTEST_RESOURCE_GROUP_COUNT=</Value>
				</NamedMeasurement>
				<Measurement>
					<Value>-- run_test.py: invoking following command in '/home/shengbin/camera_ws/src/image_transport_plugins/theora_image_transport':
 - /opt/ros/humble/bin/ament_cpplint --xunit-file /home/shengbin/camera_ws/build/theora_image_transport/test_results/theora_image_transport/cpplint_rosidl_generated_cpp.xunit.xml --linelength 999 --root /home/shengbin/camera_ws/build/theora_image_transport/rosidl_generator_cpp /home/shengbin/camera_ws/build/theora_image_transport/rosidl_generator_cpp/theora_image_transport
Using '--root=/home/shengbin/camera_ws/build/theora_image_transport/rosidl_generator_cpp' argument

Done processing /home/shengbin/camera_ws/build/theora_image_transport/rosidl_generator_cpp/theora_image_transport/msg/detail/packet__builder.hpp

Done processing /home/shengbin/camera_ws/build/theora_image_transport/rosidl_generator_cpp/theora_image_transport/msg/detail/packet__struct.hpp

Done processing /home/shengbin/camera_ws/build/theora_image_transport/rosidl_generator_cpp/theora_image_transport/msg/detail/packet__traits.hpp

Done processing /home/shengbin/camera_ws/build/theora_image_transport/rosidl_generator_cpp/theora_image_transport/msg/packet.hpp

No problems found
-- run_test.py: return code 0
-- run_test.py: verify result file '/home/shengbin/camera_ws/build/theora_image_transport/test_results/theora_image_transport/cpplint_rosidl_generated_cpp.xunit.xml'
</Value>
				</Measurement>
			</Results>
			<Labels>
				<Label>cpplint</Label>
				<Label>linter</Label>
			</Labels>
		</Test>
		<Test Status="passed">
			<Name>uncrustify_rosidl_generated_cpp</Name>
			<Path>.</Path>
			<FullName>./uncrustify_rosidl_generated_cpp</FullName>
			<FullCommandLine>/usr/bin/python3.10 "-u" "/opt/ros/humble/share/ament_cmake_test/cmake/run_test.py" "/home/shengbin/camera_ws/build/theora_image_transport/test_results/theora_image_transport/uncrustify_rosidl_generated_cpp.xunit.xml" "--package-name" "theora_image_transport" "--output-file" "/home/shengbin/camera_ws/build/theora_image_transport/ament_uncrustify/uncrustify_rosidl_generated_cpp.txt" "--command" "/opt/ros/humble/bin/ament_uncrustify" "--xunit-file" "/home/shengbin/camera_ws/build/theora_image_transport/test_results/theora_image_transport/uncrustify_rosidl_generated_cpp.xunit.xml" "--linelength" "0" "/home/shengbin/camera_ws/build/theora_image_transport/rosidl_generator_cpp/theora_image_transport"</FullCommandLine>
			<Results>
				<NamedMeasurement type="numeric/double" name="Execution Time">
					<Value>0.114931</Value>
				</NamedMeasurement>
				<NamedMeasurement type="numeric/double" name="Processors">
					<Value>1</Value>
				</NamedMeasurement>
				<NamedMeasurement type="text/string" name="Completion Status">
					<Value>Completed</Value>
				</NamedMeasurement>
				<NamedMeasurement type="text/string" name="Command Line">
					<Value>/usr/bin/python3.10 "-u" "/opt/ros/humble/share/ament_cmake_test/cmake/run_test.py" "/home/shengbin/camera_ws/build/theora_image_transport/test_results/theora_image_transport/uncrustify_rosidl_generated_cpp.xunit.xml" "--package-name" "theora_image_transport" "--output-file" "/home/shengbin/camera_ws/build/theora_image_transport/ament_uncrustify/uncrustify_rosidl_generated_cpp.txt" "--command" "/opt/ros/humble/bin/ament_uncrustify" "--xunit-file" "/home/shengbin/camera_ws/build/theora_image_transport/test_results/theora_image_transport/uncrustify_rosidl_generated_cpp.xunit.xml" "--linelength" "0" "/home/shengbin/camera_ws/build/theora_image_transport/rosidl_generator_cpp/theora_image_transport"</Value>
				</NamedMeasurement>
				<NamedMeasurement type="text/string" name="Environment">
					<Value>#CTEST_RESOURCE_GROUP_COUNT=</Value>
				</NamedMeasurement>
				<Measurement>
					<Value>-- run_test.py: invoking following command in '/home/shengbin/camera_ws/src/image_transport_plugins/theora_image_transport':
 - /opt/ros/humble/bin/ament_uncrustify --xunit-file /home/shengbin/camera_ws/build/theora_image_transport/test_results/theora_image_transport/uncrustify_rosidl_generated_cpp.xunit.xml --linelength 0 /home/shengbin/camera_ws/build/theora_image_transport/rosidl_generator_cpp/theora_image_transport
No code style divergence in file '/home/shengbin/camera_ws/build/theora_image_transport/rosidl_generator_cpp/theora_image_transport/msg/detail/packet__builder.hpp'

No code style divergence in file '/home/shengbin/camera_ws/build/theora_image_transport/rosidl_generator_cpp/theora_image_transport/msg/detail/packet__struct.hpp'

No code style divergence in file '/home/shengbin/camera_ws/build/theora_image_transport/rosidl_generator_cpp/theora_image_transport/msg/detail/packet__traits.hpp'

No code style divergence in file '/home/shengbin/camera_ws/build/theora_image_transport/rosidl_generator_cpp/theora_image_transport/msg/packet.hpp'

No problems found
-- run_test.py: return code 0
-- run_test.py: verify result file '/home/shengbin/camera_ws/build/theora_image_transport/test_results/theora_image_transport/uncrustify_rosidl_generated_cpp.xunit.xml'
</Value>
				</Measurement>
			</Results>
			<Labels>
				<Label>linter</Label>
				<Label>uncrustify</Label>
			</Labels>
		</Test>
		<Test Status="passed">
			<Name>cppcheck_rosidl_typesupport_fastrtps_cpp</Name>
			<Path>.</Path>
			<FullName>./cppcheck_rosidl_typesupport_fastrtps_cpp</FullName>
			<FullCommandLine>/usr/bin/python3.10 "-u" "/opt/ros/humble/share/ament_cmake_test/cmake/run_test.py" "/home/shengbin/camera_ws/build/theora_image_transport/test_results/theora_image_transport/cppcheck_rosidl_typesupport_fastrtps_cpp.xunit.xml" "--package-name" "theora_image_transport" "--output-file" "/home/shengbin/camera_ws/build/theora_image_transport/ament_cppcheck/cppcheck_rosidl_typesupport_fastrtps_cpp.txt" "--command" "/opt/ros/humble/bin/ament_cppcheck" "--xunit-file" "/home/shengbin/camera_ws/build/theora_image_transport/test_results/theora_image_transport/cppcheck_rosidl_typesupport_fastrtps_cpp.xunit.xml" "/home/shengbin/camera_ws/build/theora_image_transport/rosidl_typesupport_fastrtps_cpp/theora_image_transport/msg/detail/dds_fastrtps/packet__type_support.cpp" "/home/shengbin/camera_ws/build/theora_image_transport/rosidl_typesupport_fastrtps_cpp/theora_image_transport/msg/detail/packet__rosidl_typesupport_fastrtps_cpp.hpp"</FullCommandLine>
			<Results>
				<NamedMeasurement type="numeric/double" name="Execution Time">
					<Value>0.105405</Value>
				</NamedMeasurement>
				<NamedMeasurement type="numeric/double" name="Processors">
					<Value>1</Value>
				</NamedMeasurement>
				<NamedMeasurement type="text/string" name="Completion Status">
					<Value>Completed</Value>
				</NamedMeasurement>
				<NamedMeasurement type="text/string" name="Command Line">
					<Value>/usr/bin/python3.10 "-u" "/opt/ros/humble/share/ament_cmake_test/cmake/run_test.py" "/home/shengbin/camera_ws/build/theora_image_transport/test_results/theora_image_transport/cppcheck_rosidl_typesupport_fastrtps_cpp.xunit.xml" "--package-name" "theora_image_transport" "--output-file" "/home/shengbin/camera_ws/build/theora_image_transport/ament_cppcheck/cppcheck_rosidl_typesupport_fastrtps_cpp.txt" "--command" "/opt/ros/humble/bin/ament_cppcheck" "--xunit-file" "/home/shengbin/camera_ws/build/theora_image_transport/test_results/theora_image_transport/cppcheck_rosidl_typesupport_fastrtps_cpp.xunit.xml" "/home/shengbin/camera_ws/build/theora_image_transport/rosidl_typesupport_fastrtps_cpp/theora_image_transport/msg/detail/dds_fastrtps/packet__type_support.cpp" "/home/shengbin/camera_ws/build/theora_image_transport/rosidl_typesupport_fastrtps_cpp/theora_image_transport/msg/detail/packet__rosidl_typesupport_fastrtps_cpp.hpp"</Value>
				</NamedMeasurement>
				<NamedMeasurement type="text/string" name="Environment">
					<Value>#CTEST_RESOURCE_GROUP_COUNT=</Value>
				</NamedMeasurement>
				<Measurement>
					<Value>-- run_test.py: invoking following command in '/home/shengbin/camera_ws/src/image_transport_plugins/theora_image_transport':
 - /opt/ros/humble/bin/ament_cppcheck --xunit-file /home/shengbin/camera_ws/build/theora_image_transport/test_results/theora_image_transport/cppcheck_rosidl_typesupport_fastrtps_cpp.xunit.xml /home/shengbin/camera_ws/build/theora_image_transport/rosidl_typesupport_fastrtps_cpp/theora_image_transport/msg/detail/dds_fastrtps/packet__type_support.cpp /home/shengbin/camera_ws/build/theora_image_transport/rosidl_typesupport_fastrtps_cpp/theora_image_transport/msg/detail/packet__rosidl_typesupport_fastrtps_cpp.hpp
cppcheck 2.7 has known performance issues and therefore will not be used, set the AMENT_CPPCHECK_ALLOW_SLOW_VERSIONS environment variable to override this.
-- run_test.py: return code 0
-- run_test.py: verify result file '/home/shengbin/camera_ws/build/theora_image_transport/test_results/theora_image_transport/cppcheck_rosidl_typesupport_fastrtps_cpp.xunit.xml'
</Value>
				</Measurement>
			</Results>
			<Labels>
				<Label>cppcheck</Label>
				<Label>linter</Label>
			</Labels>
		</Test>
		<Test Status="passed">
			<Name>cpplint_rosidl_typesupport_fastrtps_cpp</Name>
			<Path>.</Path>
			<FullName>./cpplint_rosidl_typesupport_fastrtps_cpp</FullName>
			<FullCommandLine>/usr/bin/python3.10 "-u" "/opt/ros/humble/share/ament_cmake_test/cmake/run_test.py" "/home/shengbin/camera_ws/build/theora_image_transport/test_results/theora_image_transport/cpplint_rosidl_typesupport_fastrtps_cpp.xunit.xml" "--package-name" "theora_image_transport" "--output-file" "/home/shengbin/camera_ws/build/theora_image_transport/ament_cpplint/cpplint_rosidl_typesupport_fastrtps_cpp.txt" "--command" "/opt/ros/humble/bin/ament_cpplint" "--xunit-file" "/home/shengbin/camera_ws/build/theora_image_transport/test_results/theora_image_transport/cpplint_rosidl_typesupport_fastrtps_cpp.xunit.xml" "--linelength" "999" "--root" "/home/shengbin/camera_ws/build/theora_image_transport/rosidl_typesupport_fastrtps_cpp" "/home/shengbin/camera_ws/build/theora_image_transport/rosidl_typesupport_fastrtps_cpp/theora_image_transport/msg/detail/dds_fastrtps/packet__type_support.cpp" "/home/shengbin/camera_ws/build/theora_image_transport/rosidl_typesupport_fastrtps_cpp/theora_image_transport/msg/detail/packet__rosidl_typesupport_fastrtps_cpp.hpp"</FullCommandLine>
			<Results>
				<NamedMeasurement type="numeric/double" name="Execution Time">
					<Value>0.164099</Value>
				</NamedMeasurement>
				<NamedMeasurement type="numeric/double" name="Processors">
					<Value>1</Value>
				</NamedMeasurement>
				<NamedMeasurement type="text/string" name="Completion Status">
					<Value>Completed</Value>
				</NamedMeasurement>
				<NamedMeasurement type="text/string" name="Command Line">
					<Value>/usr/bin/python3.10 "-u" "/opt/ros/humble/share/ament_cmake_test/cmake/run_test.py" "/home/shengbin/camera_ws/build/theora_image_transport/test_results/theora_image_transport/cpplint_rosidl_typesupport_fastrtps_cpp.xunit.xml" "--package-name" "theora_image_transport" "--output-file" "/home/shengbin/camera_ws/build/theora_image_transport/ament_cpplint/cpplint_rosidl_typesupport_fastrtps_cpp.txt" "--command" "/opt/ros/humble/bin/ament_cpplint" "--xunit-file" "/home/shengbin/camera_ws/build/theora_image_transport/test_results/theora_image_transport/cpplint_rosidl_typesupport_fastrtps_cpp.xunit.xml" "--linelength" "999" "--root" "/home/shengbin/camera_ws/build/theora_image_transport/rosidl_typesupport_fastrtps_cpp" "/home/shengbin/camera_ws/build/theora_image_transport/rosidl_typesupport_fastrtps_cpp/theora_image_transport/msg/detail/dds_fastrtps/packet__type_support.cpp" "/home/shengbin/camera_ws/build/theora_image_transport/rosidl_typesupport_fastrtps_cpp/theora_image_transport/msg/detail/packet__rosidl_typesupport_fastrtps_cpp.hpp"</Value>
				</NamedMeasurement>
				<NamedMeasurement type="text/string" name="Environment">
					<Value>#CTEST_RESOURCE_GROUP_COUNT=</Value>
				</NamedMeasurement>
				<Measurement>
					<Value>-- run_test.py: invoking following command in '/home/shengbin/camera_ws/src/image_transport_plugins/theora_image_transport':
 - /opt/ros/humble/bin/ament_cpplint --xunit-file /home/shengbin/camera_ws/build/theora_image_transport/test_results/theora_image_transport/cpplint_rosidl_typesupport_fastrtps_cpp.xunit.xml --linelength 999 --root /home/shengbin/camera_ws/build/theora_image_transport/rosidl_typesupport_fastrtps_cpp /home/shengbin/camera_ws/build/theora_image_transport/rosidl_typesupport_fastrtps_cpp/theora_image_transport/msg/detail/dds_fastrtps/packet__type_support.cpp /home/shengbin/camera_ws/build/theora_image_transport/rosidl_typesupport_fastrtps_cpp/theora_image_transport/msg/detail/packet__rosidl_typesupport_fastrtps_cpp.hpp
Using '--root=/home/shengbin/camera_ws/build/theora_image_transport/rosidl_typesupport_fastrtps_cpp' argument

Done processing /home/shengbin/camera_ws/build/theora_image_transport/rosidl_typesupport_fastrtps_cpp/theora_image_transport/msg/detail/dds_fastrtps/packet__type_support.cpp

Done processing /home/shengbin/camera_ws/build/theora_image_transport/rosidl_typesupport_fastrtps_cpp/theora_image_transport/msg/detail/packet__rosidl_typesupport_fastrtps_cpp.hpp

No problems found
-- run_test.py: return code 0
-- run_test.py: verify result file '/home/shengbin/camera_ws/build/theora_image_transport/test_results/theora_image_transport/cpplint_rosidl_typesupport_fastrtps_cpp.xunit.xml'
</Value>
				</Measurement>
			</Results>
			<Labels>
				<Label>cpplint</Label>
				<Label>linter</Label>
			</Labels>
		</Test>
		<Test Status="passed">
			<Name>uncrustify_rosidl_typesupport_fastrtps_cpp</Name>
			<Path>.</Path>
			<FullName>./uncrustify_rosidl_typesupport_fastrtps_cpp</FullName>
			<FullCommandLine>/usr/bin/python3.10 "-u" "/opt/ros/humble/share/ament_cmake_test/cmake/run_test.py" "/home/shengbin/camera_ws/build/theora_image_transport/test_results/theora_image_transport/uncrustify_rosidl_typesupport_fastrtps_cpp.xunit.xml" "--package-name" "theora_image_transport" "--output-file" "/home/shengbin/camera_ws/build/theora_image_transport/ament_uncrustify/uncrustify_rosidl_typesupport_fastrtps_cpp.txt" "--command" "/opt/ros/humble/bin/ament_uncrustify" "--xunit-file" "/home/shengbin/camera_ws/build/theora_image_transport/test_results/theora_image_transport/uncrustify_rosidl_typesupport_fastrtps_cpp.xunit.xml" "--linelength" "0" "/home/shengbin/camera_ws/build/theora_image_transport/rosidl_typesupport_fastrtps_cpp/theora_image_transport/msg/detail/dds_fastrtps/packet__type_support.cpp" "/home/shengbin/camera_ws/build/theora_image_transport/rosidl_typesupport_fastrtps_cpp/theora_image_transport/msg/detail/packet__rosidl_typesupport_fastrtps_cpp.hpp"</FullCommandLine>
			<Results>
				<NamedMeasurement type="numeric/double" name="Execution Time">
					<Value>0.110271</Value>
				</NamedMeasurement>
				<NamedMeasurement type="numeric/double" name="Processors">
					<Value>1</Value>
				</NamedMeasurement>
				<NamedMeasurement type="text/string" name="Completion Status">
					<Value>Completed</Value>
				</NamedMeasurement>
				<NamedMeasurement type="text/string" name="Command Line">
					<Value>/usr/bin/python3.10 "-u" "/opt/ros/humble/share/ament_cmake_test/cmake/run_test.py" "/home/shengbin/camera_ws/build/theora_image_transport/test_results/theora_image_transport/uncrustify_rosidl_typesupport_fastrtps_cpp.xunit.xml" "--package-name" "theora_image_transport" "--output-file" "/home/shengbin/camera_ws/build/theora_image_transport/ament_uncrustify/uncrustify_rosidl_typesupport_fastrtps_cpp.txt" "--command" "/opt/ros/humble/bin/ament_uncrustify" "--xunit-file" "/home/shengbin/camera_ws/build/theora_image_transport/test_results/theora_image_transport/uncrustify_rosidl_typesupport_fastrtps_cpp.xunit.xml" "--linelength" "0" "/home/shengbin/camera_ws/build/theora_image_transport/rosidl_typesupport_fastrtps_cpp/theora_image_transport/msg/detail/dds_fastrtps/packet__type_support.cpp" "/home/shengbin/camera_ws/build/theora_image_transport/rosidl_typesupport_fastrtps_cpp/theora_image_transport/msg/detail/packet__rosidl_typesupport_fastrtps_cpp.hpp"</Value>
				</NamedMeasurement>
				<NamedMeasurement type="text/string" name="Environment">
					<Value>#CTEST_RESOURCE_GROUP_COUNT=</Value>
				</NamedMeasurement>
				<Measurement>
					<Value>-- run_test.py: invoking following command in '/home/shengbin/camera_ws/src/image_transport_plugins/theora_image_transport':
 - /opt/ros/humble/bin/ament_uncrustify --xunit-file /home/shengbin/camera_ws/build/theora_image_transport/test_results/theora_image_transport/uncrustify_rosidl_typesupport_fastrtps_cpp.xunit.xml --linelength 0 /home/shengbin/camera_ws/build/theora_image_transport/rosidl_typesupport_fastrtps_cpp/theora_image_transport/msg/detail/dds_fastrtps/packet__type_support.cpp /home/shengbin/camera_ws/build/theora_image_transport/rosidl_typesupport_fastrtps_cpp/theora_image_transport/msg/detail/packet__rosidl_typesupport_fastrtps_cpp.hpp
No code style divergence in file '/home/shengbin/camera_ws/build/theora_image_transport/rosidl_typesupport_fastrtps_cpp/theora_image_transport/msg/detail/dds_fastrtps/packet__type_support.cpp'

No code style divergence in file '/home/shengbin/camera_ws/build/theora_image_transport/rosidl_typesupport_fastrtps_cpp/theora_image_transport/msg/detail/packet__rosidl_typesupport_fastrtps_cpp.hpp'

No problems found
-- run_test.py: return code 0
-- run_test.py: verify result file '/home/shengbin/camera_ws/build/theora_image_transport/test_results/theora_image_transport/uncrustify_rosidl_typesupport_fastrtps_cpp.xunit.xml'
</Value>
				</Measurement>
			</Results>
			<Labels>
				<Label>linter</Label>
				<Label>uncrustify</Label>
			</Labels>
		</Test>
		<Test Status="passed">
			<Name>cppcheck_rosidl_typesupport_introspection_c</Name>
			<Path>.</Path>
			<FullName>./cppcheck_rosidl_typesupport_introspection_c</FullName>
			<FullCommandLine>/usr/bin/python3.10 "-u" "/opt/ros/humble/share/ament_cmake_test/cmake/run_test.py" "/home/shengbin/camera_ws/build/theora_image_transport/test_results/theora_image_transport/cppcheck_rosidl_typesupport_introspection_c.xunit.xml" "--package-name" "theora_image_transport" "--output-file" "/home/shengbin/camera_ws/build/theora_image_transport/ament_cppcheck/cppcheck_rosidl_typesupport_introspection_c.txt" "--command" "/opt/ros/humble/bin/ament_cppcheck" "--xunit-file" "/home/shengbin/camera_ws/build/theora_image_transport/test_results/theora_image_transport/cppcheck_rosidl_typesupport_introspection_c.xunit.xml" "/home/shengbin/camera_ws/build/theora_image_transport/rosidl_typesupport_introspection_c/theora_image_transport"</FullCommandLine>
			<Results>
				<NamedMeasurement type="numeric/double" name="Execution Time">
					<Value>0.104321</Value>
				</NamedMeasurement>
				<NamedMeasurement type="numeric/double" name="Processors">
					<Value>1</Value>
				</NamedMeasurement>
				<NamedMeasurement type="text/string" name="Completion Status">
					<Value>Completed</Value>
				</NamedMeasurement>
				<NamedMeasurement type="text/string" name="Command Line">
					<Value>/usr/bin/python3.10 "-u" "/opt/ros/humble/share/ament_cmake_test/cmake/run_test.py" "/home/shengbin/camera_ws/build/theora_image_transport/test_results/theora_image_transport/cppcheck_rosidl_typesupport_introspection_c.xunit.xml" "--package-name" "theora_image_transport" "--output-file" "/home/shengbin/camera_ws/build/theora_image_transport/ament_cppcheck/cppcheck_rosidl_typesupport_introspection_c.txt" "--command" "/opt/ros/humble/bin/ament_cppcheck" "--xunit-file" "/home/shengbin/camera_ws/build/theora_image_transport/test_results/theora_image_transport/cppcheck_rosidl_typesupport_introspection_c.xunit.xml" "/home/shengbin/camera_ws/build/theora_image_transport/rosidl_typesupport_introspection_c/theora_image_transport"</Value>
				</NamedMeasurement>
				<NamedMeasurement type="text/string" name="Environment">
					<Value>#CTEST_RESOURCE_GROUP_COUNT=</Value>
				</NamedMeasurement>
				<Measurement>
					<Value>-- run_test.py: invoking following command in '/home/shengbin/camera_ws/src/image_transport_plugins/theora_image_transport':
 - /opt/ros/humble/bin/ament_cppcheck --xunit-file /home/shengbin/camera_ws/build/theora_image_transport/test_results/theora_image_transport/cppcheck_rosidl_typesupport_introspection_c.xunit.xml /home/shengbin/camera_ws/build/theora_image_transport/rosidl_typesupport_introspection_c/theora_image_transport
cppcheck 2.7 has known performance issues and therefore will not be used, set the AMENT_CPPCHECK_ALLOW_SLOW_VERSIONS environment variable to override this.
-- run_test.py: return code 0
-- run_test.py: verify result file '/home/shengbin/camera_ws/build/theora_image_transport/test_results/theora_image_transport/cppcheck_rosidl_typesupport_introspection_c.xunit.xml'
</Value>
				</Measurement>
			</Results>
			<Labels>
				<Label>cppcheck</Label>
				<Label>linter</Label>
			</Labels>
		</Test>
		<Test Status="passed">
			<Name>cpplint_rosidl_typesupport_introspection_c</Name>
			<Path>.</Path>
			<FullName>./cpplint_rosidl_typesupport_introspection_c</FullName>
			<FullCommandLine>/usr/bin/python3.10 "-u" "/opt/ros/humble/share/ament_cmake_test/cmake/run_test.py" "/home/shengbin/camera_ws/build/theora_image_transport/test_results/theora_image_transport/cpplint_rosidl_typesupport_introspection_c.xunit.xml" "--package-name" "theora_image_transport" "--output-file" "/home/shengbin/camera_ws/build/theora_image_transport/ament_cpplint/cpplint_rosidl_typesupport_introspection_c.txt" "--command" "/opt/ros/humble/bin/ament_cpplint" "--xunit-file" "/home/shengbin/camera_ws/build/theora_image_transport/test_results/theora_image_transport/cpplint_rosidl_typesupport_introspection_c.xunit.xml" "--linelength" "999" "--root" "/home/shengbin/camera_ws/build/theora_image_transport/rosidl_typesupport_introspection_c" "/home/shengbin/camera_ws/build/theora_image_transport/rosidl_typesupport_introspection_c/theora_image_transport"</FullCommandLine>
			<Results>
				<NamedMeasurement type="numeric/double" name="Execution Time">
					<Value>0.169684</Value>
				</NamedMeasurement>
				<NamedMeasurement type="numeric/double" name="Processors">
					<Value>1</Value>
				</NamedMeasurement>
				<NamedMeasurement type="text/string" name="Completion Status">
					<Value>Completed</Value>
				</NamedMeasurement>
				<NamedMeasurement type="text/string" name="Command Line">
					<Value>/usr/bin/python3.10 "-u" "/opt/ros/humble/share/ament_cmake_test/cmake/run_test.py" "/home/shengbin/camera_ws/build/theora_image_transport/test_results/theora_image_transport/cpplint_rosidl_typesupport_introspection_c.xunit.xml" "--package-name" "theora_image_transport" "--output-file" "/home/shengbin/camera_ws/build/theora_image_transport/ament_cpplint/cpplint_rosidl_typesupport_introspection_c.txt" "--command" "/opt/ros/humble/bin/ament_cpplint" "--xunit-file" "/home/shengbin/camera_ws/build/theora_image_transport/test_results/theora_image_transport/cpplint_rosidl_typesupport_introspection_c.xunit.xml" "--linelength" "999" "--root" "/home/shengbin/camera_ws/build/theora_image_transport/rosidl_typesupport_introspection_c" "/home/shengbin/camera_ws/build/theora_image_transport/rosidl_typesupport_introspection_c/theora_image_transport"</Value>
				</NamedMeasurement>
				<NamedMeasurement type="text/string" name="Environment">
					<Value>#CTEST_RESOURCE_GROUP_COUNT=</Value>
				</NamedMeasurement>
				<Measurement>
					<Value>-- run_test.py: invoking following command in '/home/shengbin/camera_ws/src/image_transport_plugins/theora_image_transport':
 - /opt/ros/humble/bin/ament_cpplint --xunit-file /home/shengbin/camera_ws/build/theora_image_transport/test_results/theora_image_transport/cpplint_rosidl_typesupport_introspection_c.xunit.xml --linelength 999 --root /home/shengbin/camera_ws/build/theora_image_transport/rosidl_typesupport_introspection_c /home/shengbin/camera_ws/build/theora_image_transport/rosidl_typesupport_introspection_c/theora_image_transport
Using '--root=/home/shengbin/camera_ws/build/theora_image_transport/rosidl_typesupport_introspection_c' argument

Done processing /home/shengbin/camera_ws/build/theora_image_transport/rosidl_typesupport_introspection_c/theora_image_transport/msg/detail/packet__rosidl_typesupport_introspection_c.h

Done processing /home/shengbin/camera_ws/build/theora_image_transport/rosidl_typesupport_introspection_c/theora_image_transport/msg/detail/packet__type_support.c

Done processing /home/shengbin/camera_ws/build/theora_image_transport/rosidl_typesupport_introspection_c/theora_image_transport/msg/rosidl_typesupport_introspection_c__visibility_control.h

No problems found
-- run_test.py: return code 0
-- run_test.py: verify result file '/home/shengbin/camera_ws/build/theora_image_transport/test_results/theora_image_transport/cpplint_rosidl_typesupport_introspection_c.xunit.xml'
</Value>
				</Measurement>
			</Results>
			<Labels>
				<Label>cpplint</Label>
				<Label>linter</Label>
			</Labels>
		</Test>
		<Test Status="passed">
			<Name>uncrustify_rosidl_typesupport_introspection_c</Name>
			<Path>.</Path>
			<FullName>./uncrustify_rosidl_typesupport_introspection_c</FullName>
			<FullCommandLine>/usr/bin/python3.10 "-u" "/opt/ros/humble/share/ament_cmake_test/cmake/run_test.py" "/home/shengbin/camera_ws/build/theora_image_transport/test_results/theora_image_transport/uncrustify_rosidl_typesupport_introspection_c.xunit.xml" "--package-name" "theora_image_transport" "--output-file" "/home/shengbin/camera_ws/build/theora_image_transport/ament_uncrustify/uncrustify_rosidl_typesupport_introspection_c.txt" "--command" "/opt/ros/humble/bin/ament_uncrustify" "--xunit-file" "/home/shengbin/camera_ws/build/theora_image_transport/test_results/theora_image_transport/uncrustify_rosidl_typesupport_introspection_c.xunit.xml" "--linelength" "0" "/home/shengbin/camera_ws/build/theora_image_transport/rosidl_typesupport_introspection_c/theora_image_transport"</FullCommandLine>
			<Results>
				<NamedMeasurement type="numeric/double" name="Execution Time">
					<Value>0.111149</Value>
				</NamedMeasurement>
				<NamedMeasurement type="numeric/double" name="Processors">
					<Value>1</Value>
				</NamedMeasurement>
				<NamedMeasurement type="text/string" name="Completion Status">
					<Value>Completed</Value>
				</NamedMeasurement>
				<NamedMeasurement type="text/string" name="Command Line">
					<Value>/usr/bin/python3.10 "-u" "/opt/ros/humble/share/ament_cmake_test/cmake/run_test.py" "/home/shengbin/camera_ws/build/theora_image_transport/test_results/theora_image_transport/uncrustify_rosidl_typesupport_introspection_c.xunit.xml" "--package-name" "theora_image_transport" "--output-file" "/home/shengbin/camera_ws/build/theora_image_transport/ament_uncrustify/uncrustify_rosidl_typesupport_introspection_c.txt" "--command" "/opt/ros/humble/bin/ament_uncrustify" "--xunit-file" "/home/shengbin/camera_ws/build/theora_image_transport/test_results/theora_image_transport/uncrustify_rosidl_typesupport_introspection_c.xunit.xml" "--linelength" "0" "/home/shengbin/camera_ws/build/theora_image_transport/rosidl_typesupport_introspection_c/theora_image_transport"</Value>
				</NamedMeasurement>
				<NamedMeasurement type="text/string" name="Environment">
					<Value>#CTEST_RESOURCE_GROUP_COUNT=</Value>
				</NamedMeasurement>
				<Measurement>
					<Value>-- run_test.py: invoking following command in '/home/shengbin/camera_ws/src/image_transport_plugins/theora_image_transport':
 - /opt/ros/humble/bin/ament_uncrustify --xunit-file /home/shengbin/camera_ws/build/theora_image_transport/test_results/theora_image_transport/uncrustify_rosidl_typesupport_introspection_c.xunit.xml --linelength 0 /home/shengbin/camera_ws/build/theora_image_transport/rosidl_typesupport_introspection_c/theora_image_transport
No code style divergence in file '/home/shengbin/camera_ws/build/theora_image_transport/rosidl_typesupport_introspection_c/theora_image_transport/msg/detail/packet__rosidl_typesupport_introspection_c.h'

No code style divergence in file '/home/shengbin/camera_ws/build/theora_image_transport/rosidl_typesupport_introspection_c/theora_image_transport/msg/detail/packet__type_support.c'

No code style divergence in file '/home/shengbin/camera_ws/build/theora_image_transport/rosidl_typesupport_introspection_c/theora_image_transport/msg/rosidl_typesupport_introspection_c__visibility_control.h'

No problems found
-- run_test.py: return code 0
-- run_test.py: verify result file '/home/shengbin/camera_ws/build/theora_image_transport/test_results/theora_image_transport/uncrustify_rosidl_typesupport_introspection_c.xunit.xml'
</Value>
				</Measurement>
			</Results>
			<Labels>
				<Label>linter</Label>
				<Label>uncrustify</Label>
			</Labels>
		</Test>
		<Test Status="passed">
			<Name>cppcheck_rosidl_typesupport_c</Name>
			<Path>.</Path>
			<FullName>./cppcheck_rosidl_typesupport_c</FullName>
			<FullCommandLine>/usr/bin/python3.10 "-u" "/opt/ros/humble/share/ament_cmake_test/cmake/run_test.py" "/home/shengbin/camera_ws/build/theora_image_transport/test_results/theora_image_transport/cppcheck_rosidl_typesupport_c.xunit.xml" "--package-name" "theora_image_transport" "--output-file" "/home/shengbin/camera_ws/build/theora_image_transport/ament_cppcheck/cppcheck_rosidl_typesupport_c.txt" "--command" "/opt/ros/humble/bin/ament_cppcheck" "--xunit-file" "/home/shengbin/camera_ws/build/theora_image_transport/test_results/theora_image_transport/cppcheck_rosidl_typesupport_c.xunit.xml" "/home/shengbin/camera_ws/build/theora_image_transport/rosidl_typesupport_c/theora_image_transport"</FullCommandLine>
			<Results>
				<NamedMeasurement type="numeric/double" name="Execution Time">
					<Value>0.107091</Value>
				</NamedMeasurement>
				<NamedMeasurement type="numeric/double" name="Processors">
					<Value>1</Value>
				</NamedMeasurement>
				<NamedMeasurement type="text/string" name="Completion Status">
					<Value>Completed</Value>
				</NamedMeasurement>
				<NamedMeasurement type="text/string" name="Command Line">
					<Value>/usr/bin/python3.10 "-u" "/opt/ros/humble/share/ament_cmake_test/cmake/run_test.py" "/home/shengbin/camera_ws/build/theora_image_transport/test_results/theora_image_transport/cppcheck_rosidl_typesupport_c.xunit.xml" "--package-name" "theora_image_transport" "--output-file" "/home/shengbin/camera_ws/build/theora_image_transport/ament_cppcheck/cppcheck_rosidl_typesupport_c.txt" "--command" "/opt/ros/humble/bin/ament_cppcheck" "--xunit-file" "/home/shengbin/camera_ws/build/theora_image_transport/test_results/theora_image_transport/cppcheck_rosidl_typesupport_c.xunit.xml" "/home/shengbin/camera_ws/build/theora_image_transport/rosidl_typesupport_c/theora_image_transport"</Value>
				</NamedMeasurement>
				<NamedMeasurement type="text/string" name="Environment">
					<Value>#CTEST_RESOURCE_GROUP_COUNT=</Value>
				</NamedMeasurement>
				<Measurement>
					<Value>-- run_test.py: invoking following command in '/home/shengbin/camera_ws/src/image_transport_plugins/theora_image_transport':
 - /opt/ros/humble/bin/ament_cppcheck --xunit-file /home/shengbin/camera_ws/build/theora_image_transport/test_results/theora_image_transport/cppcheck_rosidl_typesupport_c.xunit.xml /home/shengbin/camera_ws/build/theora_image_transport/rosidl_typesupport_c/theora_image_transport
cppcheck 2.7 has known performance issues and therefore will not be used, set the AMENT_CPPCHECK_ALLOW_SLOW_VERSIONS environment variable to override this.
-- run_test.py: return code 0
-- run_test.py: verify result file '/home/shengbin/camera_ws/build/theora_image_transport/test_results/theora_image_transport/cppcheck_rosidl_typesupport_c.xunit.xml'
</Value>
				</Measurement>
			</Results>
			<Labels>
				<Label>cppcheck</Label>
				<Label>linter</Label>
			</Labels>
		</Test>
		<Test Status="passed">
			<Name>cpplint_rosidl_typesupport_c</Name>
			<Path>.</Path>
			<FullName>./cpplint_rosidl_typesupport_c</FullName>
			<FullCommandLine>/usr/bin/python3.10 "-u" "/opt/ros/humble/share/ament_cmake_test/cmake/run_test.py" "/home/shengbin/camera_ws/build/theora_image_transport/test_results/theora_image_transport/cpplint_rosidl_typesupport_c.xunit.xml" "--package-name" "theora_image_transport" "--output-file" "/home/shengbin/camera_ws/build/theora_image_transport/ament_cpplint/cpplint_rosidl_typesupport_c.txt" "--command" "/opt/ros/humble/bin/ament_cpplint" "--xunit-file" "/home/shengbin/camera_ws/build/theora_image_transport/test_results/theora_image_transport/cpplint_rosidl_typesupport_c.xunit.xml" "--linelength" "999" "--root" "/home/shengbin/camera_ws/build/theora_image_transport/rosidl_typesupport_c" "/home/shengbin/camera_ws/build/theora_image_transport/rosidl_typesupport_c/theora_image_transport"</FullCommandLine>
			<Results>
				<NamedMeasurement type="numeric/double" name="Execution Time">
					<Value>0.127693</Value>
				</NamedMeasurement>
				<NamedMeasurement type="numeric/double" name="Processors">
					<Value>1</Value>
				</NamedMeasurement>
				<NamedMeasurement type="text/string" name="Completion Status">
					<Value>Completed</Value>
				</NamedMeasurement>
				<NamedMeasurement type="text/string" name="Command Line">
					<Value>/usr/bin/python3.10 "-u" "/opt/ros/humble/share/ament_cmake_test/cmake/run_test.py" "/home/shengbin/camera_ws/build/theora_image_transport/test_results/theora_image_transport/cpplint_rosidl_typesupport_c.xunit.xml" "--package-name" "theora_image_transport" "--output-file" "/home/shengbin/camera_ws/build/theora_image_transport/ament_cpplint/cpplint_rosidl_typesupport_c.txt" "--command" "/opt/ros/humble/bin/ament_cpplint" "--xunit-file" "/home/shengbin/camera_ws/build/theora_image_transport/test_results/theora_image_transport/cpplint_rosidl_typesupport_c.xunit.xml" "--linelength" "999" "--root" "/home/shengbin/camera_ws/build/theora_image_transport/rosidl_typesupport_c" "/home/shengbin/camera_ws/build/theora_image_transport/rosidl_typesupport_c/theora_image_transport"</Value>
				</NamedMeasurement>
				<NamedMeasurement type="text/string" name="Environment">
					<Value>#CTEST_RESOURCE_GROUP_COUNT=</Value>
				</NamedMeasurement>
				<Measurement>
					<Value>-- run_test.py: invoking following command in '/home/shengbin/camera_ws/src/image_transport_plugins/theora_image_transport':
 - /opt/ros/humble/bin/ament_cpplint --xunit-file /home/shengbin/camera_ws/build/theora_image_transport/test_results/theora_image_transport/cpplint_rosidl_typesupport_c.xunit.xml --linelength 999 --root /home/shengbin/camera_ws/build/theora_image_transport/rosidl_typesupport_c /home/shengbin/camera_ws/build/theora_image_transport/rosidl_typesupport_c/theora_image_transport
Using '--root=/home/shengbin/camera_ws/build/theora_image_transport/rosidl_typesupport_c' argument

Done processing /home/shengbin/camera_ws/build/theora_image_transport/rosidl_typesupport_c/theora_image_transport/msg/packet__type_support.cpp

No problems found
-- run_test.py: return code 0
-- run_test.py: verify result file '/home/shengbin/camera_ws/build/theora_image_transport/test_results/theora_image_transport/cpplint_rosidl_typesupport_c.xunit.xml'
</Value>
				</Measurement>
			</Results>
			<Labels>
				<Label>cpplint</Label>
				<Label>linter</Label>
			</Labels>
		</Test>
		<Test Status="passed">
			<Name>uncrustify_rosidl_typesupport_c</Name>
			<Path>.</Path>
			<FullName>./uncrustify_rosidl_typesupport_c</FullName>
			<FullCommandLine>/usr/bin/python3.10 "-u" "/opt/ros/humble/share/ament_cmake_test/cmake/run_test.py" "/home/shengbin/camera_ws/build/theora_image_transport/test_results/theora_image_transport/uncrustify_rosidl_typesupport_c.xunit.xml" "--package-name" "theora_image_transport" "--output-file" "/home/shengbin/camera_ws/build/theora_image_transport/ament_uncrustify/uncrustify_rosidl_typesupport_c.txt" "--command" "/opt/ros/humble/bin/ament_uncrustify" "--xunit-file" "/home/shengbin/camera_ws/build/theora_image_transport/test_results/theora_image_transport/uncrustify_rosidl_typesupport_c.xunit.xml" "--linelength" "0" "/home/shengbin/camera_ws/build/theora_image_transport/rosidl_typesupport_c/theora_image_transport"</FullCommandLine>
			<Results>
				<NamedMeasurement type="numeric/double" name="Execution Time">
					<Value>0.107846</Value>
				</NamedMeasurement>
				<NamedMeasurement type="numeric/double" name="Processors">
					<Value>1</Value>
				</NamedMeasurement>
				<NamedMeasurement type="text/string" name="Completion Status">
					<Value>Completed</Value>
				</NamedMeasurement>
				<NamedMeasurement type="text/string" name="Command Line">
					<Value>/usr/bin/python3.10 "-u" "/opt/ros/humble/share/ament_cmake_test/cmake/run_test.py" "/home/shengbin/camera_ws/build/theora_image_transport/test_results/theora_image_transport/uncrustify_rosidl_typesupport_c.xunit.xml" "--package-name" "theora_image_transport" "--output-file" "/home/shengbin/camera_ws/build/theora_image_transport/ament_uncrustify/uncrustify_rosidl_typesupport_c.txt" "--command" "/opt/ros/humble/bin/ament_uncrustify" "--xunit-file" "/home/shengbin/camera_ws/build/theora_image_transport/test_results/theora_image_transport/uncrustify_rosidl_typesupport_c.xunit.xml" "--linelength" "0" "/home/shengbin/camera_ws/build/theora_image_transport/rosidl_typesupport_c/theora_image_transport"</Value>
				</NamedMeasurement>
				<NamedMeasurement type="text/string" name="Environment">
					<Value>#CTEST_RESOURCE_GROUP_COUNT=</Value>
				</NamedMeasurement>
				<Measurement>
					<Value>-- run_test.py: invoking following command in '/home/shengbin/camera_ws/src/image_transport_plugins/theora_image_transport':
 - /opt/ros/humble/bin/ament_uncrustify --xunit-file /home/shengbin/camera_ws/build/theora_image_transport/test_results/theora_image_transport/uncrustify_rosidl_typesupport_c.xunit.xml --linelength 0 /home/shengbin/camera_ws/build/theora_image_transport/rosidl_typesupport_c/theora_image_transport
No code style divergence in file '/home/shengbin/camera_ws/build/theora_image_transport/rosidl_typesupport_c/theora_image_transport/msg/packet__type_support.cpp'

No problems found
-- run_test.py: return code 0
-- run_test.py: verify result file '/home/shengbin/camera_ws/build/theora_image_transport/test_results/theora_image_transport/uncrustify_rosidl_typesupport_c.xunit.xml'
</Value>
				</Measurement>
			</Results>
			<Labels>
				<Label>linter</Label>
				<Label>uncrustify</Label>
			</Labels>
		</Test>
		<Test Status="passed">
			<Name>cppcheck_rosidl_typesupport_introspection_cpp</Name>
			<Path>.</Path>
			<FullName>./cppcheck_rosidl_typesupport_introspection_cpp</FullName>
			<FullCommandLine>/usr/bin/python3.10 "-u" "/opt/ros/humble/share/ament_cmake_test/cmake/run_test.py" "/home/shengbin/camera_ws/build/theora_image_transport/test_results/theora_image_transport/cppcheck_rosidl_typesupport_introspection_cpp.xunit.xml" "--package-name" "theora_image_transport" "--output-file" "/home/shengbin/camera_ws/build/theora_image_transport/ament_cppcheck/cppcheck_rosidl_typesupport_introspection_cpp.txt" "--command" "/opt/ros/humble/bin/ament_cppcheck" "--xunit-file" "/home/shengbin/camera_ws/build/theora_image_transport/test_results/theora_image_transport/cppcheck_rosidl_typesupport_introspection_cpp.xunit.xml" "/home/shengbin/camera_ws/build/theora_image_transport/rosidl_typesupport_introspection_cpp/theora_image_transport"</FullCommandLine>
			<Results>
				<NamedMeasurement type="numeric/double" name="Execution Time">
					<Value>0.106158</Value>
				</NamedMeasurement>
				<NamedMeasurement type="numeric/double" name="Processors">
					<Value>1</Value>
				</NamedMeasurement>
				<NamedMeasurement type="text/string" name="Completion Status">
					<Value>Completed</Value>
				</NamedMeasurement>
				<NamedMeasurement type="text/string" name="Command Line">
					<Value>/usr/bin/python3.10 "-u" "/opt/ros/humble/share/ament_cmake_test/cmake/run_test.py" "/home/shengbin/camera_ws/build/theora_image_transport/test_results/theora_image_transport/cppcheck_rosidl_typesupport_introspection_cpp.xunit.xml" "--package-name" "theora_image_transport" "--output-file" "/home/shengbin/camera_ws/build/theora_image_transport/ament_cppcheck/cppcheck_rosidl_typesupport_introspection_cpp.txt" "--command" "/opt/ros/humble/bin/ament_cppcheck" "--xunit-file" "/home/shengbin/camera_ws/build/theora_image_transport/test_results/theora_image_transport/cppcheck_rosidl_typesupport_introspection_cpp.xunit.xml" "/home/shengbin/camera_ws/build/theora_image_transport/rosidl_typesupport_introspection_cpp/theora_image_transport"</Value>
				</NamedMeasurement>
				<NamedMeasurement type="text/string" name="Environment">
					<Value>#CTEST_RESOURCE_GROUP_COUNT=</Value>
				</NamedMeasurement>
				<Measurement>
					<Value>-- run_test.py: invoking following command in '/home/shengbin/camera_ws/src/image_transport_plugins/theora_image_transport':
 - /opt/ros/humble/bin/ament_cppcheck --xunit-file /home/shengbin/camera_ws/build/theora_image_transport/test_results/theora_image_transport/cppcheck_rosidl_typesupport_introspection_cpp.xunit.xml /home/shengbin/camera_ws/build/theora_image_transport/rosidl_typesupport_introspection_cpp/theora_image_transport
cppcheck 2.7 has known performance issues and therefore will not be used, set the AMENT_CPPCHECK_ALLOW_SLOW_VERSIONS environment variable to override this.
-- run_test.py: return code 0
-- run_test.py: verify result file '/home/shengbin/camera_ws/build/theora_image_transport/test_results/theora_image_transport/cppcheck_rosidl_typesupport_introspection_cpp.xunit.xml'
</Value>
				</Measurement>
			</Results>
			<Labels>
				<Label>cppcheck</Label>
				<Label>linter</Label>
			</Labels>
		</Test>
		<Test Status="passed">
			<Name>cpplint_rosidl_typesupport_introspection_cpp</Name>
			<Path>.</Path>
			<FullName>./cpplint_rosidl_typesupport_introspection_cpp</FullName>
			<FullCommandLine>/usr/bin/python3.10 "-u" "/opt/ros/humble/share/ament_cmake_test/cmake/run_test.py" "/home/shengbin/camera_ws/build/theora_image_transport/test_results/theora_image_transport/cpplint_rosidl_typesupport_introspection_cpp.xunit.xml" "--package-name" "theora_image_transport" "--output-file" "/home/shengbin/camera_ws/build/theora_image_transport/ament_cpplint/cpplint_rosidl_typesupport_introspection_cpp.txt" "--command" "/opt/ros/humble/bin/ament_cpplint" "--xunit-file" "/home/shengbin/camera_ws/build/theora_image_transport/test_results/theora_image_transport/cpplint_rosidl_typesupport_introspection_cpp.xunit.xml" "--linelength" "999" "--root" "/home/shengbin/camera_ws/build/theora_image_transport/rosidl_typesupport_introspection_cpp" "/home/shengbin/camera_ws/build/theora_image_transport/rosidl_typesupport_introspection_cpp/theora_image_transport"</FullCommandLine>
			<Results>
				<NamedMeasurement type="numeric/double" name="Execution Time">
					<Value>0.148756</Value>
				</NamedMeasurement>
				<NamedMeasurement type="numeric/double" name="Processors">
					<Value>1</Value>
				</NamedMeasurement>
				<NamedMeasurement type="text/string" name="Completion Status">
					<Value>Completed</Value>
				</NamedMeasurement>
				<NamedMeasurement type="text/string" name="Command Line">
					<Value>/usr/bin/python3.10 "-u" "/opt/ros/humble/share/ament_cmake_test/cmake/run_test.py" "/home/shengbin/camera_ws/build/theora_image_transport/test_results/theora_image_transport/cpplint_rosidl_typesupport_introspection_cpp.xunit.xml" "--package-name" "theora_image_transport" "--output-file" "/home/shengbin/camera_ws/build/theora_image_transport/ament_cpplint/cpplint_rosidl_typesupport_introspection_cpp.txt" "--command" "/opt/ros/humble/bin/ament_cpplint" "--xunit-file" "/home/shengbin/camera_ws/build/theora_image_transport/test_results/theora_image_transport/cpplint_rosidl_typesupport_introspection_cpp.xunit.xml" "--linelength" "999" "--root" "/home/shengbin/camera_ws/build/theora_image_transport/rosidl_typesupport_introspection_cpp" "/home/shengbin/camera_ws/build/theora_image_transport/rosidl_typesupport_introspection_cpp/theora_image_transport"</Value>
				</NamedMeasurement>
				<NamedMeasurement type="text/string" name="Environment">
					<Value>#CTEST_RESOURCE_GROUP_COUNT=</Value>
				</NamedMeasurement>
				<Measurement>
					<Value>-- run_test.py: invoking following command in '/home/shengbin/camera_ws/src/image_transport_plugins/theora_image_transport':
 - /opt/ros/humble/bin/ament_cpplint --xunit-file /home/shengbin/camera_ws/build/theora_image_transport/test_results/theora_image_transport/cpplint_rosidl_typesupport_introspection_cpp.xunit.xml --linelength 999 --root /home/shengbin/camera_ws/build/theora_image_transport/rosidl_typesupport_introspection_cpp /home/shengbin/camera_ws/build/theora_image_transport/rosidl_typesupport_introspection_cpp/theora_image_transport
Using '--root=/home/shengbin/camera_ws/build/theora_image_transport/rosidl_typesupport_introspection_cpp' argument

Done processing /home/shengbin/camera_ws/build/theora_image_transport/rosidl_typesupport_introspection_cpp/theora_image_transport/msg/detail/packet__rosidl_typesupport_introspection_cpp.hpp

Done processing /home/shengbin/camera_ws/build/theora_image_transport/rosidl_typesupport_introspection_cpp/theora_image_transport/msg/detail/packet__type_support.cpp

No problems found
-- run_test.py: return code 0
-- run_test.py: verify result file '/home/shengbin/camera_ws/build/theora_image_transport/test_results/theora_image_transport/cpplint_rosidl_typesupport_introspection_cpp.xunit.xml'
</Value>
				</Measurement>
			</Results>
			<Labels>
				<Label>cpplint</Label>
				<Label>linter</Label>
			</Labels>
		</Test>
		<Test Status="passed">
			<Name>uncrustify_rosidl_typesupport_introspection_cpp</Name>
			<Path>.</Path>
			<FullName>./uncrustify_rosidl_typesupport_introspection_cpp</FullName>
			<FullCommandLine>/usr/bin/python3.10 "-u" "/opt/ros/humble/share/ament_cmake_test/cmake/run_test.py" "/home/shengbin/camera_ws/build/theora_image_transport/test_results/theora_image_transport/uncrustify_rosidl_typesupport_introspection_cpp.xunit.xml" "--package-name" "theora_image_transport" "--output-file" "/home/shengbin/camera_ws/build/theora_image_transport/ament_uncrustify/uncrustify_rosidl_typesupport_introspection_cpp.txt" "--command" "/opt/ros/humble/bin/ament_uncrustify" "--xunit-file" "/home/shengbin/camera_ws/build/theora_image_transport/test_results/theora_image_transport/uncrustify_rosidl_typesupport_introspection_cpp.xunit.xml" "--linelength" "0" "/home/shengbin/camera_ws/build/theora_image_transport/rosidl_typesupport_introspection_cpp/theora_image_transport"</FullCommandLine>
			<Results>
				<NamedMeasurement type="numeric/double" name="Execution Time">
					<Value>0.109942</Value>
				</NamedMeasurement>
				<NamedMeasurement type="numeric/double" name="Processors">
					<Value>1</Value>
				</NamedMeasurement>
				<NamedMeasurement type="text/string" name="Completion Status">
					<Value>Completed</Value>
				</NamedMeasurement>
				<NamedMeasurement type="text/string" name="Command Line">
					<Value>/usr/bin/python3.10 "-u" "/opt/ros/humble/share/ament_cmake_test/cmake/run_test.py" "/home/shengbin/camera_ws/build/theora_image_transport/test_results/theora_image_transport/uncrustify_rosidl_typesupport_introspection_cpp.xunit.xml" "--package-name" "theora_image_transport" "--output-file" "/home/shengbin/camera_ws/build/theora_image_transport/ament_uncrustify/uncrustify_rosidl_typesupport_introspection_cpp.txt" "--command" "/opt/ros/humble/bin/ament_uncrustify" "--xunit-file" "/home/shengbin/camera_ws/build/theora_image_transport/test_results/theora_image_transport/uncrustify_rosidl_typesupport_introspection_cpp.xunit.xml" "--linelength" "0" "/home/shengbin/camera_ws/build/theora_image_transport/rosidl_typesupport_introspection_cpp/theora_image_transport"</Value>
				</NamedMeasurement>
				<NamedMeasurement type="text/string" name="Environment">
					<Value>#CTEST_RESOURCE_GROUP_COUNT=</Value>
				</NamedMeasurement>
				<Measurement>
					<Value>-- run_test.py: invoking following command in '/home/shengbin/camera_ws/src/image_transport_plugins/theora_image_transport':
 - /opt/ros/humble/bin/ament_uncrustify --xunit-file /home/shengbin/camera_ws/build/theora_image_transport/test_results/theora_image_transport/uncrustify_rosidl_typesupport_introspection_cpp.xunit.xml --linelength 0 /home/shengbin/camera_ws/build/theora_image_transport/rosidl_typesupport_introspection_cpp/theora_image_transport
No code style divergence in file '/home/shengbin/camera_ws/build/theora_image_transport/rosidl_typesupport_introspection_cpp/theora_image_transport/msg/detail/packet__rosidl_typesupport_introspection_cpp.hpp'

[...]
			<Results>
				<NamedMeasurement type="numeric/double" name="Execution Time">
					<Value>0.109325</Value>
				</NamedMeasurement>
				<NamedMeasurement type="numeric/double" name="Processors">
					<Value>1</Value>
				</NamedMeasurement>
				<NamedMeasurement type="text/string" name="Completion Status">
					<Value>Completed</Value>
				</NamedMeasurement>
				<NamedMeasurement type="text/string" name="Command Line">
					<Value>/usr/bin/python3.10 "-u" "/opt/ros/humble/share/ament_cmake_test/cmake/run_test.py" "/home/shengbin/camera_ws/build/theora_image_transport/test_results/theora_image_transport/uncrustify_rosidl_typesupport_cpp.xunit.xml" "--package-name" "theora_image_transport" "--output-file" "/home/shengbin/camera_ws/build/theora_image_transport/ament_uncrustify/uncrustify_rosidl_typesupport_cpp.txt" "--command" "/opt/ros/humble/bin/ament_uncrustify" "--xunit-file" "/home/shengbin/camera_ws/build/theora_image_transport/test_results/theora_image_transport/uncrustify_rosidl_typesupport_cpp.xunit.xml" "--linelength" "0" "/home/shengbin/camera_ws/build/theora_image_transport/rosidl_typesupport_cpp/theora_image_transport"</Value>
				</NamedMeasurement>
				<NamedMeasurement type="text/string" name="Environment">
					<Value>#CTEST_RESOURCE_GROUP_COUNT=</Value>
				</NamedMeasurement>
				<Measurement>
					<Value>-- run_test.py: invoking following command in '/home/shengbin/camera_ws/src/image_transport_plugins/theora_image_transport':
 - /opt/ros/humble/bin/ament_uncrustify --xunit-file /home/shengbin/camera_ws/build/theora_image_transport/test_results/theora_image_transport/uncrustify_rosidl_typesupport_cpp.xunit.xml --linelength 0 /home/shengbin/camera_ws/build/theora_image_transport/rosidl_typesupport_cpp/theora_image_transport
No code style divergence in file '/home/shengbin/camera_ws/build/theora_image_transport/rosidl_typesupport_cpp/theora_image_transport/msg/packet__type_support.cpp'

No problems found
-- run_test.py: return code 0
-- run_test.py: verify result file '/home/shengbin/camera_ws/build/theora_image_transport/test_results/theora_image_transport/uncrustify_rosidl_typesupport_cpp.xunit.xml'
</Value>
				</Measurement>
			</Results>
			<Labels>
				<Label>linter</Label>
				<Label>uncrustify</Label>
			</Labels>
		</Test>
		<Test Status="passed">
			<Name>cppcheck_rosidl_generated_py</Name>
			<Path>.</Path>
			<FullName>./cppcheck_rosidl_generated_py</FullName>
			<FullCommandLine>/usr/bin/python3.10 "-u" "/opt/ros/humble/share/ament_cmake_test/cmake/run_test.py" "/home/shengbin/camera_ws/build/theora_image_transport/test_results/theora_image_transport/cppcheck_rosidl_generated_py.xunit.xml" "--package-name" "theora_image_transport" "--output-file" "/home/shengbin/camera_ws/build/theora_image_transport/ament_cppcheck/cppcheck_rosidl_generated_py.txt" "--command" "/opt/ros/humble/bin/ament_cppcheck" "--xunit-file" "/home/shengbin/camera_ws/build/theora_image_transport/test_results/theora_image_transport/cppcheck_rosidl_generated_py.xunit.xml" "/home/shengbin/camera_ws/build/theora_image_transport/rosidl_generator_py/theora_image_transport"</FullCommandLine>
			<Results>
				<NamedMeasurement type="numeric/double" name="Execution Time">
					<Value>0.11032</Value>
				</NamedMeasurement>
				<NamedMeasurement type="numeric/double" name="Processors">
					<Value>1</Value>
				</NamedMeasurement>
				<NamedMeasurement type="text/string" name="Completion Status">
					<Value>Completed</Value>
				</NamedMeasurement>
				<NamedMeasurement type="text/string" name="Command Line">
					<Value>/usr/bin/python3.10 "-u" "/opt/ros/humble/share/ament_cmake_test/cmake/run_test.py" "/home/shengbin/camera_ws/build/theora_image_transport/test_results/theora_image_transport/cppcheck_rosidl_generated_py.xunit.xml" "--package-name" "theora_image_transport" "--output-file" "/home/shengbin/camera_ws/build/theora_image_transport/ament_cppcheck/cppcheck_rosidl_generated_py.txt" "--command" "/opt/ros/humble/bin/ament_cppcheck" "--xunit-file" "/home/shengbin/camera_ws/build/theora_image_transport/test_results/theora_image_transport/cppcheck_rosidl_generated_py.xunit.xml" "/home/shengbin/camera_ws/build/theora_image_transport/rosidl_generator_py/theora_image_transport"</Value>
				</NamedMeasurement>
				<NamedMeasurement type="text/string" name="Environment">
					<Value>#CTEST_RESOURCE_GROUP_COUNT=</Value>
				</NamedMeasurement>
				<Measurement>
					<Value>-- run_test.py: invoking following command in '/home/shengbin/camera_ws/src/image_transport_plugins/theora_image_transport':
 - /opt/ros/humble/bin/ament_cppcheck --xunit-file /home/shengbin/camera_ws/build/theora_image_transport/test_results/theora_image_transport/cppcheck_rosidl_generated_py.xunit.xml /home/shengbin/camera_ws/build/theora_image_transport/rosidl_generator_py/theora_image_transport
cppcheck 2.7 has known performance issues and therefore will not be used, set the AMENT_CPPCHECK_ALLOW_SLOW_VERSIONS environment variable to override this.
-- run_test.py: return code 0
-- run_test.py: verify result file '/home/shengbin/camera_ws/build/theora_image_transport/test_results/theora_image_transport/cppcheck_rosidl_generated_py.xunit.xml'
</Value>
				</Measurement>
			</Results>
			<Labels>
				<Label>cppcheck</Label>
				<Label>linter</Label>
			</Labels>
		</Test>
		<Test Status="passed">
			<Name>cpplint_rosidl_generated_py</Name>
			<Path>.</Path>
			<FullName>./cpplint_rosidl_generated_py</FullName>
			<FullCommandLine>/usr/bin/python3.10 "-u" "/opt/ros/humble/share/ament_cmake_test/cmake/run_test.py" "/home/shengbin/camera_ws/build/theora_image_transport/test_results/theora_image_transport/cpplint_rosidl_generated_py.xunit.xml" "--package-name" "theora_image_transport" "--output-file" "/home/shengbin/camera_ws/build/theora_image_transport/ament_cpplint/cpplint_rosidl_generated_py.txt" "--command" "/opt/ros/humble/bin/ament_cpplint" "--xunit-file" "/home/shengbin/camera_ws/build/theora_image_transport/test_results/theora_image_transport/cpplint_rosidl_generated_py.xunit.xml" "--filters=-readability/fn_size" "--linelength" "999" "--root" "/home/shengbin/camera_ws/build/theora_image_transport/rosidl_generator_py" "/home/shengbin/camera_ws/build/theora_image_transport/rosidl_generator_py/theora_image_transport"</FullCommandLine>
			<Results>
				<NamedMeasurement type="numeric/double" name="Execution Time">
					<Value>0.208172</Value>
				</NamedMeasurement>
				<NamedMeasurement type="numeric/double" name="Processors">
					<Value>1</Value>
				</NamedMeasurement>
				<NamedMeasurement type="text/string" name="Completion Status">
					<Value>Completed</Value>
				</NamedMeasurement>
				<NamedMeasurement type="text/string" name="Command Line">
					<Value>/usr/bin/python3.10 "-u" "/opt/ros/humble/share/ament_cmake_test/cmake/run_test.py" "/home/shengbin/camera_ws/build/theora_image_transport/test_results/theora_image_transport/cpplint_rosidl_generated_py.xunit.xml" "--package-name" "theora_image_transport" "--output-file" "/home/shengbin/camera_ws/build/theora_image_transport/ament_cpplint/cpplint_rosidl_generated_py.txt" "--command" "/opt/ros/humble/bin/ament_cpplint" "--xunit-file" "/home/shengbin/camera_ws/build/theora_image_transport/test_results/theora_image_transport/cpplint_rosidl_generated_py.xunit.xml" "--filters=-readability/fn_size" "--linelength" "999" "--root" "/home/shengbin/camera_ws/build/theora_image_transport/rosidl_generator_py" "/home/shengbin/camera_ws/build/theora_image_transport/rosidl_generator_py/theora_image_transport"</Value>
				</NamedMeasurement>
				<NamedMeasurement type="text/string" name="Environment">
					<Value>#CTEST_RESOURCE_GROUP_COUNT=</Value>
				</NamedMeasurement>
				<Measurement>
					<Value>-- run_test.py: invoking following command in '/home/shengbin/camera_ws/src/image_transport_plugins/theora_image_transport':
 - /opt/ros/humble/bin/ament_cpplint --xunit-file /home/shengbin/camera_ws/build/theora_image_transport/test_results/theora_image_transport/cpplint_rosidl_generated_py.xunit.xml --filters=-readability/fn_size --linelength 999 --root /home/shengbin/camera_ws/build/theora_image_transport/rosidl_generator_py /home/shengbin/camera_ws/build/theora_image_transport/rosidl_generator_py/theora_image_transport
Using '--root=/home/shengbin/camera_ws/build/theora_image_transport/rosidl_generator_py' argument

Done processing /home/shengbin/camera_ws/build/theora_image_transport/rosidl_generator_py/theora_image_transport/_theora_image_transport_s.ep.rosidl_typesupport_c.c

Done processing /home/shengbin/camera_ws/build/theora_image_transport/rosidl_generator_py/theora_image_transport/_theora_image_transport_s.ep.rosidl_typesupport_fastrtps_c.c

Done processing /home/shengbin/camera_ws/build/theora_image_transport/rosidl_generator_py/theora_image_transport/_theora_image_transport_s.ep.rosidl_typesupport_introspection_c.c

Done processing /home/shengbin/camera_ws/build/theora_image_transport/rosidl_generator_py/theora_image_transport/msg/_packet_s.c

No problems found
-- run_test.py: return code 0
-- run_test.py: verify result file '/home/shengbin/camera_ws/build/theora_image_transport/test_results/theora_image_transport/cpplint_rosidl_generated_py.xunit.xml'
</Value>
				</Measurement>
			</Results>
			<Labels>
				<Label>cpplint</Label>
				<Label>linter</Label>
			</Labels>
		</Test>
		<Test Status="passed">
			<Name>flake8_rosidl_generated_py</Name>
			<Path>.</Path>
			<FullName>./flake8_rosidl_generated_py</FullName>
			<FullCommandLine>/usr/bin/python3.10 "-u" "/opt/ros/humble/share/ament_cmake_test/cmake/run_test.py" "/home/shengbin/camera_ws/build/theora_image_transport/test_results/theora_image_transport/flake8_rosidl_generated_py.xunit.xml" "--package-name" "theora_image_transport" "--output-file" "/home/shengbin/camera_ws/build/theora_image_transport/ament_flake8/flake8_rosidl_generated_py.txt" "--command" "/opt/ros/humble/bin/ament_flake8" "--xunit-file" "/home/shengbin/camera_ws/build/theora_image_transport/test_results/theora_image_transport/flake8_rosidl_generated_py.xunit.xml" "--linelength" "999" "/home/shengbin/camera_ws/build/theora_image_transport/rosidl_generator_py/theora_image_transport"</FullCommandLine>
			<Results>
				<NamedMeasurement type="numeric/double" name="Execution Time">
					<Value>0.20795</Value>
				</NamedMeasurement>
				<NamedMeasurement type="numeric/double" name="Processors">
					<Value>1</Value>
				</NamedMeasurement>
				<NamedMeasurement type="text/string" name="Completion Status">
					<Value>Completed</Value>
				</NamedMeasurement>
				<NamedMeasurement type="text/string" name="Command Line">
					<Value>/usr/bin/python3.10 "-u" "/opt/ros/humble/share/ament_cmake_test/cmake/run_test.py" "/home/shengbin/camera_ws/build/theora_image_transport/test_results/theora_image_transport/flake8_rosidl_generated_py.xunit.xml" "--package-name" "theora_image_transport" "--output-file" "/home/shengbin/camera_ws/build/theora_image_transport/ament_flake8/flake8_rosidl_generated_py.txt" "--command" "/opt/ros/humble/bin/ament_flake8" "--xunit-file" "/home/shengbin/camera_ws/build/theora_image_transport/test_results/theora_image_transport/flake8_rosidl_generated_py.xunit.xml" "--linelength" "999" "/home/shengbin/camera_ws/build/theora_image_transport/rosidl_generator_py/theora_image_transport"</Value>
				</NamedMeasurement>
				<NamedMeasurement type="text/string" name="Environment">
					<Value>#CTEST_RESOURCE_GROUP_COUNT=</Value>
				</NamedMeasurement>
				<Measurement>
					<Value>-- run_test.py: invoking following command in '/home/shengbin/camera_ws/src/image_transport_plugins/theora_image_transport':
 - /opt/ros/humble/bin/ament_flake8 --xunit-file /home/shengbin/camera_ws/build/theora_image_transport/test_results/theora_image_transport/flake8_rosidl_generated_py.xunit.xml --linelength 999 /home/shengbin/camera_ws/build/theora_image_transport/rosidl_generator_py/theora_image_transport

3 files checked
No problems found

Checked files:

* /home/shengbin/camera_ws/build/theora_image_transport/rosidl_generator_py/theora_image_transport/__init__.py
* /home/shengbin/camera_ws/build/theora_image_transport/rosidl_generator_py/theora_image_transport/msg/_packet.py
* /home/shengbin/camera_ws/build/theora_image_transport/rosidl_generator_py/theora_image_transport/msg/__init__.py
-- run_test.py: return code 0
-- run_test.py: verify result file '/home/shengbin/camera_ws/build/theora_image_transport/test_results/theora_image_transport/flake8_rosidl_generated_py.xunit.xml'
</Value>
				</Measurement>
			</Results>
			<Labels>
				<Label>flake8</Label>
				<Label>linter</Label>
			</Labels>
		</Test>
		<Test Status="passed">
			<Name>pep257_rosidl_generated_py</Name>
			<Path>.</Path>
			<FullName>./pep257_rosidl_generated_py</FullName>
			<FullCommandLine>/usr/bin/python3.10 "-u" "/opt/ros/humble/share/ament_cmake_test/cmake/run_test.py" "/home/shengbin/camera_ws/build/theora_image_transport/test_results/theora_image_transport/pep257_rosidl_generated_py.xunit.xml" "--package-name" "theora_image_transport" "--output-file" "/home/shengbin/camera_ws/build/theora_image_transport/ament_pep257/pep257_rosidl_generated_py.txt" "--command" "/opt/ros/humble/bin/ament_pep257" "--xunit-file" "/home/shengbin/camera_ws/build/theora_image_transport/test_results/theora_image_transport/pep257_rosidl_generated_py.xunit.xml" "/home/shengbin/camera_ws/build/theora_image_transport/rosidl_generator_py/theora_image_transport"</FullCommandLine>
			<Results>
				<NamedMeasurement type="numeric/double" name="Execution Time">
					<Value>0.139405</Value>
				</NamedMeasurement>
				<NamedMeasurement type="numeric/double" name="Processors">
					<Value>1</Value>
				</NamedMeasurement>
				<NamedMeasurement type="text/string" name="Completion Status">
					<Value>Completed</Value>
				</NamedMeasurement>
				<NamedMeasurement type="text/string" name="Command Line">
					<Value>/usr/bin/python3.10 "-u" "/opt/ros/humble/share/ament_cmake_test/cmake/run_test.py" "/home/shengbin/camera_ws/build/theora_image_transport/test_results/theora_image_transport/pep257_rosidl_generated_py.xunit.xml" "--package-name" "theora_image_transport" "--output-file" "/home/shengbin/camera_ws/build/theora_image_transport/ament_pep257/pep257_rosidl_generated_py.txt" "--command" "/opt/ros/humble/bin/ament_pep257" "--xunit-file" "/home/shengbin/camera_ws/build/theora_image_transport/test_results/theora_image_transport/pep257_rosidl_generated_py.xunit.xml" "/home/shengbin/camera_ws/build/theora_image_transport/rosidl_generator_py/theora_image_transport"</Value>
				</NamedMeasurement>
				<NamedMeasurement type="text/string" name="Environment">
					<Value>#CTEST_RESOURCE_GROUP_COUNT=</Value>
				</NamedMeasurement>
				<Measurement>
					<Value>-- run_test.py: invoking following command in '/home/shengbin/camera_ws/src/image_transport_plugins/theora_image_transport':
 - /opt/ros/humble/bin/ament_pep257 --xunit-file /home/shengbin/camera_ws/build/theora_image_transport/test_results/theora_image_transport/pep257_rosidl_generated_py.xunit.xml /home/shengbin/camera_ws/build/theora_image_transport/rosidl_generator_py/theora_image_transport
checking /home/shengbin/camera_ws/build/theora_image_transport/rosidl_generator_py/theora_image_transport/__init__.py
checking /home/shengbin/camera_ws/build/theora_image_transport/rosidl_generator_py/theora_image_transport/msg/__init__.py
checking /home/shengbin/camera_ws/build/theora_image_transport/rosidl_generator_py/theora_image_transport/msg/_packet.py
No problems found
-- run_test.py: return code 0
-- run_test.py: verify result file '/home/shengbin/camera_ws/build/theora_image_transport/test_results/theora_image_transport/pep257_rosidl_generated_py.xunit.xml'
</Value>
				</Measurement>
			</Results>
			<Labels>
				<Label>linter</Label>
				<Label>pep257</Label>
			</Labels>
		</Test>
		<Test Status="passed">
			<Name>uncrustify_rosidl_generated_py</Name>
			<Path>.</Path>
			<FullName>./uncrustify_rosidl_generated_py</FullName>
			<FullCommandLine>/usr/bin/python3.10 "-u" "/opt/ros/humble/share/ament_cmake_test/cmake/run_test.py" "/home/shengbin/camera_ws/build/theora_image_transport/test_results/theora_image_transport/uncrustify_rosidl_generated_py.xunit.xml" "--package-name" "theora_image_transport" "--output-file" "/home/shengbin/camera_ws/build/theora_image_transport/ament_uncrustify/uncrustify_rosidl_generated_py.txt" "--command" "/opt/ros/humble/bin/ament_uncrustify" "--xunit-file" "/home/shengbin/camera_ws/build/theora_image_transport/test_results/theora_image_transport/uncrustify_rosidl_generated_py.xunit.xml" "--linelength" "0" "/home/shengbin/camera_ws/build/theora_image_transport/rosidl_generator_py/theora_image_transport"</FullCommandLine>
			<Results>
				<NamedMeasurement type="numeric/double" name="Execution Time">
					<Value>0.119285</Value>
				</NamedMeasurement>
				<NamedMeasurement type="numeric/double" name="Processors">
					<Value>1</Value>
				</NamedMeasurement>
				<NamedMeasurement type="text/string" name="Completion Status">
					<Value>Completed</Value>
				</NamedMeasurement>
				<NamedMeasurement type="text/string" name="Command Line">
					<Value>/usr/bin/python3.10 "-u" "/opt/ros/humble/share/ament_cmake_test/cmake/run_test.py" "/home/shengbin/camera_ws/build/theora_image_transport/test_results/theora_image_transport/uncrustify_rosidl_generated_py.xunit.xml" "--package-name" "theora_image_transport" "--output-file" "/home/shengbin/camera_ws/build/theora_image_transport/ament_uncrustify/uncrustify_rosidl_generated_py.txt" "--command" "/opt/ros/humble/bin/ament_uncrustify" "--xunit-file" "/home/shengbin/camera_ws/build/theora_image_transport/test_results/theora_image_transport/uncrustify_rosidl_generated_py.xunit.xml" "--linelength" "0" "/home/shengbin/camera_ws/build/theora_image_transport/rosidl_generator_py/theora_image_transport"</Value>
				</NamedMeasurement>
				<NamedMeasurement type="text/string" name="Environment">
					<Value>#CTEST_RESOURCE_GROUP_COUNT=</Value>
				</NamedMeasurement>
				<Measurement>
					<Value>-- run_test.py: invoking following command in '/home/shengbin/camera_ws/src/image_transport_plugins/theora_image_transport':
 - /opt/ros/humble/bin/ament_uncrustify --xunit-file /home/shengbin/camera_ws/build/theora_image_transport/test_results/theora_image_transport/uncrustify_rosidl_generated_py.xunit.xml --linelength 0 /home/shengbin/camera_ws/build/theora_image_transport/rosidl_generator_py/theora_image_transport
No code style divergence in file '/home/shengbin/camera_ws/build/theora_image_transport/rosidl_generator_py/theora_image_transport/_theora_image_transport_s.ep.rosidl_typesupport_c.c'

No code style divergence in file '/home/shengbin/camera_ws/build/theora_image_transport/rosidl_generator_py/theora_image_transport/_theora_image_transport_s.ep.rosidl_typesupport_fastrtps_c.c'

No code style divergence in file '/home/shengbin/camera_ws/build/theora_image_transport/rosidl_generator_py/theora_image_transport/_theora_image_transport_s.ep.rosidl_typesupport_introspection_c.c'

No code style divergence in file '/home/shengbin/camera_ws/build/theora_image_transport/rosidl_generator_py/theora_image_transport/msg/_packet_s.c'

No problems found
-- run_test.py: return code 0
-- run_test.py: verify result file '/home/shengbin/camera_ws/build/theora_image_transport/test_results/theora_image_transport/uncrustify_rosidl_generated_py.xunit.xml'
</Value>
				</Measurement>
			</Results>
			<Labels>
				<Label>linter</Label>
				<Label>uncrustify</Label>
			</Labels>
		</Test>
		<EndDateTime>Oct 13 19:52 +08</EndDateTime>
		<EndTestTime>1697197975</EndTestTime>
		<ElapsedMinutes>0</ElapsedMinutes>
	</Testing>
</Site>
