Start testing: Oct 13 19:52 +08
----------------------------------------------------------
1/5 Testing: cppcheck
1/5 Test: cppcheck
Command: "/usr/bin/python3.10" "-u" "/opt/ros/humble/share/ament_cmake_test/cmake/run_test.py" "/home/shengbin/camera_ws/build/v4l2_camera/test_results/v4l2_camera/cppcheck.xunit.xml" "--package-name" "v4l2_camera" "--output-file" "/home/shengbin/camera_ws/build/v4l2_camera/ament_cppcheck/cppcheck.txt" "--command" "/opt/ros/humble/bin/ament_cppcheck" "--xunit-file" "/home/shengbin/camera_ws/build/v4l2_camera/test_results/v4l2_camera/cppcheck.xunit.xml" "--include_dirs" "/home/shengbin/camera_ws/src/ros2_v4l2_camera/include"
Directory: /home/shengbin/camera_ws/src/ros2_v4l2_camera
"cppcheck" start time: Oct 13 19:52 +08
Output:
----------------------------------------------------------
-- run_test.py: invoking following command in '/home/shengbin/camera_ws/src/ros2_v4l2_camera':
 - /opt/ros/humble/bin/ament_cppcheck --xunit-file /home/shengbin/camera_ws/build/v4l2_camera/test_results/v4l2_camera/cppcheck.xunit.xml --include_dirs /home/shengbin/camera_ws/src/ros2_v4l2_camera/include
cppcheck 2.7 has known performance issues and therefore will not be used, set the AMENT_CPPCHECK_ALLOW_SLOW_VERSIONS environment variable to override this.
-- run_test.py: return code 0
-- run_test.py: verify result file '/home/shengbin/camera_ws/build/v4l2_camera/test_results/v4l2_camera/cppcheck.xunit.xml'
<end of output>
Test time =   0.11 sec
----------------------------------------------------------
Test Passed.
"cppcheck" end time: Oct 13 19:52 +08
"cppcheck" time elapsed: 00:00:00
----------------------------------------------------------

2/5 Testing: cpplint
2/5 Test: cpplint
Command: "/usr/bin/python3.10" "-u" "/opt/ros/humble/share/ament_cmake_test/cmake/run_test.py" "/home/shengbin/camera_ws/build/v4l2_camera/test_results/v4l2_camera/cpplint.xunit.xml" "--package-name" "v4l2_camera" "--output-file" "/home/shengbin/camera_ws/build/v4l2_camera/ament_cpplint/cpplint.txt" "--command" "/opt/ros/humble/bin/ament_cpplint" "--xunit-file" "/home/shengbin/camera_ws/build/v4l2_camera/test_results/v4l2_camera/cpplint.xunit.xml"
Directory: /home/shengbin/camera_ws/src/ros2_v4l2_camera
"cpplint" start time: Oct 13 19:52 +08
Output:
----------------------------------------------------------
-- run_test.py: invoking following command in '/home/shengbin/camera_ws/src/ros2_v4l2_camera':
 - /opt/ros/humble/bin/ament_cpplint --xunit-file /home/shengbin/camera_ws/build/v4l2_camera/test_results/v4l2_camera/cpplint.xunit.xml
Using '--root=/home/shengbin/camera_ws/src/ros2_v4l2_camera/include' argument

Done processing /home/shengbin/camera_ws/src/ros2_v4l2_camera/include/v4l2_camera/control.hpp

Done processing /home/shengbin/camera_ws/src/ros2_v4l2_camera/include/v4l2_camera/fourcc.hpp

Done processing /home/shengbin/camera_ws/src/ros2_v4l2_camera/include/v4l2_camera/image_format.hpp

Done processing /home/shengbin/camera_ws/src/ros2_v4l2_camera/include/v4l2_camera/parameters.hpp

Done processing /home/shengbin/camera_ws/src/ros2_v4l2_camera/include/v4l2_camera/pixel_format.hpp

Done processing /home/shengbin/camera_ws/src/ros2_v4l2_camera/include/v4l2_camera/v4l2_camera.hpp

Done processing /home/shengbin/camera_ws/src/ros2_v4l2_camera/include/v4l2_camera/v4l2_camera_device.hpp

Done processing /home/shengbin/camera_ws/src/ros2_v4l2_camera/include/v4l2_camera/visibility_control.h

Using '--root=/home/shengbin/camera_ws/src/ros2_v4l2_camera/src' argument

Done processing /home/shengbin/camera_ws/src/ros2_v4l2_camera/src/parameters.cpp

Done processing /home/shengbin/camera_ws/src/ros2_v4l2_camera/src/v4l2_camera.cpp

Done processing /home/shengbin/camera_ws/src/ros2_v4l2_camera/src/v4l2_camera_compose_test.cpp

Done processing /home/shengbin/camera_ws/src/ros2_v4l2_camera/src/v4l2_camera_device.cpp

Done processing /home/shengbin/camera_ws/src/ros2_v4l2_camera/src/v4l2_camera_node.cpp

No problems found
-- run_test.py: return code 0
-- run_test.py: verify result file '/home/shengbin/camera_ws/build/v4l2_camera/test_results/v4l2_camera/cpplint.xunit.xml'
<end of output>
Test time =   0.33 sec
----------------------------------------------------------
Test Passed.
"cpplint" end time: Oct 13 19:52 +08
"cpplint" time elapsed: 00:00:00
----------------------------------------------------------

3/5 Testing: lint_cmake
3/5 Test: lint_cmake
Command: "/usr/bin/python3.10" "-u" "/opt/ros/humble/share/ament_cmake_test/cmake/run_test.py" "/home/shengbin/camera_ws/build/v4l2_camera/test_results/v4l2_camera/lint_cmake.xunit.xml" "--package-name" "v4l2_camera" "--output-file" "/home/shengbin/camera_ws/build/v4l2_camera/ament_lint_cmake/lint_cmake.txt" "--command" "/opt/ros/humble/bin/ament_lint_cmake" "--xunit-file" "/home/shengbin/camera_ws/build/v4l2_camera/test_results/v4l2_camera/lint_cmake.xunit.xml"
Directory: /home/shengbin/camera_ws/src/ros2_v4l2_camera
"lint_cmake" start time: Oct 13 19:52 +08
Output:
----------------------------------------------------------
-- run_test.py: invoking following command in '/home/shengbin/camera_ws/src/ros2_v4l2_camera':
 - /opt/ros/humble/bin/ament_lint_cmake --xunit-file /home/shengbin/camera_ws/build/v4l2_camera/test_results/v4l2_camera/lint_cmake.xunit.xml

No problems found
-- run_test.py: return code 0
-- run_test.py: verify result file '/home/shengbin/camera_ws/build/v4l2_camera/test_results/v4l2_camera/lint_cmake.xunit.xml'
<end of output>
Test time =   0.10 sec
----------------------------------------------------------
Test Passed.
"lint_cmake" end time: Oct 13 19:52 +08
"lint_cmake" time elapsed: 00:00:00
----------------------------------------------------------

4/5 Testing: uncrustify
4/5 Test: uncrustify
Command: "/usr/bin/python3.10" "-u" "/opt/ros/humble/share/ament_cmake_test/cmake/run_test.py" "/home/shengbin/camera_ws/build/v4l2_camera/test_results/v4l2_camera/uncrustify.xunit.xml" "--package-name" "v4l2_camera" "--output-file" "/home/shengbin/camera_ws/build/v4l2_camera/ament_uncrustify/uncrustify.txt" "--command" "/opt/ros/humble/bin/ament_uncrustify" "--xunit-file" "/home/shengbin/camera_ws/build/v4l2_camera/test_results/v4l2_camera/uncrustify.xunit.xml"
Directory: /home/shengbin/camera_ws/src/ros2_v4l2_camera
"uncrustify" start time: Oct 13 19:52 +08
Output:
----------------------------------------------------------
-- run_test.py: invoking following command in '/home/shengbin/camera_ws/src/ros2_v4l2_camera':
 - /opt/ros/humble/bin/ament_uncrustify --xunit-file /home/shengbin/camera_ws/build/v4l2_camera/test_results/v4l2_camera/uncrustify.xunit.xml
No code style divergence in file 'include/v4l2_camera/control.hpp'

No code style divergence in file 'include/v4l2_camera/fourcc.hpp'

No code style divergence in file 'include/v4l2_camera/image_format.hpp'

No code style divergence in file 'include/v4l2_camera/parameters.hpp'

No code style divergence in file 'include/v4l2_camera/pixel_format.hpp'

No code style divergence in file 'include/v4l2_camera/v4l2_camera.hpp'

No code style divergence in file 'include/v4l2_camera/v4l2_camera_device.hpp'

No code style divergence in file 'include/v4l2_camera/visibility_control.h'

No code style divergence in file 'src/parameters.cpp'

No code style divergence in file 'src/v4l2_camera.cpp'

No code style divergence in file 'src/v4l2_camera_compose_test.cpp'

No code style divergence in file 'src/v4l2_camera_device.cpp'

No code style divergence in file 'src/v4l2_camera_node.cpp'

No problems found
-- run_test.py: return code 0
-- run_test.py: verify result file '/home/shengbin/camera_ws/build/v4l2_camera/test_results/v4l2_camera/uncrustify.xunit.xml'
<end of output>
Test time =   0.13 sec
----------------------------------------------------------
Test Passed.
"uncrustify" end time: Oct 13 19:52 +08
"uncrustify" time elapsed: 00:00:00
----------------------------------------------------------

5/5 Testing: xmllint
5/5 Test: xmllint
Command: "/usr/bin/python3.10" "-u" "/opt/ros/humble/share/ament_cmake_test/cmake/run_test.py" "/home/shengbin/camera_ws/build/v4l2_camera/test_results/v4l2_camera/xmllint.xunit.xml" "--package-name" "v4l2_camera" "--output-file" "/home/shengbin/camera_ws/build/v4l2_camera/ament_xmllint/xmllint.txt" "--command" "/opt/ros/humble/bin/ament_xmllint" "--xunit-file" "/home/shengbin/camera_ws/build/v4l2_camera/test_results/v4l2_camera/xmllint.xunit.xml"
Directory: /home/shengbin/camera_ws/src/ros2_v4l2_camera
"xmllint" start time: Oct 13 19:52 +08
Output:
----------------------------------------------------------
-- run_test.py: invoking following command in '/home/shengbin/camera_ws/src/ros2_v4l2_camera':
 - /opt/ros/humble/bin/ament_xmllint --xunit-file /home/shengbin/camera_ws/build/v4l2_camera/test_results/v4l2_camera/xmllint.xunit.xml
File 'package.xml' is valid

No problems found
-- run_test.py: return code 0
-- run_test.py: verify result file '/home/shengbin/camera_ws/build/v4l2_camera/test_results/v4l2_camera/xmllint.xunit.xml'
<end of output>
Test time =   0.51 sec
----------------------------------------------------------
Test Passed.
"xmllint" end time: Oct 13 19:52 +08
"xmllint" time elapsed: 00:00:00
----------------------------------------------------------

End testing: Oct 13 19:52 +08

cppcheck =   0.11 sec*proc

cpplint =   0.33 sec*proc

lint_cmake =   0.10 sec*proc

linter =   1.18 sec*proc

uncrustify =   0.13 sec*proc

xmllint =   0.51 sec*proc

